SUMMARY OF C0NVERGENCE INFORMATION
  STEP   INC  ATT   ITER     CONT.   RESID.        CORR.      RESID.      CORR.
                              EL.    FORCE         DISP       FLUX        TEMP.
                              (#)     (%)           (%)        (%)         (%)
     1     1     1     1        0  0.0000E+00  0.1000E+03  0.0000E+00  0.0000E+00
     1     1     1     2        0  0.0000E+00  0.4138E-06  0.0000E+00  0.0000E+00
     1     2     1     1        0  0.0000E+00  0.9477E-10  0.0000E+00  0.0000E+00
     1     2     1     2        0  0.0000E+00  0.9476E-10  0.0000E+00  0.0000E+00
     1     3     1     1        0  0.0000E+00  0.1895E-09  0.0000E+00  0.0000E+00
     1     3     1     2        0  0.0000E+00  0.6318E-10  0.0000E+00  0.0000E+00
     1     4     1     1        0  0.0000E+00  0.8424E-10  0.0000E+00  0.0000E+00
     1     4     1     2        0  0.0000E+00  0.4212E-10  0.0000E+00  0.0000E+00
     1     5     1     1        0  0.0000E+00  0.1363E-12  0.0000E+00  0.0000E+00
     1     5     1     2        0  0.0000E+00  0.2709E-13  0.0000E+00  0.0000E+00
     1     6     1     1        0  0.0000E+00  0.7487E-10  0.0000E+00  0.0000E+00
     1     6     1     2        0  0.0000E+00  0.4965E-13  0.0000E+00  0.0000E+00
     1     7     1     1        0  0.0000E+00  0.3747E-10  0.0000E+00  0.0000E+00
     1     7     1     2        0  0.0000E+00  0.1249E-10  0.0000E+00  0.0000E+00
     1     8     1     1        0  0.0000E+00  0.2108E-10  0.0000E+00  0.0000E+00
     1     8     1     2        0  0.0000E+00  0.1056E-10  0.0000E+00  0.0000E+00
     1     9     1     1        0  0.0000E+00  0.3160E-10  0.0000E+00  0.0000E+00
     1     9     1     2        0  0.0000E+00  0.1056E-10  0.0000E+00  0.0000E+00
     1    10     1     1        0  0.0000E+00  0.3161E-10  0.0000E+00  0.0000E+00
     1    10     1     2        0  0.0000E+00  0.5351E-13  0.0000E+00  0.0000E+00
     1    11     1     1        0  0.0000E+00  0.1061E-10  0.0000E+00  0.0000E+00
     1    11     1     2        0  0.0000E+00  0.1167E-12  0.0000E+00  0.0000E+00
     1    12     1     1        0  0.0000E+00  0.2109E-10  0.0000E+00  0.0000E+00
     1    12     1     2        0  0.0000E+00  0.1059E-10  0.0000E+00  0.0000E+00
     1    13     1     1        0  0.0000E+00  0.1054E-10  0.0000E+00  0.0000E+00
     1    13     1     2        0  0.0000E+00  0.1055E-10  0.0000E+00  0.0000E+00
     1    14     1     1        0  0.0000E+00  0.2117E-10  0.0000E+00  0.0000E+00
     1    14     1     2        0  0.0000E+00  0.1056E-10  0.0000E+00  0.0000E+00
     1    15     1     1        0  0.0000E+00  0.3996E-12  0.0000E+00  0.0000E+00
     1    15     1     2        0  0.0000E+00  0.1308E-12  0.0000E+00  0.0000E+00
     1    16     1     1        0  0.0000E+00  0.4724E-12  0.0000E+00  0.0000E+00
     1    16     1     2        0  0.0000E+00  0.1350E-12  0.0000E+00  0.0000E+00
     1    17     1     1        0  0.0000E+00  0.6816E-12  0.0000E+00  0.0000E+00
     1    17     1     2        0  0.0000E+00  0.2334E-12  0.0000E+00  0.0000E+00
     1    18     1     1        0  0.0000E+00  0.2107E-10  0.0000E+00  0.0000E+00
     1    18     1     2        0  0.0000E+00  0.1068E-10  0.0000E+00  0.0000E+00
     1    19     1     1        0  0.0000E+00  0.1065E-10  0.0000E+00  0.0000E+00
     1    19     1     2        0  0.0000E+00  0.1061E-10  0.0000E+00  0.0000E+00
     1    20     1     1        0  0.0000E+00  0.1055E-10  0.0000E+00  0.0000E+00
     1    20     1     2        0  0.0000E+00  0.2854E-12  0.0000E+00  0.0000E+00
     1    21     1     1        0  0.0000E+00  0.7545E-12  0.0000E+00  0.0000E+00
     1    21     1     2        0  0.0000E+00  0.1654E-12  0.0000E+00  0.0000E+00
     1    22     1     1        0  0.0000E+00  0.4274E-12  0.0000E+00  0.0000E+00
     1    22     1     2        0  0.0000E+00  0.1250E-12  0.0000E+00  0.0000E+00
     1    23     1     1        0  0.0000E+00  0.1050E-10  0.0000E+00  0.0000E+00
     1    23     1     2        0  0.0000E+00  0.1061E-10  0.0000E+00  0.0000E+00
     1    24     1     1        0  0.0000E+00  0.2111E-10  0.0000E+00  0.0000E+00
     1    24     1     2        0  0.0000E+00  0.1057E-10  0.0000E+00  0.0000E+00
     1    25     1     1        0  0.0000E+00  0.2122E-10  0.0000E+00  0.0000E+00
     1    25     1     2        0  0.0000E+00  0.1067E-10  0.0000E+00  0.0000E+00
     1    26     1     1        0  0.0000E+00  0.4752E-12  0.0000E+00  0.0000E+00
     1    26     1     2        0  0.0000E+00  0.2149E-12  0.0000E+00  0.0000E+00
     1    27     1     1        0  0.0000E+00  0.1075E-10  0.0000E+00  0.0000E+00
     1    27     1     2        0  0.0000E+00  0.2244E-12  0.0000E+00  0.0000E+00
     1    28     1     1        0  0.0000E+00  0.3310E-12  0.0000E+00  0.0000E+00
     1    28     1     2        0  0.0000E+00  0.5365E-12  0.0000E+00  0.0000E+00
     1    29     1     1        0  0.0000E+00  0.2102E-10  0.0000E+00  0.0000E+00
     1    29     1     2        0  0.0000E+00  0.1064E-10  0.0000E+00  0.0000E+00
     1    30     1     1        0  0.0000E+00  0.5759E-11  0.0000E+00  0.0000E+00
     1    30     1     2        0  0.0000E+00  0.1079E-10  0.0000E+00  0.0000E+00
     1    31     1     1        0  0.0000E+00  0.1064E-10  0.0000E+00  0.0000E+00
     1    31     1     2        0  0.0000E+00  0.1092E-10  0.0000E+00  0.0000E+00
     1    32     1     1        0  0.0000E+00  0.4232E-10  0.0000E+00  0.0000E+00
     1    32     1     2        0  0.0000E+00  0.3094E-12  0.0000E+00  0.0000E+00
     1    33     1     1        0  0.0000E+00  0.3180E-10  0.0000E+00  0.0000E+00
     1    33     1     2        0  0.0000E+00  0.2662E-12  0.0000E+00  0.0000E+00
     1    34     1     1        0  0.0000E+00  0.7522E-12  0.0000E+00  0.0000E+00
     1    34     1     2        0  0.0000E+00  0.5710E-12  0.0000E+00  0.0000E+00
     1    35     1     1        0  0.0000E+00  0.2184E-10  0.0000E+00  0.0000E+00
     1    35     1     2        0  0.0000E+00  0.1055E-10  0.0000E+00  0.0000E+00
     1    36     1     1        0  0.0000E+00  0.3245E-10  0.0000E+00  0.0000E+00
     1    36     1     2        0  0.0000E+00  0.1088E-10  0.0000E+00  0.0000E+00
     1    37     1     1        0  0.0000E+00  0.3212E-10  0.0000E+00  0.0000E+00
     1    37     1     2        0  0.0000E+00  0.3504E-12  0.0000E+00  0.0000E+00
     1    38     1     1        0  0.0000E+00  0.1158E-10  0.0000E+00  0.0000E+00
     1    38     1     2        0  0.0000E+00  0.4370E-12  0.0000E+00  0.0000E+00
     1    39     1     1        0  0.0000E+00  0.8227E-12  0.0000E+00  0.0000E+00
     1    39     1     2        0  0.0000E+00  0.3625E-12  0.0000E+00  0.0000E+00
     1    40     1     1        0  0.0000E+00  0.6743E-11  0.0000E+00  0.0000E+00
     1    40     1     2        0  0.0000E+00  0.2140E-10  0.0000E+00  0.0000E+00
     1    41     1     1        0  0.0000E+00  0.2074E-10  0.0000E+00  0.0000E+00
     1    41     1     2        0  0.0000E+00  0.1075E-10  0.0000E+00  0.0000E+00
     1    42     1     1        0  0.0000E+00  0.3682E-10  0.0000E+00  0.0000E+00
     1    42     1     2        0  0.0000E+00  0.1596E-10  0.0000E+00  0.0000E+00
     1    43     1     1        0  0.0000E+00  0.2150E-10  0.0000E+00  0.0000E+00
     1    43     1     2        0  0.0000E+00  0.1599E-10  0.0000E+00  0.0000E+00
     1    44     1     1        0  0.0000E+00  0.5644E-11  0.0000E+00  0.0000E+00
     1    44     1     2        0  0.0000E+00  0.1070E-10  0.0000E+00  0.0000E+00
     1    45     1     1        0  0.0000E+00  0.3210E-10  0.0000E+00  0.0000E+00
     1    45     1     2        0  0.0000E+00  0.1064E-10  0.0000E+00  0.0000E+00
     1    46     1     1        0  0.0000E+00  0.1132E-10  0.0000E+00  0.0000E+00
     1    46     1     2        0  0.0000E+00  0.4162E-12  0.0000E+00  0.0000E+00
     1    47     1     1        0  0.0000E+00  0.1461E-11  0.0000E+00  0.0000E+00
     1    47     1     2        0  0.0000E+00  0.5158E-12  0.0000E+00  0.0000E+00
     1    48     1     1        0  0.0000E+00  0.1365E-11  0.0000E+00  0.0000E+00
     1    48     1     2        0  0.0000E+00  0.5319E-12  0.0000E+00  0.0000E+00
     1    49     1     1        0  0.0000E+00  0.2129E-10  0.0000E+00  0.0000E+00
     1    49     1     2        0  0.0000E+00  0.1095E-10  0.0000E+00  0.0000E+00
     1    50     1     1        0  0.0000E+00  0.1118E-10  0.0000E+00  0.0000E+00
     1    50     1     2        0  0.0000E+00  0.1087E-10  0.0000E+00  0.0000E+00
     1    51     1     1        0  0.0000E+00  0.1098E-11  0.0000E+00  0.0000E+00
     1    51     1     2        0  0.0000E+00  0.5453E-12  0.0000E+00  0.0000E+00
     1    52     1     1        0  0.0000E+00  0.9659E-12  0.0000E+00  0.0000E+00
     1    52     1     2        0  0.0000E+00  0.9591E-12  0.0000E+00  0.0000E+00
     1    53     1     1        0  0.0000E+00  0.1359E-11  0.0000E+00  0.0000E+00
     1    53     1     2        0  0.0000E+00  0.9982E-12  0.0000E+00  0.0000E+00
     1    54     1     1        0  0.0000E+00  0.2132E-10  0.0000E+00  0.0000E+00
     1    54     1     2        0  0.0000E+00  0.1139E-10  0.0000E+00  0.0000E+00
     1    55     1     1        0  0.0000E+00  0.5366E-10  0.0000E+00  0.0000E+00
     1    55     1     2        0  0.0000E+00  0.1082E-10  0.0000E+00  0.0000E+00
     1    56     1     1        0  0.0000E+00  0.1136E-10  0.0000E+00  0.0000E+00
     1    56     1     2        0  0.0000E+00  0.1072E-10  0.0000E+00  0.0000E+00
     1    57     1     1        0  0.0000E+00  0.3185E-10  0.0000E+00  0.0000E+00
     1    57     1     2        0  0.0000E+00  0.1031E-11  0.0000E+00  0.0000E+00
     1    58     1     1        0  0.0000E+00  0.3273E-10  0.0000E+00  0.0000E+00
     1    58     1     2        0  0.0000E+00  0.5924E-12  0.0000E+00  0.0000E+00
     1    59     1     1        0  0.0000E+00  0.1144E-10  0.0000E+00  0.0000E+00
     1    59     1     2        0  0.0000E+00  0.5610E-12  0.0000E+00  0.0000E+00
     1    60     1     1        0  0.0000E+00  0.1068E-10  0.0000E+00  0.0000E+00
     1    60     1     2        0  0.0000E+00  0.1080E-10  0.0000E+00  0.0000E+00
     1    61     1     1        0  0.0000E+00  0.2185E-10  0.0000E+00  0.0000E+00
     1    61     1     2        0  0.0000E+00  0.1102E-10  0.0000E+00  0.0000E+00
     1    62     1     1        0  0.0000E+00  0.2232E-10  0.0000E+00  0.0000E+00
     1    62     1     2        0  0.0000E+00  0.1129E-10  0.0000E+00  0.0000E+00
     1    63     1     1        0  0.0000E+00  0.7436E-12  0.0000E+00  0.0000E+00
     1    63     1     2        0  0.0000E+00  0.9022E-12  0.0000E+00  0.0000E+00
     1    64     1     1        0  0.0000E+00  0.1136E-10  0.0000E+00  0.0000E+00
     1    64     1     2        0  0.0000E+00  0.7455E-12  0.0000E+00  0.0000E+00
     1    65     1     1        0  0.0000E+00  0.1410E-11  0.0000E+00  0.0000E+00
     1    65     1     2        0  0.0000E+00  0.6100E-12  0.0000E+00  0.0000E+00
     1    66     1     1        0  0.0000E+00  0.2209E-10  0.0000E+00  0.0000E+00
     1    66     1     2        0  0.0000E+00  0.1070E-10  0.0000E+00  0.0000E+00
     1    67     1     1        0  0.0000E+00  0.1080E-10  0.0000E+00  0.0000E+00
     1    67     1     2        0  0.0000E+00  0.2110E-10  0.0000E+00  0.0000E+00
     1    68     1     1        0  0.0000E+00  0.1125E-10  0.0000E+00  0.0000E+00
     1    68     1     2        0  0.0000E+00  0.5729E-12  0.0000E+00  0.0000E+00
     1    69     1     1        0  0.0000E+00  0.2319E-11  0.0000E+00  0.0000E+00
     1    69     1     2        0  0.0000E+00  0.1509E-11  0.0000E+00  0.0000E+00
     1    70     1     1        0  0.0000E+00  0.1583E-11  0.0000E+00  0.0000E+00
     1    70     1     2        0  0.0000E+00  0.4222E-12  0.0000E+00  0.0000E+00
     1    71     1     1        0  0.0000E+00  0.1054E-10  0.0000E+00  0.0000E+00
     1    71     1     2        0  0.0000E+00  0.1068E-10  0.0000E+00  0.0000E+00
     1    72     1     1        0  0.0000E+00  0.2138E-10  0.0000E+00  0.0000E+00
     1    72     1     2        0  0.0000E+00  0.1095E-10  0.0000E+00  0.0000E+00
     1    73     1     1        0  0.0000E+00  0.2211E-10  0.0000E+00  0.0000E+00
     1    73     1     2        0  0.0000E+00  0.1073E-10  0.0000E+00  0.0000E+00
     1    74     1     1        0  0.0000E+00  0.2810E-11  0.0000E+00  0.0000E+00
     1    74     1     2        0  0.0000E+00  0.1069E-11  0.0000E+00  0.0000E+00
     1    75     1     1        0  0.0000E+00  0.1027E-10  0.0000E+00  0.0000E+00
     1    75     1     2        0  0.0000E+00  0.7822E-12  0.0000E+00  0.0000E+00
     1    76     1     1        0  0.0000E+00  0.1731E-11  0.0000E+00  0.0000E+00
     1    76     1     2        0  0.0000E+00  0.1218E-11  0.0000E+00  0.0000E+00
     1    77     1     1        0  0.0000E+00  0.2177E-10  0.0000E+00  0.0000E+00
     1    77     1     2        0  0.0000E+00  0.1077E-10  0.0000E+00  0.0000E+00
     1    78     1     1        0  0.0000E+00  0.1086E-10  0.0000E+00  0.0000E+00
     1    78     1     2        0  0.0000E+00  0.1102E-10  0.0000E+00  0.0000E+00
     1    79     1     1        0  0.0000E+00  0.2016E-03  0.0000E+00  0.0000E+00
     1    79     1     2       56  0.7228E+06  0.1057E+01  0.0000E+00  0.0000E+00
     1    79     1     3       56  0.7228E+06  0.9601E+00  0.0000E+00  0.0000E+00
     1    79     1     4       56  0.7228E+06  0.8721E+00  0.0000E+00  0.0000E+00
     1    79     1     5       56  0.7228E+06  0.7922E+00  0.0000E+00  0.0000E+00
     1    79     1     6       56  0.7228E+06  0.7196E+00  0.0000E+00  0.0000E+00
     1    79     1     7       56  0.7228E+06  0.6537E+00  0.0000E+00  0.0000E+00
     1    79     1     8       56  0.7228E+06  0.5938E+00  0.0000E+00  0.0000E+00
     1    79     1     9       56  0.7228E+06  0.5449E+00  0.0000E+00  0.0000E+00
     1    79     1    10       56  0.7227E+06  0.5415E+00  0.0000E+00  0.0000E+00
     1    79     1    11       56  0.7224E+06  0.5415E+00  0.0000E+00  0.0000E+00
     1    79     1    12       56  0.7216E+06  0.5414E+00  0.0000E+00  0.0000E+00
     1    79     1    13       56  0.7193E+06  0.5411E+00  0.0000E+00  0.0000E+00
     1    79     1    14       56  0.7126E+06  0.5404E+00  0.0000E+00  0.0000E+00
     1    79     1    15       56  0.6937E+06  0.5383E+00  0.0000E+00  0.0000E+00
     1    79     1    16       56  0.6434E+06  0.5321E+00  0.0000E+00  0.0000E+00
     1    79     1    17       56  0.5272E+06  0.5148E+00  0.0000E+00  0.0000E+00
     1    79     1    18       56  0.3293E+06  0.4687E+00  0.0000E+00  0.0000E+00
     1    79     1    19       56  0.1261E+06  0.3612E+00  0.0000E+00  0.0000E+00
     1    79     1    20       56  0.2031E+05  0.1821E+00  0.0000E+00  0.0000E+00
     1    79     1    21       56  0.4376E+03  0.3511E-01  0.0000E+00  0.0000E+00
     1    79     1    22       56  0.2132E-03  0.7783E-03  0.0000E+00  0.0000E+00
     1    80     1     1       56  0.7319E+06  0.2235E+01  0.0000E+00  0.0000E+00
     1    80     1     2       56  0.7319E+06  0.2053E+01  0.0000E+00  0.0000E+00
     1    80     1     3       56  0.7319E+06  0.1865E+01  0.0000E+00  0.0000E+00
     1    80     1     4       56  0.7319E+06  0.1694E+01  0.0000E+00  0.0000E+00
     1    80     1     5       56  0.7319E+06  0.1539E+01  0.0000E+00  0.0000E+00
     1    80     1     6       56  0.7319E+06  0.1398E+01  0.0000E+00  0.0000E+00
     1    80     1     7       56  0.7319E+06  0.1270E+01  0.0000E+00  0.0000E+00
     1    80     1     8       56  0.7319E+06  0.1153E+01  0.0000E+00  0.0000E+00
     1    80     1     9       56  0.7319E+06  0.1048E+01  0.0000E+00  0.0000E+00
     1    80     1    10       56  0.7319E+06  0.9518E+00  0.0000E+00  0.0000E+00
     1    80     1    11       56  0.7319E+06  0.8646E+00  0.0000E+00  0.0000E+00
     1    80     1    12       56  0.7319E+06  0.7853E+00  0.0000E+00  0.0000E+00
     1    80     1    13       56  0.7319E+06  0.7134E+00  0.0000E+00  0.0000E+00
     1    80     1    14       56  0.7318E+06  0.6480E+00  0.0000E+00  0.0000E+00
     1    80     1    15       56  0.7314E+06  0.6127E+00  0.0000E+00  0.0000E+00
     1    80     1    16       56  0.7304E+06  0.6120E+00  0.0000E+00  0.0000E+00
     1    80     1    17       56  0.7277E+06  0.6117E+00  0.0000E+00  0.0000E+00
     1    80     1    18       56  0.7202E+06  0.6110E+00  0.0000E+00  0.0000E+00
     1    80     1    19       56  0.7001E+06  0.6090E+00  0.0000E+00  0.0000E+00
     1    80     1    20       56  0.6491E+06  0.6034E+00  0.0000E+00  0.0000E+00
     1    80     1    21       56  0.5363E+06  0.5882E+00  0.0000E+00  0.0000E+00
     1    80     1    22       56  0.3487E+06  0.5483E+00  0.0000E+00  0.0000E+00
     1    80     1    23       56  0.1510E+06  0.4529E+00  0.0000E+00  0.0000E+00
     1    80     1    24       56  0.3364E+05  0.2742E+00  0.0000E+00  0.0000E+00
     1    80     1    25       56  0.1866E+04  0.7997E-01  0.0000E+00  0.0000E+00
     1    80     1    26       56  0.2856E-01  0.4811E-02  0.0000E+00  0.0000E+00
     1    81     1     1       56  0.2776E+05  0.5298E+00  0.0000E+00  0.0000E+00
     1    81     1     2       56  0.1703E+04  0.1151E+00  0.0000E+00  0.0000E+00
     1    81     1     3       56  0.4034E-01  0.7827E-02  0.0000E+00  0.0000E+00
     1    82     1     1       56  0.6657E+04  0.2728E+00  0.0000E+00  0.0000E+00
     1    82     1     2       56  0.9075E+02  0.3766E-01  0.0000E+00  0.0000E+00
     1    82     1     3       56  0.1423E-04  0.5285E-03  0.0000E+00  0.0000E+00
     1    83     1     1       56  0.2206E+04  0.1669E+00  0.0000E+00  0.0000E+00
     1    83     1     2       56  0.2046E+00  0.1541E-01  0.0000E+00  0.0000E+00
     1    84     1     1       56  0.8200E+03  0.1077E+00  0.0000E+00  0.0000E+00
     1    84     1     2       56  0.1464E-01  0.6716E-02  0.0000E+00  0.0000E+00
     1    85     1     1       56  0.3037E+03  0.6898E-01  0.0000E+00  0.0000E+00
     1    85     1     2       56  0.9821E-03  0.2844E-02  0.0000E+00  0.0000E+00
     1    86     1     1       56  0.9803E+02  0.4103E-01  0.0000E+00  0.0000E+00
     1    86     1     2       56  0.4288E-04  0.1030E-02  0.0000E+00  0.0000E+00
     1    87     1     1       56  0.2013E+02  0.1938E-01  0.0000E+00  0.0000E+00
     1    87     1     2       56  0.2208E-05  0.2341E-03  0.0000E+00  0.0000E+00
     1    88     1     1       56  0.1395E+00  0.5109E-02  0.0000E+00  0.0000E+00
     1    88     1     2       56  0.1599E-05  0.1775E-05  0.0000E+00  0.0000E+00
     1    89     1     1       56  0.8394E+01  0.1344E-01  0.0000E+00  0.0000E+00
     1    89     1     2       56  0.5965E-06  0.1157E-03  0.0000E+00  0.0000E+00
     1    90     1     1       56  0.3140E+02  0.2680E-01  0.0000E+00  0.0000E+00
     1    90     1     2       56  0.3550E-05  0.4657E-03  0.0000E+00  0.0000E+00
     1    91     1     1       56  0.6280E+02  0.3897E-01  0.0000E+00  0.0000E+00
     1    91     1     2       56  0.2527E-04  0.9953E-03  0.0000E+00  0.0000E+00
     1    92     1     1       56  0.9961E+02  0.5035E-01  0.0000E+00  0.0000E+00
     1    92     1     2       56  0.1135E-03  0.1678E-02  0.0000E+00  0.0000E+00
     1    93     1     1       56  0.1406E+03  0.6124E-01  0.0000E+00  0.0000E+00
     1    93     1     2       56  0.3543E-03  0.2505E-02  0.0000E+00  0.0000E+00
     1    94     1     1       56  0.1854E+03  0.7186E-01  0.0000E+00  0.0000E+00
     1    94     1     2       56  0.8964E-03  0.3481E-02  0.0000E+00  0.0000E+00
     1    95     1     1       56  0.2344E+03  0.8241E-01  0.0000E+00  0.0000E+00
     1    95     1     2       56  0.1991E-02  0.4620E-02  0.0000E+00  0.0000E+00
     1    96     1     1       56  0.2882E+03  0.9306E-01  0.0000E+00  0.0000E+00
     1    96     1     2       56  0.4040E-02  0.5944E-02  0.0000E+00  0.0000E+00
     1    97     1     1       56  0.3480E+03  0.1040E+00  0.0000E+00  0.0000E+00
     1    97     1     2       56  0.7709E-02  0.7488E-02  0.0000E+00  0.0000E+00
     1    98     1     1       56  0.4152E+03  0.1153E+00  0.0000E+00  0.0000E+00
     1    98     1     2       56  0.1411E-01  0.9294E-02  0.0000E+00  0.0000E+00
     1    99     1     1       56  0.4916E+03  0.1272E+00  0.0000E+00  0.0000E+00
     1    99     1     2       56  0.2512E-01  0.1142E-01  0.0000E+00  0.0000E+00
     1   100     1     1       56  0.5799E+03  0.1398E+00  0.0000E+00  0.0000E+00
     1   100     1     2       56  0.4396E-01  0.1396E-01  0.0000E+00  0.0000E+00
     1   101     1     1       56  0.6832E+03  0.1534E+00  0.0000E+00  0.0000E+00
     1   101     1     2       56  0.4790E+00  0.1699E-01  0.0000E+00  0.0000E+00
     1   102     1     1       56  0.8063E+03  0.1681E+00  0.0000E+00  0.0000E+00
     1   102     1     2       56  0.2384E+01  0.2063E-01  0.0000E+00  0.0000E+00
     1   102     1     3       56  0.1629E-05  0.6191E-04  0.0000E+00  0.0000E+00
     1   103     1     1       56  0.9547E+03  0.1843E+00  0.0000E+00  0.0000E+00
     1   103     1     2       56  0.5437E+01  0.2508E-01  0.0000E+00  0.0000E+00
     1   103     1     3       56  0.1147E-05  0.1458E-03  0.0000E+00  0.0000E+00
     1   104     1     1       56  0.1137E+04  0.2022E+00  0.0000E+00  0.0000E+00
     1   104     1     2       56  0.1031E+02  0.3059E-01  0.0000E+00  0.0000E+00
     1   104     1     3       56  0.1027E-05  0.2850E-03  0.0000E+00  0.0000E+00
     1   105     1     1       56  0.1367E+04  0.2224E+00  0.0000E+00  0.0000E+00
     1   105     1     2       56  0.1814E+02  0.3752E-01  0.0000E+00  0.0000E+00
     1   105     1     3       56  0.2497E-05  0.5162E-03  0.0000E+00  0.0000E+00
     1   106     1     1       56  0.1661E+04  0.2452E+00  0.0000E+00  0.0000E+00
     1   106     1     2       56  0.3089E+02  0.4638E-01  0.0000E+00  0.0000E+00
     1   106     1     3       56  0.1035E-04  0.9038E-03  0.0000E+00  0.0000E+00
     1   107     1     1       56  0.2048E+04  0.2705E+00  0.0000E+00  0.0000E+00
     1   107     1     2       56  0.5213E+02  0.5771E-01  0.0000E+00  0.0000E+00
     1   107     1     3       56  0.4926E-04  0.1561E-02  0.0000E+00  0.0000E+00
     1   108     1     1       56  0.2573E+04  0.2994E+00  0.0000E+00  0.0000E+00
     1   108     1     2       56  0.8866E+02  0.7264E-01  0.0000E+00  0.0000E+00
     1   108     1     3       56  0.2528E-03  0.2711E-02  0.0000E+00  0.0000E+00
     1   109     1     1       56  0.3313E+04  0.3333E+00  0.0000E+00  0.0000E+00
     1   109     1     2       56  0.1541E+03  0.9288E-01  0.0000E+00  0.0000E+00
     1   109     1     3       56  0.1378E-02  0.4803E-02  0.0000E+00  0.0000E+00
     1   110     1     1       56  0.4410E+04  0.3734E+00  0.0000E+00  0.0000E+00
     1   110     1     2       56  0.2781E+03  0.1211E+00  0.0000E+00  0.0000E+00
     1   110     1     3       56  0.8358E-02  0.8809E-02  0.0000E+00  0.0000E+00
     1   111     1     1       56  0.6142E+04  0.4218E+00  0.0000E+00  0.0000E+00
     1   111     1     2       56  0.5301E+03  0.1617E+00  0.0000E+00  0.0000E+00
     1   111     1     3       56  0.3665E+00  0.1700E-01  0.0000E+00  0.0000E+00
     1   112     1     1       56  0.9147E+04  0.4807E+00  0.0000E+00  0.0000E+00
     1   112     1     2       56  0.1096E+04  0.2220E+00  0.0000E+00  0.0000E+00
     1   112     1     3       56  0.1300E+02  0.3489E-01  0.0000E+00  0.0000E+00
     1   112     1     4       56  0.1472E-05  0.4279E-03  0.0000E+00  0.0000E+00
     1   113     1     1       56  0.1516E+05  0.5529E+00  0.0000E+00  0.0000E+00
     1   113     1     2       56  0.2558E+04  0.3148E+00  0.0000E+00  0.0000E+00
     1   113     1     3       56  0.9791E+02  0.7805E-01  0.0000E+00  0.0000E+00
     1   113     1     4       56  0.4145E-03  0.3264E-02  0.0000E+00  0.0000E+00
     1   114     1     1       56  0.3068E+05  0.6393E+00  0.0000E+00  0.0000E+00
     1   114     1     2       56  0.7347E+04  0.4580E+00  0.0000E+00  0.0000E+00
     1   114     1     3       56  0.7652E+03  0.1917E+00  0.0000E+00  0.0000E+00
     1   114     1     4       56  0.4631E+01  0.2531E-01  0.0000E+00  0.0000E+00
     1   114     1     5       56  0.5630E-06  0.1565E-03  0.0000E+00  0.0000E+00
     1   115     1     1       56  0.1000E+06  0.7296E+00  0.0000E+00  0.0000E+00
     1   115     1     2       56  0.3377E+05  0.6546E+00  0.0000E+00  0.0000E+00
     1   115     1     3       56  0.8433E+04  0.4768E+00  0.0000E+00  0.0000E+00
     1   115     1     4       56  0.9860E+03  0.2136E+00  0.0000E+00  0.0000E+00
     1   115     1     5       56  0.1059E+02  0.3258E-01  0.0000E+00  0.0000E+00
     1   115     1     6       56  0.7717E-06  0.3608E-03  0.0000E+00  0.0000E+00
     1   116     1     1       56  0.1577E+06  0.1074E+01  0.0000E+00  0.0000E+00
     1   116     1     2       56  0.5848E+05  0.1010E+01  0.0000E+00  0.0000E+00
     1   116     1     3       56  0.1745E+05  0.8308E+00  0.0000E+00  0.0000E+00
     1   116     1     4       56  0.3275E+04  0.4999E+00  0.0000E+00  0.0000E+00
     1   116     1     5       56  0.1722E+03  0.1446E+00  0.0000E+00  0.0000E+00
     1   116     1     6       56  0.2494E-02  0.8566E-02  0.0000E+00  0.0000E+00
