SUMMARY OF C0NVERGENCE INFORMATION
  STEP   INC  ATT   ITER     CONT.   RESID.        CORR.      RESID.      CORR.
                              EL.    FORCE         DISP       FLUX        TEMP.
                              (#)     (%)           (%)        (%)         (%)
     1     1     1     1        0  0.2163E+01  0.1000E+03  0.0000E+00  0.0000E+00
     1     1     1     2        0  0.2808E-04  0.1946E+00  0.0000E+00  0.0000E+00
     1     2     1     1        0  0.7494E-04  0.3877E+00  0.0000E+00  0.0000E+00
     1     2     1     2        0  0.0000E+00  0.9980E-05  0.0000E+00  0.0000E+00
     1     3     1     1        0  0.5603E-04  0.3854E+00  0.0000E+00  0.0000E+00
     1     3     1     2        0  0.0000E+00  0.9843E-05  0.0000E+00  0.0000E+00
     1     4     1     1        0  0.4469E-04  0.3831E+00  0.0000E+00  0.0000E+00
     1     4     1     2        0  0.0000E+00  0.9710E-05  0.0000E+00  0.0000E+00
     1     5     1     1        0  0.3713E-04  0.3809E+00  0.0000E+00  0.0000E+00
     1     5     1     2        0  0.0000E+00  0.9581E-05  0.0000E+00  0.0000E+00
     1     6     1     1        0  0.3174E-04  0.3788E+00  0.0000E+00  0.0000E+00
     1     6     1     2        0  0.0000E+00  0.9454E-05  0.0000E+00  0.0000E+00
     1     7     1     1        0  0.2770E-04  0.3766E+00  0.0000E+00  0.0000E+00
     1     7     1     2        0  0.0000E+00  0.9330E-05  0.0000E+00  0.0000E+00
     1     8     1     1        0  0.2456E-04  0.3745E+00  0.0000E+00  0.0000E+00
     1     8     1     2        0  0.0000E+00  0.9209E-05  0.0000E+00  0.0000E+00
     1     9     1     1        0  0.2205E-04  0.3725E+00  0.0000E+00  0.0000E+00
     1     9     1     2        0  0.0000E+00  0.9091E-05  0.0000E+00  0.0000E+00
     1    10     1     1        0  0.2000E-04  0.3704E+00  0.0000E+00  0.0000E+00
     1    10     1     2        0  0.1437E-11  0.8976E-05  0.0000E+00  0.0000E+00
     1    11     1     1        0  0.1830E-04  0.3684E+00  0.0000E+00  0.0000E+00
     1    11     1     2        0  0.6869E-12  0.8863E-05  0.0000E+00  0.0000E+00
     1    12     1     1        0  0.1686E-04  0.3664E+00  0.0000E+00  0.0000E+00
     1    12     1     2        0  0.0000E+00  0.8753E-05  0.0000E+00  0.0000E+00
     1    13     1     1        0  0.1562E-04  0.3645E+00  0.0000E+00  0.0000E+00
     1    13     1     2        0  0.4547E-12  0.8646E-05  0.0000E+00  0.0000E+00
     1    14     1     1        0  0.1455E-04  0.3626E+00  0.0000E+00  0.0000E+00
     1    14     1     2        0  0.6948E-12  0.8540E-05  0.0000E+00  0.0000E+00
     1    15     1     1        0  0.1362E-04  0.3607E+00  0.0000E+00  0.0000E+00
     1    15     1     2        0  0.3540E-12  0.8438E-05  0.0000E+00  0.0000E+00
     1    16     1     1        0  0.1280E-04  0.3589E+00  0.0000E+00  0.0000E+00
     1    16     1     2        0  0.6321E-12  0.8337E-05  0.0000E+00  0.0000E+00
     1    17     1     1        0  0.1207E-04  0.3571E+00  0.0000E+00  0.0000E+00
     1    17     1     2        0  0.4608E-12  0.8239E-05  0.0000E+00  0.0000E+00
     1    18     1     1        0  0.1142E-04  0.3553E+00  0.0000E+00  0.0000E+00
     1    18     1     2        0  0.5309E-12  0.8143E-05  0.0000E+00  0.0000E+00
     1    19     1     1        0  0.1084E-04  0.3535E+00  0.0000E+00  0.0000E+00
     1    19     1     2        0  0.9957E-12  0.8050E-05  0.0000E+00  0.0000E+00
     1    20     1     1        0  0.1031E-04  0.3518E+00  0.0000E+00  0.0000E+00
     1    20     1     2        0  0.5383E-12  0.7958E-05  0.0000E+00  0.0000E+00
