SUMMARY OF C0NVERGENCE INFORMATION
  STEP   INC  ATT   ITER     CONT.   RESID.        CORR.      RESID.      CORR.
                              EL.    FORCE         DISP       FLUX        TEMP.
                              (#)     (%)           (%)        (%)         (%)
     1     1     1     1        0  0.2004E+04  0.1000E+03  0.0000E+00  0.0000E+00
     1     1     1     2        0  0.4815E+04  0.4709E+02  0.0000E+00  0.0000E+00
     1     1     1     3        0  0.3983E+04  0.4664E+02  0.0000E+00  0.0000E+00
     1     1     1     4        0  0.2450E+04  0.4094E+02  0.0000E+00  0.0000E+00
     1     1     1     5        0  0.5426E+04  0.1000E+03  0.0000E+00  0.0000E+00
     1     1     1     6        0  0.2918E+04  0.5082E+02  0.0000E+00  0.0000E+00
     1     1     1     7        0  0.3210E+04  0.1771E+02  0.0000E+00  0.0000E+00
     1     1     1     8        0  0.3139E+04  0.1162E+02  0.0000E+00  0.0000E+00
     1     1     1     9        0  0.3615E+04  0.6926E+01  0.0000E+00  0.0000E+00
     1     1     1    10        0  0.4487E+04  0.4728E+01  0.0000E+00  0.0000E+00
     1     1     1    11        0  0.3493E+04  0.3068E+01  0.0000E+00  0.0000E+00
     1     1     1    12        0  0.3476E+04  0.3263E+01  0.0000E+00  0.0000E+00
     1     1     1    13        0  0.2443E+04  0.1014E+01  0.0000E+00  0.0000E+00
     1     1     1    14        0  0.2483E+04  0.1167E+01  0.0000E+00  0.0000E+00
     1     1     1    15        0  0.1382E+04  0.4139E+00  0.0000E+00  0.0000E+00
     1     1     1    16        0  0.2432E+03  0.1593E+00  0.0000E+00  0.0000E+00
     1     1     1    17        0  0.1439E+01  0.1476E-01  0.0000E+00  0.0000E+00
     1     2     1     1        0  0.3635E+04  0.3170E+02  0.0000E+00  0.0000E+00
     1     2     1     2        0  0.5601E+04  0.1511E+02  0.0000E+00  0.0000E+00
     1     2     1     3        0  0.7509E+03  0.7273E+01  0.0000E+00  0.0000E+00
     1     2     1     4        0  0.3292E+02  0.1985E+01  0.0000E+00  0.0000E+00
     1     2     1     5        0  0.6853E-01  0.8494E-01  0.0000E+00  0.0000E+00
     1     3     1     1        0  0.1273E+04  0.1670E+02  0.0000E+00  0.0000E+00
     1     3     1     2        0  0.1373E+03  0.1968E+01  0.0000E+00  0.0000E+00
     1     3     1     3        0  0.2181E+00  0.1100E+00  0.0000E+00  0.0000E+00
     1     4     1     1        0  0.1535E+04  0.1314E+02  0.0000E+00  0.0000E+00
     1     4     1     2        0  0.9612E+02  0.1353E+01  0.0000E+00  0.0000E+00
     1     4     1     3        0  0.0000E+00  0.4407E-01  0.0000E+00  0.0000E+00
     1     5     1     1        0  0.3555E+04  0.3371E+02  0.0000E+00  0.0000E+00
     1     5     1     2        0  0.1595E+04  0.6808E+02  0.0000E+00  0.0000E+00
     1     5     1     3        0  0.1975E+05  0.8006E+02  0.0000E+00  0.0000E+00
     1     5     1     4        0  0.2708E+05  0.9373E+02  0.0000E+00  0.0000E+00
     1     5     1     5        0  0.8121E+04  0.2615E+02  0.0000E+00  0.0000E+00
     1     5     1     6        0  0.1044E+05  0.2009E+02  0.0000E+00  0.0000E+00
     1     5     1     7        0  0.8204E+02  0.3331E+01  0.0000E+00  0.0000E+00
     1     5     1     8        0  0.6223E+00  0.2289E+00  0.0000E+00  0.0000E+00
     1     5     1     9        0  0.0000E+00  0.6005E-03  0.0000E+00  0.0000E+00
     1     6     1     1        0  0.1011E+05  0.3894E+02  0.0000E+00  0.0000E+00
     1     6     1     2        0  0.3193E+05  0.2331E+02  0.0000E+00  0.0000E+00
     1     6     1     3        0  0.8916E+04  0.1125E+02  0.0000E+00  0.0000E+00
     1     6     1     4        0  0.2003E+05  0.3854E+02  0.0000E+00  0.0000E+00
     1     6     1     5        0  0.2751E+05  0.1272E+02  0.0000E+00  0.0000E+00
     1     6     1     6        0  0.9798E+03  0.4125E+01  0.0000E+00  0.0000E+00
     1     6     1     7        0  0.1007E+04  0.7686E+00  0.0000E+00  0.0000E+00
     1     6     1     8        0  0.4501E+01  0.5739E-01  0.0000E+00  0.0000E+00
     1     6     1     9        0  0.0000E+00  0.3035E-03  0.0000E+00  0.0000E+00
     1     7     1     1        0  0.8847E+04  0.1779E+02  0.0000E+00  0.0000E+00
     1     7     1     2        0  0.7321E+04  0.8847E+01  0.0000E+00  0.0000E+00
     1     7     1     3        0  0.7355E+03  0.1275E+01  0.0000E+00  0.0000E+00
     1     7     1     4        0  0.2053E+01  0.5512E-01  0.0000E+00  0.0000E+00
     1     7     1     5        0  0.0000E+00  0.7077E-04  0.0000E+00  0.0000E+00
     1     8     1     1        0  0.9524E+04  0.1523E+02  0.0000E+00  0.0000E+00
     1     8     1     2        0  0.6107E+04  0.1984E+01  0.0000E+00  0.0000E+00
     1     8     1     3        0  0.1017E+02  0.9643E-01  0.0000E+00  0.0000E+00
     1     8     1     4        0  0.0000E+00  0.5234E-03  0.0000E+00  0.0000E+00
     1     9     1     1        0  0.9953E+04  0.2485E+02  0.0000E+00  0.0000E+00
     1     9     1     2        0  0.1648E+05  0.9846E+01  0.0000E+00  0.0000E+00
     1     9     1     3        0  0.9365E+04  0.3608E+01  0.0000E+00  0.0000E+00
     1     9     1     4        0  0.2598E+03  0.5593E+00  0.0000E+00  0.0000E+00
     1     9     1     5        0  0.1530E+00  0.1279E-01  0.0000E+00  0.0000E+00
     1    10     1     1        0  0.3526E+05  0.2193E+02  0.0000E+00  0.0000E+00
     1    10     1     2        0  0.1608E+05  0.1000E+03  0.0000E+00  0.0000E+00
     1    10     1     3        0  0.5134E+05  0.2635E+02  0.0000E+00  0.0000E+00
     1    10     1     4        0  0.3702E+05  0.2960E+02  0.0000E+00  0.0000E+00
     1    10     1     5        0  0.3308E+04  0.7619E+01  0.0000E+00  0.0000E+00
     1    10     1     6        0  0.1544E+04  0.1888E+01  0.0000E+00  0.0000E+00
     1    10     1     7        0  0.2874E+01  0.7827E-01  0.0000E+00  0.0000E+00
     1    10     1     8        0  0.3453E-02  0.1639E-03  0.0000E+00  0.0000E+00
     1    11     1     1        0  0.1237E+06  0.8237E+02  0.0000E+00  0.0000E+00
     1    11     1     2        0  0.2646E+05  0.3272E+02  0.0000E+00  0.0000E+00
     1    11     1     3        0  0.1317E+06  0.2625E+02  0.0000E+00  0.0000E+00
     1    11     1     4        0  0.4480E+05  0.1759E+02  0.0000E+00  0.0000E+00
     1    11     1     5        0  0.1288E+05  0.1384E+02  0.0000E+00  0.0000E+00
     1    11     1     6        0  0.4126E+05  0.1000E+03  0.0000E+00  0.0000E+00
     1    11     1     7        0  0.5422E+05  0.6569E+02  0.0000E+00  0.0000E+00
     1    11     1     8        0  0.4286E+05  0.3270E+02  0.0000E+00  0.0000E+00
     1    11     1     9        0  0.2951E+05  0.4630E+02  0.0000E+00  0.0000E+00
     1    11     1    10        0  0.3003E+05  0.1788E+02  0.0000E+00  0.0000E+00
     1    11     1    11        0  0.8910E+04  0.2185E+02  0.0000E+00  0.0000E+00
     1    11     1    12        0  0.3736E+05  0.1000E+03  0.0000E+00  0.0000E+00
     1    11     1    13        0  0.5168E+05  0.5201E+02  0.0000E+00  0.0000E+00
     1    11     1    14        0  0.4345E+05  0.1501E+02  0.0000E+00  0.0000E+00
     1    11     1    15        0  0.6363E+05  0.7027E+02  0.0000E+00  0.0000E+00
     1    11     1    16        0  0.4073E+05  0.1947E+02  0.0000E+00  0.0000E+00
     1    11     1    17        0  0.3737E+05  0.1922E+02  0.0000E+00  0.0000E+00
     1    11     1    18        0  0.4821E+05  0.1412E+02  0.0000E+00  0.0000E+00
     1    11     1    19        0  0.2259E+05  0.9445E+01  0.0000E+00  0.0000E+00
     1    11     1    20        0  0.1885E+05  0.9488E+01  0.0000E+00  0.0000E+00
     1    11     1    21        0  0.4471E+05  0.2151E+02  0.0000E+00  0.0000E+00
     1    11     1    22        0  0.2917E+05  0.8396E+01  0.0000E+00  0.0000E+00
     1    11     1    23        0  0.4165E+05  0.6940E+01  0.0000E+00  0.0000E+00
     1    11     1    24        0  0.2363E+05  0.1436E+01  0.0000E+00  0.0000E+00
     1    11     1    25        0  0.5920E+04  0.3995E+00  0.0000E+00  0.0000E+00
     1    11     1    26        0  0.1157E+02  0.1182E-01  0.0000E+00  0.0000E+00
     1    11     1    27        0  0.1144E-01  0.7766E-04  0.0000E+00  0.0000E+00
     1    12     1     1        0  0.6323E+05  0.2645E+02  0.0000E+00  0.0000E+00
     1    12     1     2        0  0.4763E+05  0.1350E+02  0.0000E+00  0.0000E+00
     1    12     1     3        0  0.7918E+04  0.2995E+01  0.0000E+00  0.0000E+00
     1    12     1     4        0  0.7090E+03  0.4258E+00  0.0000E+00  0.0000E+00
     1    12     1     5        0  0.3275E+00  0.6384E-02  0.0000E+00  0.0000E+00
     1    13     1     1        0  0.1283E+05  0.1393E+02  0.0000E+00  0.0000E+00
     1    13     1     2        0  0.3163E+05  0.4491E+01  0.0000E+00  0.0000E+00
     1    13     1     3        0  0.5799E+01  0.1763E+00  0.0000E+00  0.0000E+00
     1    13     1     4        0  0.9063E+00  0.9857E-02  0.0000E+00  0.0000E+00
     1    13     1     5        0  0.4443E-02  0.2814E-06  0.0000E+00  0.0000E+00
     1    14     1     1        0  0.3031E+04  0.7217E+01  0.0000E+00  0.0000E+00
     1    14     1     2        0  0.1646E+05  0.1422E+01  0.0000E+00  0.0000E+00
     1    14     1     3        0  0.3566E-01  0.4211E-02  0.0000E+00  0.0000E+00
     1    15     1     1        0  0.1244E+04  0.5530E+01  0.0000E+00  0.0000E+00
     1    15     1     2        0  0.6473E+04  0.8350E+00  0.0000E+00  0.0000E+00
     1    15     1     3        0  0.3478E-02  0.8239E-03  0.0000E+00  0.0000E+00
     1    16     1     1        0  0.6078E+03  0.4593E+01  0.0000E+00  0.0000E+00
     1    16     1     2        0  0.3265E+04  0.5475E+00  0.0000E+00  0.0000E+00
     1    16     1     3        0  0.3419E-02  0.2351E-03  0.0000E+00  0.0000E+00
     1    17     1     1        0  0.3251E+03  0.3971E+01  0.0000E+00  0.0000E+00
     1    17     1     2        0  0.1774E+04  0.4547E+00  0.0000E+00  0.0000E+00
     1    17     1     3        0  0.2258E-02  0.1487E-03  0.0000E+00  0.0000E+00
     1    18     1     1        0  0.1854E+03  0.3491E+01  0.0000E+00  0.0000E+00
     1    18     1     2        0  0.1096E+04  0.3812E+00  0.0000E+00  0.0000E+00
     1    18     1     3        0  0.1547E-02  0.1270E-03  0.0000E+00  0.0000E+00
     1    19     1     1        0  0.1120E+03  0.3131E+01  0.0000E+00  0.0000E+00
     1    19     1     2        0  0.7901E+03  0.3236E+00  0.0000E+00  0.0000E+00
     1    19     1     3        0  0.1425E-02  0.1469E-03  0.0000E+00  0.0000E+00
     1    20     1     1        0  0.7191E+02  0.2847E+01  0.0000E+00  0.0000E+00
     1    20     1     2        0  0.6608E+03  0.2798E+00  0.0000E+00  0.0000E+00
     1    20     1     3        0  0.2079E-02  0.1743E-03  0.0000E+00  0.0000E+00
     1    21     1     1        0  0.4937E+02  0.2615E+01  0.0000E+00  0.0000E+00
     1    21     1     2        0  0.6185E+03  0.2904E+00  0.0000E+00  0.0000E+00
     1    21     1     3        0  0.2372E-02  0.1977E-03  0.0000E+00  0.0000E+00
     1    22     1     1        0  0.3641E+02  0.2422E+01  0.0000E+00  0.0000E+00
     1    22     1     2        0  0.7202E+03  0.3342E+00  0.0000E+00  0.0000E+00
     1    22     1     3        0  0.4015E-02  0.2069E-03  0.0000E+00  0.0000E+00
     1    23     1     1        0  0.3514E+02  0.2259E+01  0.0000E+00  0.0000E+00
     1    23     1     2        0  0.8801E+03  0.3858E+00  0.0000E+00  0.0000E+00
     1    23     1     3        0  0.2315E-02  0.1979E-03  0.0000E+00  0.0000E+00
     1    24     1     1        0  0.4208E+02  0.2118E+01  0.0000E+00  0.0000E+00
     1    24     1     2        0  0.1018E+04  0.4407E+00  0.0000E+00  0.0000E+00
     1    24     1     3        0  0.3771E-02  0.1717E-03  0.0000E+00  0.0000E+00
     1    25     1     1        0  0.4850E+02  0.1995E+01  0.0000E+00  0.0000E+00
     1    25     1     2        0  0.1118E+04  0.4961E+00  0.0000E+00  0.0000E+00
     1    25     1     3        0  0.2237E-02  0.1360E-03  0.0000E+00  0.0000E+00
     1    26     1     1        0  0.5425E+02  0.1886E+01  0.0000E+00  0.0000E+00
     1    26     1     2        0  0.1177E+04  0.5498E+00  0.0000E+00  0.0000E+00
     1    26     1     3        0  0.1349E-02  0.8912E-04  0.0000E+00  0.0000E+00
     1    27     1     1        0  0.5917E+02  0.1790E+01  0.0000E+00  0.0000E+00
     1    27     1     2        0  0.1199E+04  0.6007E+00  0.0000E+00  0.0000E+00
     1    27     1     3        0  0.1965E-02  0.7048E-04  0.0000E+00  0.0000E+00
     1    28     1     1        0  0.6294E+02  0.1704E+01  0.0000E+00  0.0000E+00
     1    28     1     2        0  0.1190E+04  0.6479E+00  0.0000E+00  0.0000E+00
     1    28     1     3        0  0.2321E-02  0.6232E-04  0.0000E+00  0.0000E+00
     1    29     1     1        0  0.6508E+02  0.1627E+01  0.0000E+00  0.0000E+00
     1    29     1     2        0  0.1158E+04  0.6903E+00  0.0000E+00  0.0000E+00
     1    29     1     3        0  0.1170E-02  0.7878E-04  0.0000E+00  0.0000E+00
     1    30     1     1        0  0.6510E+02  0.1558E+01  0.0000E+00  0.0000E+00
     1    30     1     2        0  0.1112E+04  0.7269E+00  0.0000E+00  0.0000E+00
     1    30     1     3        0  0.1394E-02  0.9433E-04  0.0000E+00  0.0000E+00
     1    31     1     1        0  0.6275E+02  0.1495E+01  0.0000E+00  0.0000E+00
     1    31     1     2        0  0.1055E+04  0.7566E+00  0.0000E+00  0.0000E+00
     1    31     1     3        0  0.1100E-02  0.9626E-04  0.0000E+00  0.0000E+00
     1    32     1     1        0  0.5822E+02  0.1438E+01  0.0000E+00  0.0000E+00
     1    32     1     2        0  0.9913E+03  0.7839E+00  0.0000E+00  0.0000E+00
     1    32     1     3        0  0.2648E-02  0.8048E-04  0.0000E+00  0.0000E+00
     1    33     1     1        0  0.5210E+02  0.1386E+01  0.0000E+00  0.0000E+00
     1    33     1     2        0  0.9253E+03  0.8086E+00  0.0000E+00  0.0000E+00
     1    33     1     3        0  0.1374E-02  0.6952E-04  0.0000E+00  0.0000E+00
     1    34     1     1        0  0.4520E+02  0.1339E+01  0.0000E+00  0.0000E+00
     1    34     1     2        0  0.8596E+03  0.8260E+00  0.0000E+00  0.0000E+00
     1    34     1     3        0  0.1439E-02  0.5229E-04  0.0000E+00  0.0000E+00
     1    35     1     1        0  0.3829E+02  0.1296E+01  0.0000E+00  0.0000E+00
     1    35     1     2        0  0.7969E+03  0.8375E+00  0.0000E+00  0.0000E+00
     1    35     1     3        0  0.1765E-02  0.4823E-04  0.0000E+00  0.0000E+00
     1    36     1     1        0  0.3194E+02  0.1256E+01  0.0000E+00  0.0000E+00
     1    36     1     2        0  0.7391E+03  0.8445E+00  0.0000E+00  0.0000E+00
     1    36     1     3        0  0.9756E-03  0.3676E-04  0.0000E+00  0.0000E+00
     1    37     1     1        0  0.2646E+02  0.1219E+01  0.0000E+00  0.0000E+00
     1    37     1     2        0  0.6872E+03  0.8487E+00  0.0000E+00  0.0000E+00
     1    37     1     3        0  0.1442E-02  0.4585E-04  0.0000E+00  0.0000E+00
     1    38     1     1        0  0.2192E+02  0.1185E+01  0.0000E+00  0.0000E+00
     1    38     1     2        0  0.6414E+03  0.8516E+00  0.0000E+00  0.0000E+00
     1    38     1     3        0  0.6898E-03  0.2740E-04  0.0000E+00  0.0000E+00
     1    39     1     1        0  0.1826E+02  0.1153E+01  0.0000E+00  0.0000E+00
     1    39     1     2        0  0.6012E+03  0.8542E+00  0.0000E+00  0.0000E+00
     1    39     1     3        0  0.6728E-03  0.2934E-04  0.0000E+00  0.0000E+00
     1    40     1     1        0  0.1536E+02  0.1124E+01  0.0000E+00  0.0000E+00
     1    40     1     2        0  0.5661E+03  0.8571E+00  0.0000E+00  0.0000E+00
     1    40     1     3        0  0.1342E-02  0.3358E-04  0.0000E+00  0.0000E+00
     1    41     1     1        0  0.1307E+02  0.1097E+01  0.0000E+00  0.0000E+00
     1    41     1     2        0  0.5352E+03  0.8609E+00  0.0000E+00  0.0000E+00
     1    41     1     3        0  0.1038E-02  0.4667E-04  0.0000E+00  0.0000E+00
     1    42     1     1        0  0.1127E+02  0.1072E+01  0.0000E+00  0.0000E+00
     1    42     1     2        0  0.5079E+03  0.8655E+00  0.0000E+00  0.0000E+00
     1    42     1     3        0  0.4745E-03  0.4668E-04  0.0000E+00  0.0000E+00
     1    43     1     1        0  0.9836E+01  0.1048E+01  0.0000E+00  0.0000E+00
     1    43     1     2        0  0.4833E+03  0.8709E+00  0.0000E+00  0.0000E+00
     1    43     1     3        0  0.5195E-03  0.5740E-04  0.0000E+00  0.0000E+00
     1    44     1     1        0  0.8689E+01  0.1026E+01  0.0000E+00  0.0000E+00
     1    44     1     2        0  0.4611E+03  0.8771E+00  0.0000E+00  0.0000E+00
     1    44     1     3        0  0.5794E-03  0.5149E-04  0.0000E+00  0.0000E+00
     1    45     1     1        0  0.7756E+01  0.1006E+01  0.0000E+00  0.0000E+00
     1    45     1     2        0  0.4409E+03  0.8838E+00  0.0000E+00  0.0000E+00
     1    45     1     3        0  0.1054E-02  0.5149E-04  0.0000E+00  0.0000E+00
     1    46     1     1        0  0.6986E+01  0.9863E+00  0.0000E+00  0.0000E+00
     1    46     1     2        0  0.4222E+03  0.8910E+00  0.0000E+00  0.0000E+00
     1    46     1     3        0  0.1179E-02  0.5465E-04  0.0000E+00  0.0000E+00
     1    47     1     1        0  0.6341E+01  0.9681E+00  0.0000E+00  0.0000E+00
     1    47     1     2        0  0.4049E+03  0.8985E+00  0.0000E+00  0.0000E+00
     1    47     1     3        0  0.2127E-02  0.6827E-04  0.0000E+00  0.0000E+00
     1    48     1     1        0  0.5792E+01  0.9510E+00  0.0000E+00  0.0000E+00
     1    48     1     2        0  0.3889E+03  0.9062E+00  0.0000E+00  0.0000E+00
     1    48     1     3        0  0.1158E-02  0.5690E-04  0.0000E+00  0.0000E+00
     1    49     1     1        0  0.5319E+01  0.9348E+00  0.0000E+00  0.0000E+00
     1    49     1     2        0  0.3740E+03  0.9140E+00  0.0000E+00  0.0000E+00
     1    49     1     3        0  0.1123E-02  0.7930E-04  0.0000E+00  0.0000E+00
     1    50     1     1        0  0.5210E+01  0.9195E+00  0.0000E+00  0.0000E+00
     1    50     1     2        0  0.3601E+03  0.9219E+00  0.0000E+00  0.0000E+00
     1    50     1     3        0  0.1087E-02  0.6871E-04  0.0000E+00  0.0000E+00
     1    51     1     1        0  0.5299E+01  0.9050E+00  0.0000E+00  0.0000E+00
     1    51     1     2        0  0.3473E+03  0.9299E+00  0.0000E+00  0.0000E+00
     1    51     1     3        0  0.8938E-03  0.7372E-04  0.0000E+00  0.0000E+00
     1    52     1     1        0  0.5394E+01  0.8912E+00  0.0000E+00  0.0000E+00
     1    52     1     2        0  0.3353E+03  0.9379E+00  0.0000E+00  0.0000E+00
     1    52     1     3        0  0.1303E-02  0.8722E-04  0.0000E+00  0.0000E+00
     1    53     1     1        0  0.5495E+01  0.8780E+00  0.0000E+00  0.0000E+00
     1    53     1     2        0  0.3242E+03  0.9460E+00  0.0000E+00  0.0000E+00
     1    53     1     3        0  0.1007E-02  0.7618E-04  0.0000E+00  0.0000E+00
     1    54     1     1        0  0.5602E+01  0.8579E+00  0.0000E+00  0.0000E+00
     1    54     1     2        0  0.3139E+03  0.9460E+00  0.0000E+00  0.0000E+00
     1    54     1     3        0  0.7978E-03  0.7714E-04  0.0000E+00  0.0000E+00
     1    55     1     1        0  0.5715E+01  0.8336E+00  0.0000E+00  0.0000E+00
     1    55     1     2        0  0.3043E+03  0.9402E+00  0.0000E+00  0.0000E+00
     1    55     1     3        0  0.1290E-02  0.7403E-04  0.0000E+00  0.0000E+00
     1    56     1     1        0  0.5832E+01  0.8101E+00  0.0000E+00  0.0000E+00
     1    56     1     2        0  0.2954E+03  0.9345E+00  0.0000E+00  0.0000E+00
     1    56     1     3        0  0.9029E-03  0.6676E-04  0.0000E+00  0.0000E+00
     1    57     1     1        0  0.5955E+01  0.7876E+00  0.0000E+00  0.0000E+00
     1    57     1     2        0  0.2872E+03  0.9287E+00  0.0000E+00  0.0000E+00
     1    57     1     3        0  0.8698E-03  0.8358E-04  0.0000E+00  0.0000E+00
     1    58     1     1        0  0.6082E+01  0.7657E+00  0.0000E+00  0.0000E+00
     1    58     1     2        0  0.2796E+03  0.9230E+00  0.0000E+00  0.0000E+00
     1    58     1     3        0  0.1048E-02  0.8038E-04  0.0000E+00  0.0000E+00
     1    59     1     1        0  0.6214E+01  0.7446E+00  0.0000E+00  0.0000E+00
     1    59     1     2        0  0.2726E+03  0.9173E+00  0.0000E+00  0.0000E+00
     1    59     1     3        0  0.8664E-03  0.7265E-04  0.0000E+00  0.0000E+00
     1    60     1     1        0  0.6350E+01  0.7242E+00  0.0000E+00  0.0000E+00
     1    60     1     2        0  0.2661E+03  0.9117E+00  0.0000E+00  0.0000E+00
     1    60     1     3        0  0.7698E-03  0.8423E-04  0.0000E+00  0.0000E+00
     1    61     1     1        0  0.6491E+01  0.7044E+00  0.0000E+00  0.0000E+00
     1    61     1     2        0  0.2601E+03  0.9060E+00  0.0000E+00  0.0000E+00
     1    61     1     3        0  0.9547E-03  0.7986E-04  0.0000E+00  0.0000E+00
     1    62     1     1        0  0.6637E+01  0.6851E+00  0.0000E+00  0.0000E+00
     1    62     1     2        0  0.2546E+03  0.9005E+00  0.0000E+00  0.0000E+00
     1    62     1     3        0  0.6595E-03  0.8295E-04  0.0000E+00  0.0000E+00
     1    63     1     1        0  0.6787E+01  0.6664E+00  0.0000E+00  0.0000E+00
     1    63     1     2        0  0.2494E+03  0.8950E+00  0.0000E+00  0.0000E+00
     1    63     1     3        0  0.8371E-03  0.7868E-04  0.0000E+00  0.0000E+00
     1    64     1     1        0  0.6942E+01  0.6482E+00  0.0000E+00  0.0000E+00
     1    64     1     2        0  0.2447E+03  0.8895E+00  0.0000E+00  0.0000E+00
     1    64     1     3        0  0.6707E-03  0.9011E-04  0.0000E+00  0.0000E+00
     1    65     1     1        0  0.7101E+01  0.6305E+00  0.0000E+00  0.0000E+00
     1    65     1     2        0  0.2403E+03  0.8841E+00  0.0000E+00  0.0000E+00
     1    65     1     3        0  0.9933E-03  0.9063E-04  0.0000E+00  0.0000E+00
     1    66     1     1        0  0.7265E+01  0.6132E+00  0.0000E+00  0.0000E+00
     1    66     1     2        0  0.2363E+03  0.8788E+00  0.0000E+00  0.0000E+00
     1    66     1     3        0  0.6484E-03  0.8638E-04  0.0000E+00  0.0000E+00
     1    67     1     1        0  0.7433E+01  0.5963E+00  0.0000E+00  0.0000E+00
     1    67     1     2        0  0.2325E+03  0.8735E+00  0.0000E+00  0.0000E+00
     1    67     1     3        0  0.5088E-03  0.1072E-03  0.0000E+00  0.0000E+00
     1    68     1     1        0  0.7607E+01  0.5798E+00  0.0000E+00  0.0000E+00
     1    68     1     2        0  0.2291E+03  0.8683E+00  0.0000E+00  0.0000E+00
     1    68     1     3        0  0.5795E-03  0.1079E-03  0.0000E+00  0.0000E+00
     1    69     1     1        0  0.7785E+01  0.5636E+00  0.0000E+00  0.0000E+00
     1    69     1     2        0  0.2259E+03  0.8632E+00  0.0000E+00  0.0000E+00
     1    69     1     3        0  0.8809E-03  0.1007E-03  0.0000E+00  0.0000E+00
     1    70     1     1        0  0.7968E+01  0.5477E+00  0.0000E+00  0.0000E+00
     1    70     1     2        0  0.2229E+03  0.8582E+00  0.0000E+00  0.0000E+00
     1    70     1     3        0  0.5779E-03  0.1053E-03  0.0000E+00  0.0000E+00
     1    71     1     1        0  0.8156E+01  0.5322E+00  0.0000E+00  0.0000E+00
     1    71     1     2        0  0.2202E+03  0.8532E+00  0.0000E+00  0.0000E+00
     1    71     1     3        0  0.7009E-03  0.1135E-03  0.0000E+00  0.0000E+00
     1    72     1     1        0  0.8350E+01  0.5169E+00  0.0000E+00  0.0000E+00
     1    72     1     2        0  0.2177E+03  0.8482E+00  0.0000E+00  0.0000E+00
     1    72     1     3        0  0.7714E-03  0.1210E-03  0.0000E+00  0.0000E+00
     1    73     1     1        0  0.8548E+01  0.5018E+00  0.0000E+00  0.0000E+00
     1    73     1     2        0  0.2154E+03  0.8434E+00  0.0000E+00  0.0000E+00
     1    73     1     3        0  0.4692E-03  0.1247E-03  0.0000E+00  0.0000E+00
     1    74     1     1        0  0.8753E+01  0.4870E+00  0.0000E+00  0.0000E+00
     1    74     1     2        0  0.2133E+03  0.8386E+00  0.0000E+00  0.0000E+00
     1    74     1     3        0  0.1358E-02  0.1389E-03  0.0000E+00  0.0000E+00
     1    75     1     1        0  0.8963E+01  0.4724E+00  0.0000E+00  0.0000E+00
     1    75     1     2        0  0.2113E+03  0.8340E+00  0.0000E+00  0.0000E+00
     1    75     1     3        0  0.8955E-03  0.1363E-03  0.0000E+00  0.0000E+00
     1    76     1     1        0  0.9178E+01  0.4581E+00  0.0000E+00  0.0000E+00
     1    76     1     2        0  0.2095E+03  0.8294E+00  0.0000E+00  0.0000E+00
     1    76     1     3        0  0.4391E-03  0.1372E-03  0.0000E+00  0.0000E+00
     1    77     1     1        0  0.9400E+01  0.4439E+00  0.0000E+00  0.0000E+00
     1    77     1     2        0  0.2078E+03  0.8250E+00  0.0000E+00  0.0000E+00
     1    77     1     3        0  0.5252E-03  0.1485E-03  0.0000E+00  0.0000E+00
     1    78     1     1        0  0.9628E+01  0.4300E+00  0.0000E+00  0.0000E+00
     1    78     1     2        0  0.2063E+03  0.8207E+00  0.0000E+00  0.0000E+00
     1    78     1     3        0  0.6126E-03  0.1506E-03  0.0000E+00  0.0000E+00
     1    79     1     1        0  0.9862E+01  0.4162E+00  0.0000E+00  0.0000E+00
     1    79     1     2        0  0.2049E+03  0.8165E+00  0.0000E+00  0.0000E+00
     1    79     1     3        0  0.5843E-03  0.1419E-03  0.0000E+00  0.0000E+00
     1    80     1     1        0  0.1010E+02  0.4027E+00  0.0000E+00  0.0000E+00
     1    80     1     2        0  0.2036E+03  0.8125E+00  0.0000E+00  0.0000E+00
     1    80     1     3        0  0.5511E-03  0.1654E-03  0.0000E+00  0.0000E+00
     1    81     1     1        0  0.1035E+02  0.3894E+00  0.0000E+00  0.0000E+00
     1    81     1     2        1  0.8529E+04  0.6544E+01  0.0000E+00  0.0000E+00
     1    81     1     3        1  0.2184E+00  0.8563E-02  0.0000E+00  0.0000E+00
     1    82     1     1        0  0.6159E+02  0.4888E+01  0.0000E+00  0.0000E+00
     1    82     1     2        2  0.1886E+07  0.1000E+03  0.0000E+00  0.0000E+00
     1    82     1     3       11  0.1157E+07  0.8606E+02  0.0000E+00  0.0000E+00
     1    82     1     4        9  0.3637E+06  0.3170E+02  0.0000E+00  0.0000E+00
     1    82     1     5        5  0.2836E+06  0.3974E+02  0.0000E+00  0.0000E+00
     1    82     1     6        7  0.3201E+06  0.2480E+02  0.0000E+00  0.0000E+00
     1    82     1     7        6  0.2202E+06  0.2538E+02  0.0000E+00  0.0000E+00
     1    82     1     8       25  0.2136E+06  0.3736E+01  0.0000E+00  0.0000E+00
     1    82     1     9       17  0.1561E+06  0.8911E+01  0.0000E+00  0.0000E+00
     1    82     1    10       14  0.1279E+06  0.3517E+01  0.0000E+00  0.0000E+00
     1    82     1    11       10  0.2137E+06  0.2260E+01  0.0000E+00  0.0000E+00
     1    82     1    12        5  0.1650E+06  0.5404E+01  0.0000E+00  0.0000E+00
     1    82     1    13        6  0.1031E+06  0.4222E+01  0.0000E+00  0.0000E+00
     1    82     1    14        5  0.1807E+06  0.2561E+01  0.0000E+00  0.0000E+00
     1    82     1    15        2  0.1257E+06  0.3200E+01  0.0000E+00  0.0000E+00
     1    82     1    16       16  0.3049E+06  0.3273E+01  0.0000E+00  0.0000E+00
     1    82     1    17       17  0.1575E+06  0.2503E+01  0.0000E+00  0.0000E+00
     1    82     1    18       15  0.1302E+06  0.3163E+01  0.0000E+00  0.0000E+00
     1    82     1    19        8  0.1921E+06  0.1901E+01  0.0000E+00  0.0000E+00
     1    82     1    20        5  0.1472E+06  0.5219E+01  0.0000E+00  0.0000E+00
     1    82     1    21        5  0.9601E+05  0.3368E+01  0.0000E+00  0.0000E+00
     1    82     1    22        3  0.1687E+06  0.2020E+01  0.0000E+00  0.0000E+00
     1    82     1    23        8  0.1309E+06  0.3035E+01  0.0000E+00  0.0000E+00
     1    82     1    24        9  0.1133E+06  0.2415E+01  0.0000E+00  0.0000E+00
     1    82     1    25        7  0.1353E+06  0.2263E+01  0.0000E+00  0.0000E+00
     1    82     1    26        5  0.8629E+05  0.1652E+01  0.0000E+00  0.0000E+00
     1    82     1    27        2  0.9682E+05  0.2778E+01  0.0000E+00  0.0000E+00
     1    82     1    28        4  0.1169E+06  0.2407E+01  0.0000E+00  0.0000E+00
     1    82     1    29        2  0.9803E+05  0.1681E+01  0.0000E+00  0.0000E+00
     1    82     1    30        0  0.1269E+06  0.1308E+02  0.0000E+00  0.0000E+00
     1    82     1    31        0  0.1412E+06  0.2577E+01  0.0000E+00  0.0000E+00
     1    82     1    32        0  0.3272E+06  0.5558E+01  0.0000E+00  0.0000E+00
     1    82     1    33        0  0.3863E+06  0.3130E+01  0.0000E+00  0.0000E+00
     1    82     1    34        0  0.4196E+06  0.2650E+02  0.0000E+00  0.0000E+00
     1    82     1    35        0  0.5568E+06  0.6061E+01  0.0000E+00  0.0000E+00
     1    82     1    36        0  0.4842E+06  0.3845E+01  0.0000E+00  0.0000E+00
     1    82     1    37        2  0.1586E+07  0.5271E+02  0.0000E+00  0.0000E+00
     1    82     1    38        1  0.5423E+06  0.1529E+02  0.0000E+00  0.0000E+00
     1    82     1    39        1  0.2796E+06  0.4991E+01  0.0000E+00  0.0000E+00
     1    82     1    40        1  0.1743E+06  0.4006E+01  0.0000E+00  0.0000E+00
     1    82     1    41        1  0.1372E+06  0.1485E+01  0.0000E+00  0.0000E+00
     1    82     1    42        0  0.5789E+06  0.1000E+03  0.0000E+00  0.0000E+00
     1    82     1    43       52  0.7863E+06  0.8040E+02  0.0000E+00  0.0000E+00
     1    82     1    44       55  0.1291E+07  0.3323E+02  0.0000E+00  0.0000E+00
     1    82     1    45       37  0.3313E+06  0.5316E+01  0.0000E+00  0.0000E+00
     1    82     1    46       15  0.1914E+06  0.1232E+02  0.0000E+00  0.0000E+00
     1    82     1    47       12  0.1135E+06  0.1278E+01  0.0000E+00  0.0000E+00
     1    82     1    48        4  0.4762E+06  0.4954E+02  0.0000E+00  0.0000E+00
     1    82     1    49       26  0.8873E+06  0.1411E+02  0.0000E+00  0.0000E+00
     1    82     1    50       19  0.2374E+06  0.3716E+01  0.0000E+00  0.0000E+00
     1    82     1    51       34  0.2028E+06  0.1649E+02  0.0000E+00  0.0000E+00
     1    82     1    52       31  0.6740E+05  0.1181E+01  0.0000E+00  0.0000E+00
     1    82     1    53       16  0.2417E+06  0.3002E+02  0.0000E+00  0.0000E+00
     1    82     1    54       13  0.1367E+06  0.2212E+01  0.0000E+00  0.0000E+00
     1    82     1    55        8  0.1105E+06  0.1139E+02  0.0000E+00  0.0000E+00
     1    82     1    56        8  0.1533E+06  0.2537E+01  0.0000E+00  0.0000E+00
     1    82     1    57        4  0.2049E+06  0.7850E+01  0.0000E+00  0.0000E+00
     1    82     1    58       18  0.3898E+06  0.2864E+01  0.0000E+00  0.0000E+00
     1    82     1    59       12  0.2934E+06  0.4069E+01  0.0000E+00  0.0000E+00
     1    82     1    60       10  0.1432E+06  0.2917E+01  0.0000E+00  0.0000E+00
     1    82     2     1        0  0.6159E+02  0.4888E+01  0.0000E+00  0.0000E+00
     1    82     2     2        2  0.2241E+07  0.1000E+03  0.0000E+00  0.0000E+00
     1    82     2     3        7  0.1855E+07  0.7979E+02  0.0000E+00  0.0000E+00
     1    82     2     4        6  0.1310E+06  0.2168E+02  0.0000E+00  0.0000E+00
     1    82     2     5        1  0.1781E+07  0.2558E+02  0.0000E+00  0.0000E+00
     1    82     2     6        1  0.4649E+06  0.1450E+02  0.0000E+00  0.0000E+00
     1    82     2     7        4  0.1111E+07  0.2280E+02  0.0000E+00  0.0000E+00
     1    82     2     8        4  0.3238E+06  0.3941E+01  0.0000E+00  0.0000E+00
     1    82     2     9        3  0.2267E+06  0.3394E+02  0.0000E+00  0.0000E+00
     1    82     2    10        3  0.1513E+06  0.2035E+02  0.0000E+00  0.0000E+00
     1    82     2    11        1  0.1174E+06  0.2940E+01  0.0000E+00  0.0000E+00
     1    82     2    12        1  0.1819E+06  0.2305E+01  0.0000E+00  0.0000E+00
     1    82     2    13        0  0.6664E+06  0.4379E+02  0.0000E+00  0.0000E+00
     1    82     2    14        0  0.3925E+06  0.7202E+01  0.0000E+00  0.0000E+00
     1    82     2    15        0  0.1602E+06  0.1375E+01  0.0000E+00  0.0000E+00
     1    82     2    16        0  0.6555E+06  0.3171E+02  0.0000E+00  0.0000E+00
     1    82     2    17        0  0.6855E+05  0.2835E+01  0.0000E+00  0.0000E+00
     1    82     2    18        0  0.4573E+06  0.7700E+01  0.0000E+00  0.0000E+00
     1    82     2    19        0  0.1291E+06  0.9093E+00  0.0000E+00  0.0000E+00
     1    82     2    20        0  0.6096E+06  0.2177E+02  0.0000E+00  0.0000E+00
     1    82     2    21        0  0.2752E+06  0.1612E+01  0.0000E+00  0.0000E+00
     1    82     2    22        2  0.1947E+07  0.8124E+02  0.0000E+00  0.0000E+00
     1    82     2    23        3  0.7387E+04  0.5861E+01  0.0000E+00  0.0000E+00
     1    82     2    24        1  0.1390E+07  0.1279E+02  0.0000E+00  0.0000E+00
     1    82     2    25        2  0.3316E+05  0.9243E+00  0.0000E+00  0.0000E+00
     1    82     2    26        0  0.6367E+06  0.3336E+02  0.0000E+00  0.0000E+00
     1    82     2    27        0  0.2254E+05  0.3903E+01  0.0000E+00  0.0000E+00
     1    82     2    28        0  0.5577E+06  0.2294E+02  0.0000E+00  0.0000E+00
     1    82     2    29        1  0.1236E+05  0.9097E+00  0.0000E+00  0.0000E+00
     1    82     2    30        0  0.3637E+06  0.7047E+01  0.0000E+00  0.0000E+00
     1    82     2    31        4  0.2287E+07  0.7377E+02  0.0000E+00  0.0000E+00
     1    82     2    32        4  0.1384E+06  0.2757E+02  0.0000E+00  0.0000E+00
     1    82     2    33        1  0.1869E+07  0.2711E+02  0.0000E+00  0.0000E+00
     1    82     2    34        1  0.5120E+05  0.1330E+01  0.0000E+00  0.0000E+00
     1    82     2    35        0  0.4927E+06  0.1000E+03  0.0000E+00  0.0000E+00
     1    82     2    36        7  0.5087E+06  0.2323E+02  0.0000E+00  0.0000E+00
     1    82     2    37        7  0.1085E+06  0.2523E+01  0.0000E+00  0.0000E+00
     1    82     2    38        2  0.2128E+06  0.2490E+02  0.0000E+00  0.0000E+00
     1    82     2    39        2  0.1944E+06  0.4600E+01  0.0000E+00  0.0000E+00
     1    82     2    40        2  0.3067E+05  0.4179E+00  0.0000E+00  0.0000E+00
     1    82     2    41        0  0.6460E+06  0.1000E+03  0.0000E+00  0.0000E+00
     1    82     2    42      178  0.1088E+07  0.8662E+02  0.0000E+00  0.0000E+00
     1    82     3     1        0  0.6572E+03  0.1605E+02  0.0000E+00  0.0000E+00
     1    82     3     2        1  0.5171E+04  0.3010E+02  0.0000E+00  0.0000E+00
     1    82     3     3        1  0.1001E+02  0.8204E+00  0.0000E+00  0.0000E+00
     1    82     3     4        1  0.5295E+00  0.2819E+00  0.0000E+00  0.0000E+00
     1    82     3     5        1  0.1765E-02  0.1166E-03  0.0000E+00  0.0000E+00
     1    82     3     6        1  0.5449E-01  0.1451E-06  0.0000E+00  0.0000E+00
     1    83     1     1        0  0.4324E+05  0.6385E+02  0.0000E+00  0.0000E+00
     1    83     1     2        1  0.4308E+04  0.6189E+02  0.0000E+00  0.0000E+00
     1    83     1     3        1  0.7568E+04  0.4246E+02  0.0000E+00  0.0000E+00
     1    83     1     4        1  0.2893E+04  0.2066E+02  0.0000E+00  0.0000E+00
     1    83     1     5        1  0.4986E+03  0.1133E+02  0.0000E+00  0.0000E+00
     1    83     1     6        1  0.1772E+02  0.2342E+01  0.0000E+00  0.0000E+00
     1    83     1     7        1  0.5988E+00  0.2699E+00  0.0000E+00  0.0000E+00
     1    83     1     8        1  0.2427E-01  0.5663E-03  0.0000E+00  0.0000E+00
     1    84     1     1        1  0.2510E+00  0.1262E+00  0.0000E+00  0.0000E+00
     1    84     1     2        1  0.2270E+01  0.2092E+00  0.0000E+00  0.0000E+00
     1    84     1     3        1  0.9420E-01  0.1198E-04  0.0000E+00  0.0000E+00
     1    85     1     1        1  0.7647E+00  0.1938E+00  0.0000E+00  0.0000E+00
     1    85     1     2        1  0.1245E+02  0.3414E+00  0.0000E+00  0.0000E+00
     1    85     1     3        1  0.2019E-01  0.8685E-04  0.0000E+00  0.0000E+00
     1    86     1     1        1  0.3786E+01  0.2939E+00  0.0000E+00  0.0000E+00
     1    86     1     2        1  0.6489E+02  0.5559E+00  0.0000E+00  0.0000E+00
     1    86     1     3        1  0.3776E-01  0.7154E-03  0.0000E+00  0.0000E+00
     1    87     1     1        1  0.9227E+01  0.3777E+00  0.0000E+00  0.0000E+00
     1    87     1     2        1  0.1570E+03  0.7492E+00  0.0000E+00  0.0000E+00
     1    87     1     3        1  0.2259E+00  0.2340E-02  0.0000E+00  0.0000E+00
     1    88     1     1        1  0.1110E+02  0.3973E+00  0.0000E+00  0.0000E+00
     1    88     1     2        1  0.1842E+03  0.8140E+00  0.0000E+00  0.0000E+00
     1    88     1     3        1  0.9942E-01  0.3036E-02  0.0000E+00  0.0000E+00
     1    89     1     1        1  0.1139E+02  0.3848E+00  0.0000E+00  0.0000E+00
     1    89     1     2        1  0.1838E+03  0.8117E+00  0.0000E+00  0.0000E+00
     1    89     1     3        1  0.2271E+00  0.3080E-02  0.0000E+00  0.0000E+00
     1    90     1     1        1  0.1169E+02  0.3723E+00  0.0000E+00  0.0000E+00
     1    90     1     2        1  0.1835E+03  0.8095E+00  0.0000E+00  0.0000E+00
     1    90     1     3        1  0.1109E+00  0.3132E-02  0.0000E+00  0.0000E+00
     1    91     1     1        1  0.1200E+02  0.3600E+00  0.0000E+00  0.0000E+00
     1    91     1     2        1  0.1832E+03  0.8074E+00  0.0000E+00  0.0000E+00
     1    91     1     3        1  0.9132E-01  0.3182E-02  0.0000E+00  0.0000E+00
     1    92     1     1        1  0.1231E+02  0.3480E+00  0.0000E+00  0.0000E+00
     1    92     1     2        1  0.1830E+03  0.8053E+00  0.0000E+00  0.0000E+00
     1    92     1     3        1  0.2379E+00  0.3248E-02  0.0000E+00  0.0000E+00
     1    93     1     1        1  0.1263E+02  0.3363E+00  0.0000E+00  0.0000E+00
     1    93     1     2        1  0.1829E+03  0.8035E+00  0.0000E+00  0.0000E+00
     1    93     1     3        1  0.1002E+00  0.3307E-02  0.0000E+00  0.0000E+00
     1    94     1     1        1  0.1296E+02  0.3247E+00  0.0000E+00  0.0000E+00
     1    94     1     2        1  0.1828E+03  0.8017E+00  0.0000E+00  0.0000E+00
     1    94     1     3        1  0.1031E+00  0.3376E-02  0.0000E+00  0.0000E+00
     1    95     1     1        1  0.1330E+02  0.3134E+00  0.0000E+00  0.0000E+00
     1    95     1     2        1  0.1828E+03  0.8001E+00  0.0000E+00  0.0000E+00
     1    95     1     3        1  0.1102E-01  0.3438E-02  0.0000E+00  0.0000E+00
     1    96     1     1        1  0.1365E+02  0.3022E+00  0.0000E+00  0.0000E+00
     1    96     1     2        1  0.1829E+03  0.7985E+00  0.0000E+00  0.0000E+00
     1    96     1     3        1  0.1888E+00  0.3507E-02  0.0000E+00  0.0000E+00
     1    97     1     1        1  0.1401E+02  0.2913E+00  0.0000E+00  0.0000E+00
     1    97     1     2        1  0.1831E+03  0.7970E+00  0.0000E+00  0.0000E+00
     1    97     1     3        1  0.2450E+00  0.3576E-02  0.0000E+00  0.0000E+00
     1    98     1     1        1  0.1437E+02  0.2806E+00  0.0000E+00  0.0000E+00
     1    98     1     2        1  0.1833E+03  0.7957E+00  0.0000E+00  0.0000E+00
     1    98     1     3        1  0.3170E-01  0.3643E-02  0.0000E+00  0.0000E+00
     1    99     1     1        1  0.1475E+02  0.2701E+00  0.0000E+00  0.0000E+00
     1    99     1     2        1  0.1835E+03  0.7944E+00  0.0000E+00  0.0000E+00
     1    99     1     3        1  0.2048E+00  0.3717E-02  0.0000E+00  0.0000E+00
     1   100     1     1        1  0.1514E+02  0.2599E+00  0.0000E+00  0.0000E+00
     1   100     1     2        2  0.2121E+05  0.1058E+02  0.0000E+00  0.0000E+00
     1   100     1     3        2  0.2323E+00  0.3130E-01  0.0000E+00  0.0000E+00
     1   101     1     1        1  0.1850E+04  0.5745E+01  0.0000E+00  0.0000E+00
     1   101     1     2        6  0.4805E+06  0.9464E+02  0.0000E+00  0.0000E+00
     1   101     1     3        6  0.2078E+02  0.2841E+01  0.0000E+00  0.0000E+00
     1   101     1     4        3  0.7708E+05  0.8942E+02  0.0000E+00  0.0000E+00
     1   101     1     5        3  0.2207E+05  0.9953E+01  0.0000E+00  0.0000E+00
     1   101     1     6        2  0.1886E+05  0.3349E+02  0.0000E+00  0.0000E+00
     1   101     1     7        2  0.2723E+05  0.2284E+02  0.0000E+00  0.0000E+00
     1   101     1     8        2  0.1356E+05  0.8654E+01  0.0000E+00  0.0000E+00
     1   101     1     9        2  0.2103E+05  0.1086E+02  0.0000E+00  0.0000E+00
     1   101     1    10        2  0.8121E+04  0.5552E+01  0.0000E+00  0.0000E+00
     1   101     1    11        2  0.1222E+05  0.8730E+01  0.0000E+00  0.0000E+00
     1   101     1    12        5  0.4912E+06  0.7847E+02  0.0000E+00  0.0000E+00
     1   101     1    13        5  0.3477E+02  0.2673E+01  0.0000E+00  0.0000E+00
     1   101     1    14        3  0.7998E+05  0.7933E+02  0.0000E+00  0.0000E+00
     1   101     1    15        3  0.1694E+05  0.1007E+02  0.0000E+00  0.0000E+00
     1   101     1    16        2  0.1934E+05  0.2649E+02  0.0000E+00  0.0000E+00
     1   101     1    17        2  0.2826E+05  0.1812E+02  0.0000E+00  0.0000E+00
     1   101     1    18        2  0.2822E+05  0.1149E+02  0.0000E+00  0.0000E+00
     1   101     1    19        2  0.1377E+05  0.7809E+01  0.0000E+00  0.0000E+00
     1   101     1    20        3  0.1572E+05  0.8283E+01  0.0000E+00  0.0000E+00
     1   101     1    21        2  0.7165E+04  0.8074E+01  0.0000E+00  0.0000E+00
     1   101     1    22        5  0.3510E+06  0.7579E+02  0.0000E+00  0.0000E+00
     1   101     1    23        5  0.8413E+01  0.2628E+01  0.0000E+00  0.0000E+00
     1   101     1    24        3  0.6380E+05  0.7753E+02  0.0000E+00  0.0000E+00
     1   101     1    25        3  0.1600E+05  0.8906E+01  0.0000E+00  0.0000E+00
     1   101     1    26        2  0.2303E+05  0.2523E+02  0.0000E+00  0.0000E+00
     1   101     1    27        2  0.3245E+05  0.1651E+02  0.0000E+00  0.0000E+00
     1   101     1    28        2  0.1195E+05  0.7303E+01  0.0000E+00  0.0000E+00
     1   101     1    29        2  0.1591E+05  0.1060E+02  0.0000E+00  0.0000E+00
     1   101     1    30        2  0.8686E+04  0.6173E+01  0.0000E+00  0.0000E+00
     1   101     1    31        5  0.4159E+06  0.7781E+02  0.0000E+00  0.0000E+00
     1   101     1    32        5  0.1363E+01  0.2345E+01  0.0000E+00  0.0000E+00
     1   102     1     1       37  0.4376E+06  0.7868E+02  0.0000E+00  0.0000E+00
     1   102     1     2       22  0.4468E+04  0.5800E+01  0.0000E+00  0.0000E+00
     1   102     1     3       23  0.2988E+04  0.9578E+01  0.0000E+00  0.0000E+00
     1   102     1     4       18  0.2724E+03  0.2388E+01  0.0000E+00  0.0000E+00
     1   102     1     5        8  0.1493E+02  0.6076E+00  0.0000E+00  0.0000E+00
     1   102     1     6        9  0.1097E+01  0.9956E-02  0.0000E+00  0.0000E+00
     1   102     1     7        4  0.1563E+00  0.3346E-04  0.0000E+00  0.0000E+00
     1   102     1     8        8  0.3668E+00  0.1973E-04  0.0000E+00  0.0000E+00
     1   102     1     9        6  0.2180E+00  0.1761E-04  0.0000E+00  0.0000E+00
     1   102     1    10        4  0.1159E+00  0.8920E-04  0.0000E+00  0.0000E+00
     1   102     1    11        5  0.1749E+00  0.8427E-04  0.0000E+00  0.0000E+00
     1   102     1    12        3  0.8322E+05  0.9355E+02  0.0000E+00  0.0000E+00
     1   102     1    13        5  0.9548E+05  0.2222E+02  0.0000E+00  0.0000E+00
     1   102     1    14        3  0.5094E+05  0.1762E+02  0.0000E+00  0.0000E+00
     1   102     1    15        2  0.3895E+05  0.3339E+02  0.0000E+00  0.0000E+00
     1   102     1    16        2  0.4240E+05  0.1884E+02  0.0000E+00  0.0000E+00
     1   102     1    17        2  0.4766E+05  0.1540E+02  0.0000E+00  0.0000E+00
     1   102     1    18        2  0.3839E+05  0.1341E+02  0.0000E+00  0.0000E+00
     1   102     1    19        5  0.5556E+06  0.8080E+02  0.0000E+00  0.0000E+00
     1   102     1    20        5  0.6317E+02  0.1325E+01  0.0000E+00  0.0000E+00
     1   102     1    21        3  0.1189E+06  0.1000E+03  0.0000E+00  0.0000E+00
     1   102     1    22        3  0.3964E+05  0.1203E+02  0.0000E+00  0.0000E+00
     1   102     1    23        2  0.4168E+05  0.5072E+02  0.0000E+00  0.0000E+00
     1   102     1    24        5  0.2442E+06  0.3644E+02  0.0000E+00  0.0000E+00
     1   102     1    25        5  0.1042E+02  0.4695E+00  0.0000E+00  0.0000E+00
     1   102     1    26        3  0.8409E+05  0.8358E+02  0.0000E+00  0.0000E+00
     1   102     1    27        3  0.2416E+05  0.9380E+01  0.0000E+00  0.0000E+00
     1   102     1    28        2  0.2238E+05  0.3322E+02  0.0000E+00  0.0000E+00
     1   102     1    29        3  0.4397E+05  0.1530E+02  0.0000E+00  0.0000E+00
     1   102     1    30        3  0.7142E+04  0.5953E+01  0.0000E+00  0.0000E+00
     1   102     1    31        3  0.1136E+05  0.1546E+02  0.0000E+00  0.0000E+00
     1   102     1    32        3  0.1773E+05  0.9755E+01  0.0000E+00  0.0000E+00
     1   102     1    33        3  0.3966E+04  0.4279E+01  0.0000E+00  0.0000E+00
     1   102     1    34        3  0.6295E+04  0.5349E+01  0.0000E+00  0.0000E+00
     1   102     1    35        3  0.4565E+03  0.1465E+01  0.0000E+00  0.0000E+00
     1   102     1    36        3  0.1884E+03  0.9564E+00  0.0000E+00  0.0000E+00
     1   102     1    37        3  0.3995E+00  0.3385E-01  0.0000E+00  0.0000E+00
     1   103     1     1        1  0.7659E+05  0.6650E+02  0.0000E+00  0.0000E+00
     1   103     1     2       16  0.1139E+07  0.1000E+03  0.0000E+00  0.0000E+00
     1   103     1     3       23  0.7350E+06  0.8832E+02  0.0000E+00  0.0000E+00
     1   103     1     4       19  0.3549E+06  0.6118E+02  0.0000E+00  0.0000E+00
     1   103     1     5       36  0.1259E+06  0.8601E+01  0.0000E+00  0.0000E+00
     1   103     1     6       41  0.4394E+06  0.1000E+03  0.0000E+00  0.0000E+00
     1   103     1     7       48  0.3453E+07  0.1000E+03  0.0000E+00  0.0000E+00
     1   103     1     8      100  0.1253E+07  0.2797E+02  0.0000E+00  0.0000E+00
     1   103     1     9       77  0.2386E+07  0.3894E+01  0.0000E+00  0.0000E+00
     1   103     1    10       50  0.3375E+06  0.9438E+02  0.0000E+00  0.0000E+00
     1   103     1    11       48  0.1533E+06  0.2894E+01  0.0000E+00  0.0000E+00
     1   103     1    12       53  0.1230E+07  0.1123E+02  0.0000E+00  0.0000E+00
     1   103     1    13       51  0.3262E+06  0.5037E+01  0.0000E+00  0.0000E+00
     1   103     1    14       45  0.2058E+06  0.1289E+01  0.0000E+00  0.0000E+00
     1   103     1    15       63  0.2799E+07  0.5287E+01  0.0000E+00  0.0000E+00
     1   103     1    16       61  0.2151E+07  0.4596E+01  0.0000E+00  0.0000E+00
     1   103     1    17       58  0.7778E+06  0.3772E+01  0.0000E+00  0.0000E+00
     1   103     1    18       48  0.1418E+06  0.2580E+01  0.0000E+00  0.0000E+00
     1   103     1    19       43  0.5598E+06  0.1933E+02  0.0000E+00  0.0000E+00
     1   103     1    20       38  0.7433E+07  0.2539E+01  0.0000E+00  0.0000E+00
     1   103     1    21       36  0.5805E+07  0.2422E+01  0.0000E+00  0.0000E+00
     1   103     1    22       30  0.1389E+06  0.1528E+01  0.0000E+00  0.0000E+00
     1   103     1    23       16  0.7014E+06  0.4455E+02  0.0000E+00  0.0000E+00
     1   103     1    24       21  0.2701E+06  0.9415E+01  0.0000E+00  0.0000E+00
     1   103     1    25       12  0.2921E+06  0.2130E+01  0.0000E+00  0.0000E+00
     1   103     1    26       23  0.7120E+06  0.4100E+02  0.0000E+00  0.0000E+00
     1   103     1    27       28  0.1354E+07  0.9103E+01  0.0000E+00  0.0000E+00
     1   103     1    28       37  0.1118E+07  0.1030E+02  0.0000E+00  0.0000E+00
     1   103     1    29       19  0.5469E+06  0.3608E+02  0.0000E+00  0.0000E+00
     1   103     1    30       18  0.1025E+06  0.1743E+01  0.0000E+00  0.0000E+00
     1   103     1    31        9  0.4083E+06  0.6805E+02  0.0000E+00  0.0000E+00
     1   103     1    32       26  0.7553E+06  0.2419E+01  0.0000E+00  0.0000E+00
     1   103     1    33       17  0.1116E+06  0.1475E+01  0.0000E+00  0.0000E+00
     1   103     1    34        8  0.3131E+07  0.7383E+02  0.0000E+00  0.0000E+00
     1   103     1    35       57  0.1211E+07  0.2006E+02  0.0000E+00  0.0000E+00
     1   103     1    36       53  0.8997E+05  0.1421E+01  0.0000E+00  0.0000E+00
     1   103     1    37       48  0.5975E+06  0.7219E+02  0.0000E+00  0.0000E+00
     1   103     1    38       48  0.1287E+06  0.1835E+01  0.0000E+00  0.0000E+00
     1   103     1    39       26  0.4615E+06  0.4136E+02  0.0000E+00  0.0000E+00
     1   103     1    40       38  0.6302E+05  0.1106E+01  0.0000E+00  0.0000E+00
     1   103     1    41       22  0.4370E+06  0.3466E+02  0.0000E+00  0.0000E+00
     1   103     1    42       22  0.1519E+06  0.2368E+01  0.0000E+00  0.0000E+00
     1   103     1    43        9  0.9719E+05  0.5245E+01  0.0000E+00  0.0000E+00
     1   103     1    44       11  0.3422E+05  0.5994E+00  0.0000E+00  0.0000E+00
     1   103     1    45        8  0.2233E+06  0.8691E+01  0.0000E+00  0.0000E+00
     1   103     1    46       14  0.9241E+05  0.2960E+01  0.0000E+00  0.0000E+00
     1   103     1    47       12  0.5339E+05  0.1117E+01  0.0000E+00  0.0000E+00
     1   103     1    48        6  0.5767E+05  0.2266E+01  0.0000E+00  0.0000E+00
     1   103     1    49        8  0.1697E+06  0.1436E+01  0.0000E+00  0.0000E+00
     1   103     1    50        8  0.2061E+05  0.5634E+00  0.0000E+00  0.0000E+00
     1   103     1    51        5  0.1353E+06  0.4415E+01  0.0000E+00  0.0000E+00
     1   103     1    52        5  0.2743E+05  0.6926E+00  0.0000E+00  0.0000E+00
     1   103     1    53        1  0.5386E+05  0.4055E+01  0.0000E+00  0.0000E+00
     1   103     1    54        1  0.6868E+05  0.2584E+01  0.0000E+00  0.0000E+00
     1   103     1    55        1  0.5351E+05  0.9269E+00  0.0000E+00  0.0000E+00
     1   103     1    56        7  0.2355E+07  0.2706E+02  0.0000E+00  0.0000E+00
     1   103     1    57        6  0.7734E+05  0.5490E+01  0.0000E+00  0.0000E+00
     1   103     1    58        4  0.3307E+07  0.4254E+01  0.0000E+00  0.0000E+00
     1   103     1    59       11  0.2411E+07  0.3322E+02  0.0000E+00  0.0000E+00
     1   103     1    60       11  0.1175E+06  0.6341E+01  0.0000E+00  0.0000E+00
     1   103     2     1        1  0.7659E+05  0.6650E+02  0.0000E+00  0.0000E+00
     1   103     2     2       16  0.1113E+07  0.1000E+03  0.0000E+00  0.0000E+00
     1   103     2     3       23  0.7305E+06  0.8701E+02  0.0000E+00  0.0000E+00
     1   103     2     4       23  0.4472E+05  0.1559E+02  0.0000E+00  0.0000E+00
     1   103     2     5       25  0.8243E+06  0.1000E+03  0.0000E+00  0.0000E+00
     1   103     2     6       42  0.5805E+06  0.8515E+01  0.0000E+00  0.0000E+00
     1   103     2     7       36  0.5926E+06  0.2261E+01  0.0000E+00  0.0000E+00
     1   103     2     8       16  0.3949E+06  0.2021E+02  0.0000E+00  0.0000E+00
     1   103     2     9       27  0.1853E+06  0.6167E+00  0.0000E+00  0.0000E+00
     1   103     2    10       16  0.2492E+06  0.7461E+01  0.0000E+00  0.0000E+00
     1   103     2    11       14  0.1278E+06  0.3929E+00  0.0000E+00  0.0000E+00
     1   103     2    12        7  0.3812E+06  0.1000E+03  0.0000E+00  0.0000E+00
     1   103     2    13       75  0.8408E+06  0.3605E+02  0.0000E+00  0.0000E+00
     1   103     2    14       67  0.5952E+06  0.8112E+01  0.0000E+00  0.0000E+00
     1   103     2    15       58  0.6665E+06  0.5665E+01  0.0000E+00  0.0000E+00
     1   103     2    16       49  0.5352E+06  0.5067E+01  0.0000E+00  0.0000E+00
     1   103     2    17       49  0.4637E+05  0.5424E+00  0.0000E+00  0.0000E+00
     1   103     2    18       27  0.3685E+06  0.1985E+02  0.0000E+00  0.0000E+00
     1   103     2    19       25  0.1111E+06  0.7327E+01  0.0000E+00  0.0000E+00
     1   103     2    20       26  0.3711E+06  0.2206E+02  0.0000E+00  0.0000E+00
     1   103     2    21       46  0.8596E+06  0.4377E+02  0.0000E+00  0.0000E+00
     1   103     2    22       75  0.3037E+06  0.5834E+01  0.0000E+00  0.0000E+00
     1   103     2    23       56  0.1313E+06  0.4740E+00  0.0000E+00  0.0000E+00
     1   103     2    24       26  0.2806E+06  0.4676E+02  0.0000E+00  0.0000E+00
     1   103     2    25       24  0.1852E+05  0.5029E+00  0.0000E+00  0.0000E+00
     1   103     2    26       10  0.2640E+06  0.3418E+02  0.0000E+00  0.0000E+00
     1   103     2    27       14  0.1102E+07  0.1422E+02  0.0000E+00  0.0000E+00
     1   103     2    28        7  0.6686E+05  0.2055E+01  0.0000E+00  0.0000E+00
     1   103     2    29        3  0.4745E+06  0.5376E+02  0.0000E+00  0.0000E+00
     1   103     2    30       15  0.3846E+06  0.1923E+01  0.0000E+00  0.0000E+00
     1   103     2    31        3  0.4431E+06  0.5599E+01  0.0000E+00  0.0000E+00
     1   103     2    32       35  0.2802E+07  0.1597E+01  0.0000E+00  0.0000E+00
     1   103     2    33       35  0.1908E+06  0.4937E+00  0.0000E+00  0.0000E+00
     1   103     2    34        3  0.5943E+06  0.1043E+02  0.0000E+00  0.0000E+00
     1   103     2    35        5  0.5537E+06  0.2050E+01  0.0000E+00  0.0000E+00
     1   103     2    36        4  0.2722E+06  0.1073E+02  0.0000E+00  0.0000E+00
     1   103     2    37        4  0.2542E+05  0.4485E+00  0.0000E+00  0.0000E+00
     1   103     2    38       28  0.7587E+06  0.6381E+02  0.0000E+00  0.0000E+00
     1   103     2    39       46  0.1109E+07  0.1198E+02  0.0000E+00  0.0000E+00
     1   103     2    40       33  0.4081E+06  0.5461E+01  0.0000E+00  0.0000E+00
     1   103     2    41       27  0.7723E+05  0.2920E+00  0.0000E+00  0.0000E+00
     1   103     2    42       30  0.2575E+06  0.1010E+02  0.0000E+00  0.0000E+00
     1   103     2    43       29  0.8503E+04  0.5336E-01  0.0000E+00  0.0000E+00
     1   103     2    44       15  0.3525E+06  0.7473E+02  0.0000E+00  0.0000E+00
     1   103     2    45       30  0.1854E+07  0.1997E+02  0.0000E+00  0.0000E+00
     1   103     2    46       20  0.6943E+05  0.3005E+01  0.0000E+00  0.0000E+00
     1   103     2    47       11  0.1367E+07  0.4929E+01  0.0000E+00  0.0000E+00
     1   103     2    48       11  0.6928E+05  0.3464E+00  0.0000E+00  0.0000E+00
     1   103     2    49        7  0.2707E+06  0.7379E+01  0.0000E+00  0.0000E+00
     1   103     2    50        9  0.2333E+05  0.1770E+00  0.0000E+00  0.0000E+00
     1   103     2    51        4  0.3693E+06  0.3273E+02  0.0000E+00  0.0000E+00
     1   103     2    52        3  0.9734E+03  0.5397E+00  0.0000E+00  0.0000E+00
     1   103     2    53        1  0.3182E+06  0.2190E+02  0.0000E+00  0.0000E+00
     1   103     2    54       18  0.1066E+07  0.1300E+02  0.0000E+00  0.0000E+00
     1   103     2    55       17  0.2961E+06  0.2498E+01  0.0000E+00  0.0000E+00
     1   103     2    56        9  0.2288E+06  0.1791E+01  0.0000E+00  0.0000E+00
     1   103     2    57        9  0.6557E+05  0.2380E+00  0.0000E+00  0.0000E+00
     1   103     2    58        4  0.4912E+06  0.5390E+02  0.0000E+00  0.0000E+00
     1   103     2    59        4  0.3991E+05  0.1072E+01  0.0000E+00  0.0000E+00
     1   103     2    60        2  0.3649E+06  0.3939E+02  0.0000E+00  0.0000E+00
     1   103     3     1        1  0.1461E+06  0.9732E+02  0.0000E+00  0.0000E+00
     1   103     3     2       16  0.1498E+07  0.1000E+03  0.0000E+00  0.0000E+00
     1   103     3     3       31  0.7289E+06  0.8786E+02  0.0000E+00  0.0000E+00
     1   103     3     4       27  0.1117E+06  0.1509E+02  0.0000E+00  0.0000E+00
     1   103     3     5       52  0.1050E+07  0.1000E+03  0.0000E+00  0.0000E+00
     1   103     3     6       86  0.1346E+07  0.3643E+01  0.0000E+00  0.0000E+00
     1   103     3     7       93  0.2712E+06  0.4128E+01  0.0000E+00  0.0000E+00
     1   103     3     8       39  0.2721E+04  0.7791E-01  0.0000E+00  0.0000E+00
     1   103     3     9       55  0.7775E+06  0.8166E+01  0.0000E+00  0.0000E+00
     1   103     3    10       52  0.1167E+05  0.2415E+00  0.0000E+00  0.0000E+00
     1   103     3    11       33  0.1174E+07  0.1895E+02  0.0000E+00  0.0000E+00
     1   103     3    12       36  0.1194E+07  0.5420E+01  0.0000E+00  0.0000E+00
     1   103     3    13       49  0.8254E+06  0.2241E+01  0.0000E+00  0.0000E+00
     1   103     3    14       66  0.1362E+06  0.5470E+00  0.0000E+00  0.0000E+00
     1   103     3    15       37  0.8462E+06  0.3588E+02  0.0000E+00  0.0000E+00
     1   103     3    16       35  0.1415E+07  0.5535E+01  0.0000E+00  0.0000E+00
     1   103     3    17       16  0.4090E+06  0.6444E+01  0.0000E+00  0.0000E+00
     1   103     3    18       12  0.7221E+04  0.2727E+00  0.0000E+00  0.0000E+00
     1   103     3    19        5  0.3476E+06  0.5157E+02  0.0000E+00  0.0000E+00
     1   103     3    20       47  0.7370E+06  0.2384E+02  0.0000E+00  0.0000E+00
     1   103     3    21       38  0.1031E+07  0.2019E+02  0.0000E+00  0.0000E+00
     1   103     3    22       39  0.3783E+06  0.8610E+00  0.0000E+00  0.0000E+00
     1   103     3    23       20  0.3693E+06  0.4350E+02  0.0000E+00  0.0000E+00
     1   103     3    24       21  0.4016E+05  0.1072E+01  0.0000E+00  0.0000E+00
     1   103     3    25        9  0.3539E+06  0.5502E+02  0.0000E+00  0.0000E+00
     1   103     3    26       15  0.2072E+07  0.2444E+02  0.0000E+00  0.0000E+00
     1   103     3    27       12  0.6385E+05  0.4929E+01  0.0000E+00  0.0000E+00
     1   103     3    28       12  0.2200E+07  0.5171E+01  0.0000E+00  0.0000E+00
     1   103     3    29       10  0.1152E+06  0.4347E+00  0.0000E+00  0.0000E+00
     1   103     3    30        5  0.6241E+06  0.2597E+02  0.0000E+00  0.0000E+00
     1   103     3    31        4  0.4965E+05  0.2877E+00  0.0000E+00  0.0000E+00
     1   103     3    32        2  0.8398E+06  0.1000E+03  0.0000E+00  0.0000E+00
     1   103     3    33       64  0.1200E+07  0.1288E+02  0.0000E+00  0.0000E+00
     1   103     3    34       37  0.3207E+06  0.4887E+01  0.0000E+00  0.0000E+00
     1   103     3    35       20  0.2639E+07  0.3512E+02  0.0000E+00  0.0000E+00
     1   103     3    36       63  0.4386E+06  0.1411E+02  0.0000E+00  0.0000E+00
     1   103     3    37       81  0.1665E+07  0.8619E+00  0.0000E+00  0.0000E+00
     1   103     3    38       26  0.2057E+06  0.7606E+01  0.0000E+00  0.0000E+00
     1   103     3    39       15  0.6058E+06  0.1136E+02  0.0000E+00  0.0000E+00
     1   103     3    40        8  0.3802E+06  0.1700E+02  0.0000E+00  0.0000E+00
     1   103     3    41        5  0.3411E+06  0.1313E+02  0.0000E+00  0.0000E+00
     1   103     3    42       39  0.1583E+06  0.4521E+00  0.0000E+00  0.0000E+00
     1   103     3    43        7  0.3696E+06  0.1250E+02  0.0000E+00  0.0000E+00
     1   103     3    44       15  0.7949E+06  0.4897E+01  0.0000E+00  0.0000E+00
     1   103     3    45        7  0.6282E+06  0.6969E+01  0.0000E+00  0.0000E+00
     1   103     3    46        6  0.1399E+06  0.2620E+01  0.0000E+00  0.0000E+00
     1   103     3    47        1  0.4001E+06  0.1141E+02  0.0000E+00  0.0000E+00
     1   103     3    48        1  0.1153E+06  0.6063E+00  0.0000E+00  0.0000E+00
     1   103     3    49        0  0.6302E+06  0.6588E+02  0.0000E+00  0.0000E+00
     1   103     3    50      198  0.1073E+07  0.4799E+02  0.0000E+00  0.0000E+00
     1   103     3    51       34  0.4028E+06  0.3309E+02  0.0000E+00  0.0000E+00
     1   103     3    52       71  0.1342E+07  0.1649E+02  0.0000E+00  0.0000E+00
     1   103     3    53       23  0.1298E+07  0.9751E+01  0.0000E+00  0.0000E+00
     1   103     3    54       47  0.1181E+07  0.6520E+01  0.0000E+00  0.0000E+00
     1   103     3    55       21  0.4170E+06  0.6690E+01  0.0000E+00  0.0000E+00
     1   103     3    56       13  0.3200E+06  0.3282E+01  0.0000E+00  0.0000E+00
     1   103     3    57       13  0.4722E+05  0.1665E+01  0.0000E+00  0.0000E+00
     1   103     3    58        2  0.5929E+06  0.1785E+02  0.0000E+00  0.0000E+00
     1   103     3    59        4  0.8289E+05  0.2088E+01  0.0000E+00  0.0000E+00
     1   103     3    60        1  0.9982E+06  0.1000E+03  0.0000E+00  0.0000E+00
     1   103     4     1        1  0.1843E+06  0.1000E+03  0.0000E+00  0.0000E+00
     1   103     4     2       16  0.1618E+07  0.1000E+03  0.0000E+00  0.0000E+00
     1   103     4     3       28  0.7351E+06  0.9031E+02  0.0000E+00  0.0000E+00
     1   103     4     4       23  0.4207E+05  0.1528E+02  0.0000E+00  0.0000E+00
     1   103     4     5       29  0.9544E+06  0.1000E+03  0.0000E+00  0.0000E+00
     1   103     4     6       64  0.7928E+06  0.1000E+03  0.0000E+00  0.0000E+00
     1   103     4     7       55  0.6648E+06  0.4963E+02  0.0000E+00  0.0000E+00
     1   103     4     8       19  0.9474E+06  0.2549E+02  0.0000E+00  0.0000E+00
     1   103     4     9       96  0.1108E+07  0.2694E+02  0.0000E+00  0.0000E+00
     1   103     4    10       99  0.1435E+07  0.1328E+02  0.0000E+00  0.0000E+00
     1   103     4    11      124  0.1114E+07  0.2581E+01  0.0000E+00  0.0000E+00
     1   103     4    12      151  0.1864E+07  0.1062E+01  0.0000E+00  0.0000E+00
     1   103     4    13       95  0.9389E+06  0.2476E+01  0.0000E+00  0.0000E+00
     1   103     4    14       71  0.7248E+06  0.8842E+00  0.0000E+00  0.0000E+00
     1   103     4    15       83  0.1210E+07  0.6252E+01  0.0000E+00  0.0000E+00
     1   103     4    16       85  0.1699E+07  0.1256E+01  0.0000E+00  0.0000E+00
     1   103     4    17       69  0.1998E+05  0.6017E-01  0.0000E+00  0.0000E+00
     1   103     4    18       44  0.2617E+06  0.6313E+01  0.0000E+00  0.0000E+00
     1   103     4    19       47  0.1191E+06  0.8898E-01  0.0000E+00  0.0000E+00
     1   103     4    20       71  0.5069E+07  0.3072E+01  0.0000E+00  0.0000E+00
     1   103     4    21       92  0.3606E+04  0.6297E+00  0.0000E+00  0.0000E+00
     1   103     4    22       44  0.3849E+06  0.4031E+01  0.0000E+00  0.0000E+00
     1   103     4    23       35  0.3459E+06  0.1538E+02  0.0000E+00  0.0000E+00
     1   103     4    24       55  0.1471E+07  0.6884E+01  0.0000E+00  0.0000E+00
     1   103     4    25       45  0.6567E+06  0.1306E+01  0.0000E+00  0.0000E+00
     1   103     4    26       63  0.1859E+05  0.1743E+00  0.0000E+00  0.0000E+00
     1   103     4    27       60  0.4565E+06  0.1890E+01  0.0000E+00  0.0000E+00
     1   103     4    28      110  0.4911E+06  0.6343E-01  0.0000E+00  0.0000E+00
     1   103     4    29       58  0.5395E+06  0.1208E+01  0.0000E+00  0.0000E+00
     1   103     4    30       53  0.4297E+05  0.2935E-01  0.0000E+00  0.0000E+00
     1   103     4    31       34  0.6307E+06  0.2555E+01  0.0000E+00  0.0000E+00
     1   103     4    32       52  0.2906E+07  0.1605E+01  0.0000E+00  0.0000E+00
     1   103     4    33       36  0.1549E+06  0.4555E+00  0.0000E+00  0.0000E+00
     1   103     4    34       50  0.2390E+07  0.6165E+00  0.0000E+00  0.0000E+00
     1   103     4    35       54  0.1136E+06  0.6430E-01  0.0000E+00  0.0000E+00
     1   103     4    36       15  0.3233E+06  0.9647E+00  0.0000E+00  0.0000E+00
     1   103     4    37       13  0.2159E+06  0.6758E+00  0.0000E+00  0.0000E+00
     1   103     4    38       90  0.1100E+06  0.8132E-01  0.0000E+00  0.0000E+00
     1   103     4    39       48  0.6149E+06  0.1406E+00  0.0000E+00  0.0000E+00
     1   103     4    40       56  0.5174E+06  0.4092E+00  0.0000E+00  0.0000E+00
     1   103     4    41       53  0.1013E+06  0.1621E+00  0.0000E+00  0.0000E+00
     1   103     4    42       28  0.8200E+06  0.2007E+01  0.0000E+00  0.0000E+00
     1   103     4    43       79  0.4113E+07  0.1908E+01  0.0000E+00  0.0000E+00
     1   103     4    44       74  0.1762E+06  0.2792E+00  0.0000E+00  0.0000E+00
     1   103     4    45       17  0.7027E+06  0.7361E+00  0.0000E+00  0.0000E+00
     1   103     4    46       35  0.1668E+06  0.9029E-01  0.0000E+00  0.0000E+00
     1   103     4    47       54  0.1020E+07  0.1369E+01  0.0000E+00  0.0000E+00
     1   103     4    48       59  0.1126E+06  0.5464E+00  0.0000E+00  0.0000E+00
     1   103     4    49       55  0.1510E+07  0.8582E+00  0.0000E+00  0.0000E+00
     1   103     4    50       67  0.2761E+07  0.1643E+01  0.0000E+00  0.0000E+00
     1   103     4    51       65  0.1864E+06  0.3377E+00  0.0000E+00  0.0000E+00
     1   103     4    52       46  0.2934E+07  0.8033E+00  0.0000E+00  0.0000E+00
     1   103     4    53       42  0.4501E+06  0.6051E-01  0.0000E+00  0.0000E+00
     1   103     4    54       56  0.9122E+05  0.6109E-01  0.0000E+00  0.0000E+00
     1   103     4    55       49  0.2174E+06  0.3818E-01  0.0000E+00  0.0000E+00
     1   103     4    56       55  0.1655E+06  0.1023E+00  0.0000E+00  0.0000E+00
     1   103     4    57       48  0.1258E+06  0.5078E-01  0.0000E+00  0.0000E+00
     1   103     4    58       48  0.7401E+05  0.3671E-01  0.0000E+00  0.0000E+00
     1   103     4    59       42  0.6663E+05  0.2729E-01  0.0000E+00  0.0000E+00
     1   103     4    60       31  0.1063E+06  0.6712E-01  0.0000E+00  0.0000E+00
     1   103     5     1        1  0.2036E+06  0.1000E+03  0.0000E+00  0.0000E+00
     1   103     5     2       16  0.1661E+07  0.1000E+03  0.0000E+00  0.0000E+00
     1   103     5     3       28  0.7565E+06  0.9199E+02  0.0000E+00  0.0000E+00
     1   103     5     4       22  0.5189E+05  0.1553E+02  0.0000E+00  0.0000E+00
     1   103     5     5       30  0.9165E+06  0.1000E+03  0.0000E+00  0.0000E+00
     1   103     5     6       98  0.1361E+07  0.2648E+02  0.0000E+00  0.0000E+00
     1   103     5     7       27  0.2425E+06  0.9426E+01  0.0000E+00  0.0000E+00
     1   103     5     8       52  0.4593E+06  0.5809E+01  0.0000E+00  0.0000E+00
     1   103     5     9       72  0.2934E+06  0.1399E+01  0.0000E+00  0.0000E+00
     1   103     5    10       33  0.5036E+06  0.1000E+03  0.0000E+00  0.0000E+00
     1   103     5    11       94  0.2944E+07  0.2976E+02  0.0000E+00  0.0000E+00
     1   103     5    12       70  0.8227E+05  0.5623E+01  0.0000E+00  0.0000E+00
     1   103     5    13       37  0.2549E+07  0.1589E+02  0.0000E+00  0.0000E+00
     1   103     5    14       32  0.1639E+06  0.2771E+01  0.0000E+00  0.0000E+00
     1   103     5    15       45  0.9425E+06  0.3355E+02  0.0000E+00  0.0000E+00
     1   103     5    16       64  0.1088E+06  0.8704E+01  0.0000E+00  0.0000E+00
     1   103     5    17       44  0.8572E+06  0.1552E+02  0.0000E+00  0.0000E+00
     1   103     5    18       29  0.5524E+06  0.4458E+02  0.0000E+00  0.0000E+00
     1   103     5    19       27  0.2577E+05  0.7543E+00  0.0000E+00  0.0000E+00
     1   103     5    20       10  0.3905E+06  0.5083E+02  0.0000E+00  0.0000E+00
     1   103     5    21       85  0.8219E+06  0.2319E+02  0.0000E+00  0.0000E+00
     1   103     5    22       72  0.4960E+06  0.1966E+01  0.0000E+00  0.0000E+00
     1   103     5    23       25  0.5672E+06  0.1301E+02  0.0000E+00  0.0000E+00
     1   103     5    24       26  0.2450E+06  0.7126E+00  0.0000E+00  0.0000E+00
     1   103     5    25        9  0.3858E+06  0.4423E+02  0.0000E+00  0.0000E+00
     1   103     5    26        9  0.1581E+06  0.1428E+01  0.0000E+00  0.0000E+00
     1   103     5    27        7  0.2435E+07  0.2914E+02  0.0000E+00  0.0000E+00
     1   103     5    28        8  0.1989E+06  0.5305E+01  0.0000E+00  0.0000E+00
     1   103     5    29        2  0.1228E+07  0.2699E+01  0.0000E+00  0.0000E+00
     1   103     5    30        2  0.3881E+05  0.6304E+00  0.0000E+00  0.0000E+00
     1   103     5    31        2  0.6131E+06  0.2171E+02  0.0000E+00  0.0000E+00
     1   103     5    32        2  0.2490E+06  0.1110E+01  0.0000E+00  0.0000E+00
     1   103     5    33        2  0.3619E+06  0.4327E+01  0.0000E+00  0.0000E+00
     1   103     5    34       19  0.4052E+06  0.4620E+01  0.0000E+00  0.0000E+00
     1   103     5    35       18  0.2866E+07  0.1671E+02  0.0000E+00  0.0000E+00
     1   103     5    36       24  0.1135E+07  0.1520E+02  0.0000E+00  0.0000E+00
     1   103     5    37       21  0.1096E+06  0.2775E+01  0.0000E+00  0.0000E+00
     1   103     5    38        9  0.7542E+06  0.1669E+02  0.0000E+00  0.0000E+00
     1   103     5    39       80  0.1876E+07  0.5563E+02  0.0000E+00  0.0000E+00
     1   103     5    40       78  0.5596E+06  0.5755E+01  0.0000E+00  0.0000E+00
     1   103     5    41        2  0.1857E+07  0.1404E+02  0.0000E+00  0.0000E+00
     1   103     5    42        9  0.2274E+07  0.1942E+02  0.0000E+00  0.0000E+00
     1   103     5    43        9  0.1103E+06  0.5300E+01  0.0000E+00  0.0000E+00
     1   103     5    44        2  0.8817E+06  0.7048E+01  0.0000E+00  0.0000E+00
     1   103     5    45       13  0.1073E+07  0.9310E+01  0.0000E+00  0.0000E+00
     1   103     5    46       23  0.5733E+06  0.8843E+01  0.0000E+00  0.0000E+00
     1   103     5    47       45  0.6717E+06  0.1125E+02  0.0000E+00  0.0000E+00
     1   103     5    48       42  0.4431E+04  0.5019E+00  0.0000E+00  0.0000E+00
     1   103     5    49       41  0.4297E+06  0.2645E+02  0.0000E+00  0.0000E+00
     1   103     5    50       41  0.6870E+05  0.1566E+00  0.0000E+00  0.0000E+00
     1   103     5    51       15  0.2543E+06  0.2481E+02  0.0000E+00  0.0000E+00
     1   103     5    52       16  0.7804E+04  0.9648E-01  0.0000E+00  0.0000E+00
     1   103     5    53        8  0.2290E+06  0.1796E+02  0.0000E+00  0.0000E+00
     1   103     5    54       13  0.1286E+05  0.8034E-01  0.0000E+00  0.0000E+00
     1   103     5    55        7  0.5200E+06  0.1322E+02  0.0000E+00  0.0000E+00
     1   103     5    56        9  0.2062E+07  0.8447E+01  0.0000E+00  0.0000E+00
     1   103     5    57        5  0.1273E+05  0.6647E+00  0.0000E+00  0.0000E+00
     1   103     5    58        2  0.6626E+06  0.1058E+02  0.0000E+00  0.0000E+00
     1   103     5    59        8  0.1306E+07  0.9034E+01  0.0000E+00  0.0000E+00
     1   103     5    60        6  0.5426E+05  0.1114E+01  0.0000E+00  0.0000E+00
