    1C
    1UUSER                                                              
    1UDATE              23.august.2016                                  
    1UTIME              11:04:34                                        
    1UHOST                                                              
    1UPGM               CalculiX                                        
    1UVERSION           Version 2.10                             
    1UCOMPILETIME       Sa 5. Mär 12:23:33 CET 2016                    
    1UDIR                                                               
    1UDBN                                                               
    1UMAT    1SI1                                                       
    1UMAT    2EL                                                        
    1UMAT    3SPRING                                                    
    2C                           800                                     1
 -1         1 0.00000E+00 0.00000E+00 0.00000E+00
 -1         2 5.00000E+02 0.00000E+00 0.00000E+00
 -1         3 5.10000E+02 0.00000E+00 0.00000E+00
 -1         4 1.01000E+03 0.00000E+00 0.00000E+00
 -1         5 1.02000E+03 0.00000E+00 0.00000E+00
 -1         6 1.52000E+03 0.00000E+00 0.00000E+00
 -1         7 1.53000E+03 0.00000E+00 0.00000E+00
 -1         8 2.03000E+03 0.00000E+00 0.00000E+00
 -1         9 2.04000E+03 0.00000E+00 0.00000E+00
 -1        10 2.54000E+03 0.00000E+00 0.00000E+00
 -1        11 2.55000E+03 0.00000E+00 0.00000E+00
 -1        12 3.05000E+03 0.00000E+00 0.00000E+00
 -1        13 3.06000E+03 0.00000E+00 0.00000E+00
 -1        14 3.56000E+03 0.00000E+00 0.00000E+00
 -1        15 3.57000E+03 0.00000E+00 0.00000E+00
 -1        16 4.07000E+03 0.00000E+00 0.00000E+00
 -1        17 4.08000E+03 0.00000E+00 0.00000E+00
 -1        18 4.58000E+03 0.00000E+00 0.00000E+00
 -1        19 4.59000E+03 0.00000E+00 0.00000E+00
 -1        20 5.09000E+03 0.00000E+00 0.00000E+00
 -1        21 0.00000E+00 5.00000E+02 0.00000E+00
 -1        22 5.00000E+02 5.00000E+02 0.00000E+00
 -1        23 5.10000E+02 5.00000E+02 0.00000E+00
 -1        24 1.01000E+03 5.00000E+02 0.00000E+00
 -1        25 1.02000E+03 5.00000E+02 0.00000E+00
 -1        26 1.52000E+03 5.00000E+02 0.00000E+00
 -1        27 1.53000E+03 5.00000E+02 0.00000E+00
 -1        28 2.03000E+03 5.00000E+02 0.00000E+00
 -1        29 2.04000E+03 5.00000E+02 0.00000E+00
 -1        30 2.54000E+03 5.00000E+02 0.00000E+00
 -1        31 2.55000E+03 5.00000E+02 0.00000E+00
 -1        32 3.05000E+03 5.00000E+02 0.00000E+00
 -1        33 3.06000E+03 5.00000E+02 0.00000E+00
 -1        34 3.56000E+03 5.00000E+02 0.00000E+00
 -1        35 3.57000E+03 5.00000E+02 0.00000E+00
 -1        36 4.07000E+03 5.00000E+02 0.00000E+00
 -1        37 4.08000E+03 5.00000E+02 0.00000E+00
 -1        38 4.58000E+03 5.00000E+02 0.00000E+00
 -1        39 4.59000E+03 5.00000E+02 0.00000E+00
 -1        40 5.09000E+03 5.00000E+02 0.00000E+00
 -1        41 0.00000E+00 5.10000E+02 0.00000E+00
 -1        42 5.00000E+02 5.10000E+02 0.00000E+00
 -1        43 5.10000E+02 5.10000E+02 0.00000E+00
 -1        44 1.01000E+03 5.10000E+02 0.00000E+00
 -1        45 1.02000E+03 5.10000E+02 0.00000E+00
 -1        46 1.52000E+03 5.10000E+02 0.00000E+00
 -1        47 1.53000E+03 5.10000E+02 0.00000E+00
 -1        48 2.03000E+03 5.10000E+02 0.00000E+00
 -1        49 2.04000E+03 5.10000E+02 0.00000E+00
 -1        50 2.54000E+03 5.10000E+02 0.00000E+00
 -1        51 2.55000E+03 5.10000E+02 0.00000E+00
 -1        52 3.05000E+03 5.10000E+02 0.00000E+00
 -1        53 3.06000E+03 5.10000E+02 0.00000E+00
 -1        54 3.56000E+03 5.10000E+02 0.00000E+00
 -1        55 3.57000E+03 5.10000E+02 0.00000E+00
 -1        56 4.07000E+03 5.10000E+02 0.00000E+00
 -1        57 4.08000E+03 5.10000E+02 0.00000E+00
 -1        58 4.58000E+03 5.10000E+02 0.00000E+00
 -1        59 4.59000E+03 5.10000E+02 0.00000E+00
 -1        60 5.09000E+03 5.10000E+02 0.00000E+00
 -1        61 0.00000E+00 1.01000E+03 0.00000E+00
 -1        62 5.00000E+02 1.01000E+03 0.00000E+00
 -1        63 5.10000E+02 1.01000E+03 0.00000E+00
 -1        64 1.01000E+03 1.01000E+03 0.00000E+00
 -1        65 1.02000E+03 1.01000E+03 0.00000E+00
 -1        66 1.52000E+03 1.01000E+03 0.00000E+00
 -1        67 1.53000E+03 1.01000E+03 0.00000E+00
 -1        68 2.03000E+03 1.01000E+03 0.00000E+00
 -1        69 2.04000E+03 1.01000E+03 0.00000E+00
 -1        70 2.54000E+03 1.01000E+03 0.00000E+00
 -1        71 2.55000E+03 1.01000E+03 0.00000E+00
 -1        72 3.05000E+03 1.01000E+03 0.00000E+00
 -1        73 3.06000E+03 1.01000E+03 0.00000E+00
 -1        74 3.56000E+03 1.01000E+03 0.00000E+00
 -1        75 3.57000E+03 1.01000E+03 0.00000E+00
 -1        76 4.07000E+03 1.01000E+03 0.00000E+00
 -1        77 4.08000E+03 1.01000E+03 0.00000E+00
 -1        78 4.58000E+03 1.01000E+03 0.00000E+00
 -1        79 4.59000E+03 1.01000E+03 0.00000E+00
 -1        80 5.09000E+03 1.01000E+03 0.00000E+00
 -1        81 0.00000E+00 1.02000E+03 0.00000E+00
 -1        82 5.00000E+02 1.02000E+03 0.00000E+00
 -1        83 5.10000E+02 1.02000E+03 0.00000E+00
 -1        84 1.01000E+03 1.02000E+03 0.00000E+00
 -1        85 1.02000E+03 1.02000E+03 0.00000E+00
 -1        86 1.52000E+03 1.02000E+03 0.00000E+00
 -1        87 1.53000E+03 1.02000E+03 0.00000E+00
 -1        88 2.03000E+03 1.02000E+03 0.00000E+00
 -1        89 2.04000E+03 1.02000E+03 0.00000E+00
 -1        90 2.54000E+03 1.02000E+03 0.00000E+00
 -1        91 2.55000E+03 1.02000E+03 0.00000E+00
 -1        92 3.05000E+03 1.02000E+03 0.00000E+00
 -1        93 3.06000E+03 1.02000E+03 0.00000E+00
 -1        94 3.56000E+03 1.02000E+03 0.00000E+00
 -1        95 3.57000E+03 1.02000E+03 0.00000E+00
 -1        96 4.07000E+03 1.02000E+03 0.00000E+00
 -1        97 4.08000E+03 1.02000E+03 0.00000E+00
 -1        98 4.58000E+03 1.02000E+03 0.00000E+00
 -1        99 4.59000E+03 1.02000E+03 0.00000E+00
 -1       100 5.09000E+03 1.02000E+03 0.00000E+00
 -1       101 0.00000E+00 1.52000E+03 0.00000E+00
 -1       102 5.00000E+02 1.52000E+03 0.00000E+00
 -1       103 5.10000E+02 1.52000E+03 0.00000E+00
 -1       104 1.01000E+03 1.52000E+03 0.00000E+00
 -1       105 1.02000E+03 1.52000E+03 0.00000E+00
 -1       106 1.52000E+03 1.52000E+03 0.00000E+00
 -1       107 1.53000E+03 1.52000E+03 0.00000E+00
 -1       108 2.03000E+03 1.52000E+03 0.00000E+00
 -1       109 2.04000E+03 1.52000E+03 0.00000E+00
 -1       110 2.54000E+03 1.52000E+03 0.00000E+00
 -1       111 2.55000E+03 1.52000E+03 0.00000E+00
 -1       112 3.05000E+03 1.52000E+03 0.00000E+00
 -1       113 3.06000E+03 1.52000E+03 0.00000E+00
 -1       114 3.56000E+03 1.52000E+03 0.00000E+00
 -1       115 3.57000E+03 1.52000E+03 0.00000E+00
 -1       116 4.07000E+03 1.52000E+03 0.00000E+00
 -1       117 4.08000E+03 1.52000E+03 0.00000E+00
 -1       118 4.58000E+03 1.52000E+03 0.00000E+00
 -1       119 4.59000E+03 1.52000E+03 0.00000E+00
 -1       120 5.09000E+03 1.52000E+03 0.00000E+00
 -1       121 0.00000E+00 1.53000E+03 0.00000E+00
 -1       122 5.00000E+02 1.53000E+03 0.00000E+00
 -1       123 5.10000E+02 1.53000E+03 0.00000E+00
 -1       124 1.01000E+03 1.53000E+03 0.00000E+00
 -1       125 1.02000E+03 1.53000E+03 0.00000E+00
 -1       126 1.52000E+03 1.53000E+03 0.00000E+00
 -1       127 1.53000E+03 1.53000E+03 0.00000E+00
 -1       128 2.03000E+03 1.53000E+03 0.00000E+00
 -1       129 2.04000E+03 1.53000E+03 0.00000E+00
 -1       130 2.54000E+03 1.53000E+03 0.00000E+00
 -1       131 2.55000E+03 1.53000E+03 0.00000E+00
 -1       132 3.05000E+03 1.53000E+03 0.00000E+00
 -1       133 3.06000E+03 1.53000E+03 0.00000E+00
 -1       134 3.56000E+03 1.53000E+03 0.00000E+00
 -1       135 3.57000E+03 1.53000E+03 0.00000E+00
 -1       136 4.07000E+03 1.53000E+03 0.00000E+00
 -1       137 4.08000E+03 1.53000E+03 0.00000E+00
 -1       138 4.58000E+03 1.53000E+03 0.00000E+00
 -1       139 4.59000E+03 1.53000E+03 0.00000E+00
 -1       140 5.09000E+03 1.53000E+03 0.00000E+00
 -1       141 0.00000E+00 2.03000E+03 0.00000E+00
 -1       142 5.00000E+02 2.03000E+03 0.00000E+00
 -1       143 5.10000E+02 2.03000E+03 0.00000E+00
 -1       144 1.01000E+03 2.03000E+03 0.00000E+00
 -1       145 1.02000E+03 2.03000E+03 0.00000E+00
 -1       146 1.52000E+03 2.03000E+03 0.00000E+00
 -1       147 1.53000E+03 2.03000E+03 0.00000E+00
 -1       148 2.03000E+03 2.03000E+03 0.00000E+00
 -1       149 2.04000E+03 2.03000E+03 0.00000E+00
 -1       150 2.54000E+03 2.03000E+03 0.00000E+00
 -1       151 2.55000E+03 2.03000E+03 0.00000E+00
 -1       152 3.05000E+03 2.03000E+03 0.00000E+00
 -1       153 3.06000E+03 2.03000E+03 0.00000E+00
 -1       154 3.56000E+03 2.03000E+03 0.00000E+00
 -1       155 3.57000E+03 2.03000E+03 0.00000E+00
 -1       156 4.07000E+03 2.03000E+03 0.00000E+00
 -1       157 4.08000E+03 2.03000E+03 0.00000E+00
 -1       158 4.58000E+03 2.03000E+03 0.00000E+00
 -1       159 4.59000E+03 2.03000E+03 0.00000E+00
 -1       160 5.09000E+03 2.03000E+03 0.00000E+00
 -1       161 0.00000E+00 2.04000E+03 0.00000E+00
 -1       162 5.00000E+02 2.04000E+03 0.00000E+00
 -1       163 5.10000E+02 2.04000E+03 0.00000E+00
 -1       164 1.01000E+03 2.04000E+03 0.00000E+00
 -1       165 1.02000E+03 2.04000E+03 0.00000E+00
 -1       166 1.52000E+03 2.04000E+03 0.00000E+00
 -1       167 1.53000E+03 2.04000E+03 0.00000E+00
 -1       168 2.03000E+03 2.04000E+03 0.00000E+00
 -1       169 2.04000E+03 2.04000E+03 0.00000E+00
 -1       170 2.54000E+03 2.04000E+03 0.00000E+00
 -1       171 2.55000E+03 2.04000E+03 0.00000E+00
 -1       172 3.05000E+03 2.04000E+03 0.00000E+00
 -1       173 3.06000E+03 2.04000E+03 0.00000E+00
 -1       174 3.56000E+03 2.04000E+03 0.00000E+00
 -1       175 3.57000E+03 2.04000E+03 0.00000E+00
 -1       176 4.07000E+03 2.04000E+03 0.00000E+00
 -1       177 4.08000E+03 2.04000E+03 0.00000E+00
 -1       178 4.58000E+03 2.04000E+03 0.00000E+00
 -1       179 4.59000E+03 2.04000E+03 0.00000E+00
 -1       180 5.09000E+03 2.04000E+03 0.00000E+00
 -1       181 0.00000E+00 2.54000E+03 0.00000E+00
 -1       182 5.00000E+02 2.54000E+03 0.00000E+00
 -1       183 5.10000E+02 2.54000E+03 0.00000E+00
 -1       184 1.01000E+03 2.54000E+03 0.00000E+00
 -1       185 1.02000E+03 2.54000E+03 0.00000E+00
 -1       186 1.52000E+03 2.54000E+03 0.00000E+00
 -1       187 1.53000E+03 2.54000E+03 0.00000E+00
 -1       188 2.03000E+03 2.54000E+03 0.00000E+00
 -1       189 2.04000E+03 2.54000E+03 0.00000E+00
 -1       190 2.54000E+03 2.54000E+03 0.00000E+00
 -1       191 2.55000E+03 2.54000E+03 0.00000E+00
 -1       192 3.05000E+03 2.54000E+03 0.00000E+00
 -1       193 3.06000E+03 2.54000E+03 0.00000E+00
 -1       194 3.56000E+03 2.54000E+03 0.00000E+00
 -1       195 3.57000E+03 2.54000E+03 0.00000E+00
 -1       196 4.07000E+03 2.54000E+03 0.00000E+00
 -1       197 4.08000E+03 2.54000E+03 0.00000E+00
 -1       198 4.58000E+03 2.54000E+03 0.00000E+00
 -1       199 4.59000E+03 2.54000E+03 0.00000E+00
 -1       200 5.09000E+03 2.54000E+03 0.00000E+00
 -1       201 0.00000E+00 2.55000E+03 0.00000E+00
 -1       202 5.00000E+02 2.55000E+03 0.00000E+00
 -1       203 5.10000E+02 2.55000E+03 0.00000E+00
 -1       204 1.01000E+03 2.55000E+03 0.00000E+00
 -1       205 1.02000E+03 2.55000E+03 0.00000E+00
 -1       206 1.52000E+03 2.55000E+03 0.00000E+00
 -1       207 1.53000E+03 2.55000E+03 0.00000E+00
 -1       208 2.03000E+03 2.55000E+03 0.00000E+00
 -1       209 2.04000E+03 2.55000E+03 0.00000E+00
 -1       210 2.54000E+03 2.55000E+03 0.00000E+00
 -1       211 2.55000E+03 2.55000E+03 0.00000E+00
 -1       212 3.05000E+03 2.55000E+03 0.00000E+00
 -1       213 3.06000E+03 2.55000E+03 0.00000E+00
 -1       214 3.56000E+03 2.55000E+03 0.00000E+00
 -1       215 3.57000E+03 2.55000E+03 0.00000E+00
 -1       216 4.07000E+03 2.55000E+03 0.00000E+00
 -1       217 4.08000E+03 2.55000E+03 0.00000E+00
 -1       218 4.58000E+03 2.55000E+03 0.00000E+00
 -1       219 4.59000E+03 2.55000E+03 0.00000E+00
 -1       220 5.09000E+03 2.55000E+03 0.00000E+00
 -1       221 0.00000E+00 3.05000E+03 0.00000E+00
 -1       222 5.00000E+02 3.05000E+03 0.00000E+00
 -1       223 5.10000E+02 3.05000E+03 0.00000E+00
 -1       224 1.01000E+03 3.05000E+03 0.00000E+00
 -1       225 1.02000E+03 3.05000E+03 0.00000E+00
 -1       226 1.52000E+03 3.05000E+03 0.00000E+00
 -1       227 1.53000E+03 3.05000E+03 0.00000E+00
 -1       228 2.03000E+03 3.05000E+03 0.00000E+00
 -1       229 2.04000E+03 3.05000E+03 0.00000E+00
 -1       230 2.54000E+03 3.05000E+03 0.00000E+00
 -1       231 2.55000E+03 3.05000E+03 0.00000E+00
 -1       232 3.05000E+03 3.05000E+03 0.00000E+00
 -1       233 3.06000E+03 3.05000E+03 0.00000E+00
 -1       234 3.56000E+03 3.05000E+03 0.00000E+00
 -1       235 3.57000E+03 3.05000E+03 0.00000E+00
 -1       236 4.07000E+03 3.05000E+03 0.00000E+00
 -1       237 4.08000E+03 3.05000E+03 0.00000E+00
 -1       238 4.58000E+03 3.05000E+03 0.00000E+00
 -1       239 4.59000E+03 3.05000E+03 0.00000E+00
 -1       240 5.09000E+03 3.05000E+03 0.00000E+00
 -1       241 0.00000E+00 3.06000E+03 0.00000E+00
 -1       242 5.00000E+02 3.06000E+03 0.00000E+00
 -1       243 5.10000E+02 3.06000E+03 0.00000E+00
 -1       244 1.01000E+03 3.06000E+03 0.00000E+00
 -1       245 1.02000E+03 3.06000E+03 0.00000E+00
 -1       246 1.52000E+03 3.06000E+03 0.00000E+00
 -1       247 1.53000E+03 3.06000E+03 0.00000E+00
 -1       248 2.03000E+03 3.06000E+03 0.00000E+00
 -1       249 2.04000E+03 3.06000E+03 0.00000E+00
 -1       250 2.54000E+03 3.06000E+03 0.00000E+00
 -1       251 2.55000E+03 3.06000E+03 0.00000E+00
 -1       252 3.05000E+03 3.06000E+03 0.00000E+00
 -1       253 3.06000E+03 3.06000E+03 0.00000E+00
 -1       254 3.56000E+03 3.06000E+03 0.00000E+00
 -1       255 3.57000E+03 3.06000E+03 0.00000E+00
 -1       256 4.07000E+03 3.06000E+03 0.00000E+00
 -1       257 4.08000E+03 3.06000E+03 0.00000E+00
 -1       258 4.58000E+03 3.06000E+03 0.00000E+00
 -1       259 4.59000E+03 3.06000E+03 0.00000E+00
 -1       260 5.09000E+03 3.06000E+03 0.00000E+00
 -1       261 0.00000E+00 3.56000E+03 0.00000E+00
 -1       262 5.00000E+02 3.56000E+03 0.00000E+00
 -1       263 5.10000E+02 3.56000E+03 0.00000E+00
 -1       264 1.01000E+03 3.56000E+03 0.00000E+00
 -1       265 1.02000E+03 3.56000E+03 0.00000E+00
 -1       266 1.52000E+03 3.56000E+03 0.00000E+00
 -1       267 1.53000E+03 3.56000E+03 0.00000E+00
 -1       268 2.03000E+03 3.56000E+03 0.00000E+00
 -1       269 2.04000E+03 3.56000E+03 0.00000E+00
 -1       270 2.54000E+03 3.56000E+03 0.00000E+00
 -1       271 2.55000E+03 3.56000E+03 0.00000E+00
 -1       272 3.05000E+03 3.56000E+03 0.00000E+00
 -1       273 3.06000E+03 3.56000E+03 0.00000E+00
 -1       274 3.56000E+03 3.56000E+03 0.00000E+00
 -1       275 3.57000E+03 3.56000E+03 0.00000E+00
 -1       276 4.07000E+03 3.56000E+03 0.00000E+00
 -1       277 4.08000E+03 3.56000E+03 0.00000E+00
 -1       278 4.58000E+03 3.56000E+03 0.00000E+00
 -1       279 4.59000E+03 3.56000E+03 0.00000E+00
 -1       280 5.09000E+03 3.56000E+03 0.00000E+00
 -1       281 0.00000E+00 3.57000E+03 0.00000E+00
 -1       282 5.00000E+02 3.57000E+03 0.00000E+00
 -1       283 5.10000E+02 3.57000E+03 0.00000E+00
 -1       284 1.01000E+03 3.57000E+03 0.00000E+00
 -1       285 1.02000E+03 3.57000E+03 0.00000E+00
 -1       286 1.52000E+03 3.57000E+03 0.00000E+00
 -1       287 1.53000E+03 3.57000E+03 0.00000E+00
 -1       288 2.03000E+03 3.57000E+03 0.00000E+00
 -1       289 2.04000E+03 3.57000E+03 0.00000E+00
 -1       290 2.54000E+03 3.57000E+03 0.00000E+00
 -1       291 2.55000E+03 3.57000E+03 0.00000E+00
 -1       292 3.05000E+03 3.57000E+03 0.00000E+00
 -1       293 3.06000E+03 3.57000E+03 0.00000E+00
 -1       294 3.56000E+03 3.57000E+03 0.00000E+00
 -1       295 3.57000E+03 3.57000E+03 0.00000E+00
 -1       296 4.07000E+03 3.57000E+03 0.00000E+00
 -1       297 4.08000E+03 3.57000E+03 0.00000E+00
 -1       298 4.58000E+03 3.57000E+03 0.00000E+00
 -1       299 4.59000E+03 3.57000E+03 0.00000E+00
 -1       300 5.09000E+03 3.57000E+03 0.00000E+00
 -1       301 0.00000E+00 4.07000E+03 0.00000E+00
 -1       302 5.00000E+02 4.07000E+03 0.00000E+00
 -1       303 5.10000E+02 4.07000E+03 0.00000E+00
 -1       304 1.01000E+03 4.07000E+03 0.00000E+00
 -1       305 1.02000E+03 4.07000E+03 0.00000E+00
 -1       306 1.52000E+03 4.07000E+03 0.00000E+00
 -1       307 1.53000E+03 4.07000E+03 0.00000E+00
 -1       308 2.03000E+03 4.07000E+03 0.00000E+00
 -1       309 2.04000E+03 4.07000E+03 0.00000E+00
 -1       310 2.54000E+03 4.07000E+03 0.00000E+00
 -1       311 2.55000E+03 4.07000E+03 0.00000E+00
 -1       312 3.05000E+03 4.07000E+03 0.00000E+00
 -1       313 3.06000E+03 4.07000E+03 0.00000E+00
 -1       314 3.56000E+03 4.07000E+03 0.00000E+00
 -1       315 3.57000E+03 4.07000E+03 0.00000E+00
 -1       316 4.07000E+03 4.07000E+03 0.00000E+00
 -1       317 4.08000E+03 4.07000E+03 0.00000E+00
 -1       318 4.58000E+03 4.07000E+03 0.00000E+00
 -1       319 4.59000E+03 4.07000E+03 0.00000E+00
 -1       320 5.09000E+03 4.07000E+03 0.00000E+00
 -1       321 0.00000E+00 4.08000E+03 0.00000E+00
 -1       322 5.00000E+02 4.08000E+03 0.00000E+00
 -1       323 5.10000E+02 4.08000E+03 0.00000E+00
 -1       324 1.01000E+03 4.08000E+03 0.00000E+00
 -1       325 1.02000E+03 4.08000E+03 0.00000E+00
 -1       326 1.52000E+03 4.08000E+03 0.00000E+00
 -1       327 1.53000E+03 4.08000E+03 0.00000E+00
 -1       328 2.03000E+03 4.08000E+03 0.00000E+00
 -1       329 2.04000E+03 4.08000E+03 0.00000E+00
 -1       330 2.54000E+03 4.08000E+03 0.00000E+00
 -1       331 2.55000E+03 4.08000E+03 0.00000E+00
 -1       332 3.05000E+03 4.08000E+03 0.00000E+00
 -1       333 3.06000E+03 4.08000E+03 0.00000E+00
 -1       334 3.56000E+03 4.08000E+03 0.00000E+00
 -1       335 3.57000E+03 4.08000E+03 0.00000E+00
 -1       336 4.07000E+03 4.08000E+03 0.00000E+00
 -1       337 4.08000E+03 4.08000E+03 0.00000E+00
 -1       338 4.58000E+03 4.08000E+03 0.00000E+00
 -1       339 4.59000E+03 4.08000E+03 0.00000E+00
 -1       340 5.09000E+03 4.08000E+03 0.00000E+00
 -1       341 0.00000E+00 4.58000E+03 0.00000E+00
 -1       342 5.00000E+02 4.58000E+03 0.00000E+00
 -1       343 5.10000E+02 4.58000E+03 0.00000E+00
 -1       344 1.01000E+03 4.58000E+03 0.00000E+00
 -1       345 1.02000E+03 4.58000E+03 0.00000E+00
 -1       346 1.52000E+03 4.58000E+03 0.00000E+00
 -1       347 1.53000E+03 4.58000E+03 0.00000E+00
 -1       348 2.03000E+03 4.58000E+03 0.00000E+00
 -1       349 2.04000E+03 4.58000E+03 0.00000E+00
 -1       350 2.54000E+03 4.58000E+03 0.00000E+00
 -1       351 2.55000E+03 4.58000E+03 0.00000E+00
 -1       352 3.05000E+03 4.58000E+03 0.00000E+00
 -1       353 3.06000E+03 4.58000E+03 0.00000E+00
 -1       354 3.56000E+03 4.58000E+03 0.00000E+00
 -1       355 3.57000E+03 4.58000E+03 0.00000E+00
 -1       356 4.07000E+03 4.58000E+03 0.00000E+00
 -1       357 4.08000E+03 4.58000E+03 0.00000E+00
 -1       358 4.58000E+03 4.58000E+03 0.00000E+00
 -1       359 4.59000E+03 4.58000E+03 0.00000E+00
 -1       360 5.09000E+03 4.58000E+03 0.00000E+00
 -1       361 0.00000E+00 4.59000E+03 0.00000E+00
 -1       362 5.00000E+02 4.59000E+03 0.00000E+00
 -1       363 5.10000E+02 4.59000E+03 0.00000E+00
 -1       364 1.01000E+03 4.59000E+03 0.00000E+00
 -1       365 1.02000E+03 4.59000E+03 0.00000E+00
 -1       366 1.52000E+03 4.59000E+03 0.00000E+00
 -1       367 1.53000E+03 4.59000E+03 0.00000E+00
 -1       368 2.03000E+03 4.59000E+03 0.00000E+00
 -1       369 2.04000E+03 4.59000E+03 0.00000E+00
 -1       370 2.54000E+03 4.59000E+03 0.00000E+00
 -1       371 2.55000E+03 4.59000E+03 0.00000E+00
 -1       372 3.05000E+03 4.59000E+03 0.00000E+00
 -1       373 3.06000E+03 4.59000E+03 0.00000E+00
 -1       374 3.56000E+03 4.59000E+03 0.00000E+00
 -1       375 3.57000E+03 4.59000E+03 0.00000E+00
 -1       376 4.07000E+03 4.59000E+03 0.00000E+00
 -1       377 4.08000E+03 4.59000E+03 0.00000E+00
 -1       378 4.58000E+03 4.59000E+03 0.00000E+00
 -1       379 4.59000E+03 4.59000E+03 0.00000E+00
 -1       380 5.09000E+03 4.59000E+03 0.00000E+00
 -1       381 0.00000E+00 5.09000E+03 0.00000E+00
 -1       382 5.00000E+02 5.09000E+03 0.00000E+00
 -1       383 5.10000E+02 5.09000E+03 0.00000E+00
 -1       384 1.01000E+03 5.09000E+03 0.00000E+00
 -1       385 1.02000E+03 5.09000E+03 0.00000E+00
 -1       386 1.52000E+03 5.09000E+03 0.00000E+00
 -1       387 1.53000E+03 5.09000E+03 0.00000E+00
 -1       388 2.03000E+03 5.09000E+03 0.00000E+00
 -1       389 2.04000E+03 5.09000E+03 0.00000E+00
 -1       390 2.54000E+03 5.09000E+03 0.00000E+00
 -1       391 2.55000E+03 5.09000E+03 0.00000E+00
 -1       392 3.05000E+03 5.09000E+03 0.00000E+00
 -1       393 3.06000E+03 5.09000E+03 0.00000E+00
 -1       394 3.56000E+03 5.09000E+03 0.00000E+00
 -1       395 3.57000E+03 5.09000E+03 0.00000E+00
 -1       396 4.07000E+03 5.09000E+03 0.00000E+00
 -1       397 4.08000E+03 5.09000E+03 0.00000E+00
 -1       398 4.58000E+03 5.09000E+03 0.00000E+00
 -1       399 4.59000E+03 5.09000E+03 0.00000E+00
 -1       400 5.09000E+03 5.09000E+03 0.00000E+00
 -1       401 0.00000E+00 0.00000E+00 7.00000E+02
 -1       402 5.00000E+02 0.00000E+00 7.00000E+02
 -1       403 5.10000E+02 0.00000E+00 7.00000E+02
 -1       404 1.01000E+03 0.00000E+00 7.00000E+02
 -1       405 1.02000E+03 0.00000E+00 7.00000E+02
 -1       406 1.52000E+03 0.00000E+00 7.00000E+02
 -1       407 1.53000E+03 0.00000E+00 7.00000E+02
 -1       408 2.03000E+03 0.00000E+00 7.00000E+02
 -1       409 2.04000E+03 0.00000E+00 7.00000E+02
 -1       410 2.54000E+03 0.00000E+00 7.00000E+02
 -1       411 2.55000E+03 0.00000E+00 7.00000E+02
 -1       412 3.05000E+03 0.00000E+00 7.00000E+02
 -1       413 3.06000E+03 0.00000E+00 7.00000E+02
 -1       414 3.56000E+03 0.00000E+00 7.00000E+02
 -1       415 3.57000E+03 0.00000E+00 7.00000E+02
 -1       416 4.07000E+03 0.00000E+00 7.00000E+02
 -1       417 4.08000E+03 0.00000E+00 7.00000E+02
 -1       418 4.58000E+03 0.00000E+00 7.00000E+02
 -1       419 4.59000E+03 0.00000E+00 7.00000E+02
 -1       420 5.09000E+03 0.00000E+00 7.00000E+02
 -1       421 0.00000E+00 5.00000E+02 7.00000E+02
 -1       422 5.00000E+02 5.00000E+02 7.00000E+02
 -1       423 5.10000E+02 5.00000E+02 7.00000E+02
 -1       424 1.01000E+03 5.00000E+02 7.00000E+02
 -1       425 1.02000E+03 5.00000E+02 7.00000E+02
 -1       426 1.52000E+03 5.00000E+02 7.00000E+02
 -1       427 1.53000E+03 5.00000E+02 7.00000E+02
 -1       428 2.03000E+03 5.00000E+02 7.00000E+02
 -1       429 2.04000E+03 5.00000E+02 7.00000E+02
 -1       430 2.54000E+03 5.00000E+02 7.00000E+02
 -1       431 2.55000E+03 5.00000E+02 7.00000E+02
 -1       432 3.05000E+03 5.00000E+02 7.00000E+02
 -1       433 3.06000E+03 5.00000E+02 7.00000E+02
 -1       434 3.56000E+03 5.00000E+02 7.00000E+02
 -1       435 3.57000E+03 5.00000E+02 7.00000E+02
 -1       436 4.07000E+03 5.00000E+02 7.00000E+02
 -1       437 4.08000E+03 5.00000E+02 7.00000E+02
 -1       438 4.58000E+03 5.00000E+02 7.00000E+02
 -1       439 4.59000E+03 5.00000E+02 7.00000E+02
 -1       440 5.09000E+03 5.00000E+02 7.00000E+02
 -1       441 0.00000E+00 5.10000E+02 7.00000E+02
 -1       442 5.00000E+02 5.10000E+02 7.00000E+02
 -1       443 5.10000E+02 5.10000E+02 7.00000E+02
 -1       444 1.01000E+03 5.10000E+02 7.00000E+02
 -1       445 1.02000E+03 5.10000E+02 7.00000E+02
 -1       446 1.52000E+03 5.10000E+02 7.00000E+02
 -1       447 1.53000E+03 5.10000E+02 7.00000E+02
 -1       448 2.03000E+03 5.10000E+02 7.00000E+02
 -1       449 2.04000E+03 5.10000E+02 7.00000E+02
 -1       450 2.54000E+03 5.10000E+02 7.00000E+02
 -1       451 2.55000E+03 5.10000E+02 7.00000E+02
 -1       452 3.05000E+03 5.10000E+02 7.00000E+02
 -1       453 3.06000E+03 5.10000E+02 7.00000E+02
 -1       454 3.56000E+03 5.10000E+02 7.00000E+02
 -1       455 3.57000E+03 5.10000E+02 7.00000E+02
 -1       456 4.07000E+03 5.10000E+02 7.00000E+02
 -1       457 4.08000E+03 5.10000E+02 7.00000E+02
 -1       458 4.58000E+03 5.10000E+02 7.00000E+02
 -1       459 4.59000E+03 5.10000E+02 7.00000E+02
 -1       460 5.09000E+03 5.10000E+02 7.00000E+02
 -1       461 0.00000E+00 1.01000E+03 7.00000E+02
 -1       462 5.00000E+02 1.01000E+03 7.00000E+02
 -1       463 5.10000E+02 1.01000E+03 7.00000E+02
 -1       464 1.01000E+03 1.01000E+03 7.00000E+02
 -1       465 1.02000E+03 1.01000E+03 7.00000E+02
 -1       466 1.52000E+03 1.01000E+03 7.00000E+02
 -1       467 1.53000E+03 1.01000E+03 7.00000E+02
 -1       468 2.03000E+03 1.01000E+03 7.00000E+02
 -1       469 2.04000E+03 1.01000E+03 7.00000E+02
 -1       470 2.54000E+03 1.01000E+03 7.00000E+02
 -1       471 2.55000E+03 1.01000E+03 7.00000E+02
 -1       472 3.05000E+03 1.01000E+03 7.00000E+02
 -1       473 3.06000E+03 1.01000E+03 7.00000E+02
 -1       474 3.56000E+03 1.01000E+03 7.00000E+02
 -1       475 3.57000E+03 1.01000E+03 7.00000E+02
 -1       476 4.07000E+03 1.01000E+03 7.00000E+02
 -1       477 4.08000E+03 1.01000E+03 7.00000E+02
 -1       478 4.58000E+03 1.01000E+03 7.00000E+02
 -1       479 4.59000E+03 1.01000E+03 7.00000E+02
 -1       480 5.09000E+03 1.01000E+03 7.00000E+02
 -1       481 0.00000E+00 1.02000E+03 7.00000E+02
 -1       482 5.00000E+02 1.02000E+03 7.00000E+02
 -1       483 5.10000E+02 1.02000E+03 7.00000E+02
 -1       484 1.01000E+03 1.02000E+03 7.00000E+02
 -1       485 1.02000E+03 1.02000E+03 7.00000E+02
 -1       486 1.52000E+03 1.02000E+03 7.00000E+02
 -1       487 1.53000E+03 1.02000E+03 7.00000E+02
 -1       488 2.03000E+03 1.02000E+03 7.00000E+02
 -1       489 2.04000E+03 1.02000E+03 7.00000E+02
 -1       490 2.54000E+03 1.02000E+03 7.00000E+02
 -1       491 2.55000E+03 1.02000E+03 7.00000E+02
 -1       492 3.05000E+03 1.02000E+03 7.00000E+02
 -1       493 3.06000E+03 1.02000E+03 7.00000E+02
 -1       494 3.56000E+03 1.02000E+03 7.00000E+02
 -1       495 3.57000E+03 1.02000E+03 7.00000E+02
 -1       496 4.07000E+03 1.02000E+03 7.00000E+02
 -1       497 4.08000E+03 1.02000E+03 7.00000E+02
 -1       498 4.58000E+03 1.02000E+03 7.00000E+02
 -1       499 4.59000E+03 1.02000E+03 7.00000E+02
 -1       500 5.09000E+03 1.02000E+03 7.00000E+02
 -1       501 0.00000E+00 1.52000E+03 7.00000E+02
 -1       502 5.00000E+02 1.52000E+03 7.00000E+02
 -1       503 5.10000E+02 1.52000E+03 7.00000E+02
 -1       504 1.01000E+03 1.52000E+03 7.00000E+02
 -1       505 1.02000E+03 1.52000E+03 7.00000E+02
 -1       506 1.52000E+03 1.52000E+03 7.00000E+02
 -1       507 1.53000E+03 1.52000E+03 7.00000E+02
 -1       508 2.03000E+03 1.52000E+03 7.00000E+02
 -1       509 2.04000E+03 1.52000E+03 7.00000E+02
 -1       510 2.54000E+03 1.52000E+03 7.00000E+02
 -1       511 2.55000E+03 1.52000E+03 7.00000E+02
 -1       512 3.05000E+03 1.52000E+03 7.00000E+02
 -1       513 3.06000E+03 1.52000E+03 7.00000E+02
 -1       514 3.56000E+03 1.52000E+03 7.00000E+02
 -1       515 3.57000E+03 1.52000E+03 7.00000E+02
 -1       516 4.07000E+03 1.52000E+03 7.00000E+02
 -1       517 4.08000E+03 1.52000E+03 7.00000E+02
 -1       518 4.58000E+03 1.52000E+03 7.00000E+02
 -1       519 4.59000E+03 1.52000E+03 7.00000E+02
 -1       520 5.09000E+03 1.52000E+03 7.00000E+02
 -1       521 0.00000E+00 1.53000E+03 7.00000E+02
 -1       522 5.00000E+02 1.53000E+03 7.00000E+02
 -1       523 5.10000E+02 1.53000E+03 7.00000E+02
 -1       524 1.01000E+03 1.53000E+03 7.00000E+02
 -1       525 1.02000E+03 1.53000E+03 7.00000E+02
 -1       526 1.52000E+03 1.53000E+03 7.00000E+02
 -1       527 1.53000E+03 1.53000E+03 7.00000E+02
 -1       528 2.03000E+03 1.53000E+03 7.00000E+02
 -1       529 2.04000E+03 1.53000E+03 7.00000E+02
 -1       530 2.54000E+03 1.53000E+03 7.00000E+02
 -1       531 2.55000E+03 1.53000E+03 7.00000E+02
 -1       532 3.05000E+03 1.53000E+03 7.00000E+02
 -1       533 3.06000E+03 1.53000E+03 7.00000E+02
 -1       534 3.56000E+03 1.53000E+03 7.00000E+02
 -1       535 3.57000E+03 1.53000E+03 7.00000E+02
 -1       536 4.07000E+03 1.53000E+03 7.00000E+02
 -1       537 4.08000E+03 1.53000E+03 7.00000E+02
 -1       538 4.58000E+03 1.53000E+03 7.00000E+02
 -1       539 4.59000E+03 1.53000E+03 7.00000E+02
 -1       540 5.09000E+03 1.53000E+03 7.00000E+02
 -1       541 0.00000E+00 2.03000E+03 7.00000E+02
 -1       542 5.00000E+02 2.03000E+03 7.00000E+02
 -1       543 5.10000E+02 2.03000E+03 7.00000E+02
 -1       544 1.01000E+03 2.03000E+03 7.00000E+02
 -1       545 1.02000E+03 2.03000E+03 7.00000E+02
 -1       546 1.52000E+03 2.03000E+03 7.00000E+02
 -1       547 1.53000E+03 2.03000E+03 7.00000E+02
 -1       548 2.03000E+03 2.03000E+03 7.00000E+02
 -1       549 2.04000E+03 2.03000E+03 7.00000E+02
 -1       550 2.54000E+03 2.03000E+03 7.00000E+02
 -1       551 2.55000E+03 2.03000E+03 7.00000E+02
 -1       552 3.05000E+03 2.03000E+03 7.00000E+02
 -1       553 3.06000E+03 2.03000E+03 7.00000E+02
 -1       554 3.56000E+03 2.03000E+03 7.00000E+02
 -1       555 3.57000E+03 2.03000E+03 7.00000E+02
 -1       556 4.07000E+03 2.03000E+03 7.00000E+02
 -1       557 4.08000E+03 2.03000E+03 7.00000E+02
 -1       558 4.58000E+03 2.03000E+03 7.00000E+02
 -1       559 4.59000E+03 2.03000E+03 7.00000E+02
 -1       560 5.09000E+03 2.03000E+03 7.00000E+02
 -1       561 0.00000E+00 2.04000E+03 7.00000E+02
 -1       562 5.00000E+02 2.04000E+03 7.00000E+02
 -1       563 5.10000E+02 2.04000E+03 7.00000E+02
 -1       564 1.01000E+03 2.04000E+03 7.00000E+02
 -1       565 1.02000E+03 2.04000E+03 7.00000E+02
 -1       566 1.52000E+03 2.04000E+03 7.00000E+02
 -1       567 1.53000E+03 2.04000E+03 7.00000E+02
 -1       568 2.03000E+03 2.04000E+03 7.00000E+02
 -1       569 2.04000E+03 2.04000E+03 7.00000E+02
 -1       570 2.54000E+03 2.04000E+03 7.00000E+02
 -1       571 2.55000E+03 2.04000E+03 7.00000E+02
 -1       572 3.05000E+03 2.04000E+03 7.00000E+02
 -1       573 3.06000E+03 2.04000E+03 7.00000E+02
 -1       574 3.56000E+03 2.04000E+03 7.00000E+02
 -1       575 3.57000E+03 2.04000E+03 7.00000E+02
 -1       576 4.07000E+03 2.04000E+03 7.00000E+02
 -1       577 4.08000E+03 2.04000E+03 7.00000E+02
 -1       578 4.58000E+03 2.04000E+03 7.00000E+02
 -1       579 4.59000E+03 2.04000E+03 7.00000E+02
 -1       580 5.09000E+03 2.04000E+03 7.00000E+02
 -1       581 0.00000E+00 2.54000E+03 7.00000E+02
 -1       582 5.00000E+02 2.54000E+03 7.00000E+02
 -1       583 5.10000E+02 2.54000E+03 7.00000E+02
 -1       584 1.01000E+03 2.54000E+03 7.00000E+02
 -1       585 1.02000E+03 2.54000E+03 7.00000E+02
 -1       586 1.52000E+03 2.54000E+03 7.00000E+02
 -1       587 1.53000E+03 2.54000E+03 7.00000E+02
 -1       588 2.03000E+03 2.54000E+03 7.00000E+02
 -1       589 2.04000E+03 2.54000E+03 7.00000E+02
 -1       590 2.54000E+03 2.54000E+03 7.00000E+02
 -1       591 2.55000E+03 2.54000E+03 7.00000E+02
 -1       592 3.05000E+03 2.54000E+03 7.00000E+02
 -1       593 3.06000E+03 2.54000E+03 7.00000E+02
 -1       594 3.56000E+03 2.54000E+03 7.00000E+02
 -1       595 3.57000E+03 2.54000E+03 7.00000E+02
 -1       596 4.07000E+03 2.54000E+03 7.00000E+02
 -1       597 4.08000E+03 2.54000E+03 7.00000E+02
 -1       598 4.58000E+03 2.54000E+03 7.00000E+02
 -1       599 4.59000E+03 2.54000E+03 7.00000E+02
 -1       600 5.09000E+03 2.54000E+03 7.00000E+02
 -1       601 0.00000E+00 2.55000E+03 7.00000E+02
 -1       602 5.00000E+02 2.55000E+03 7.00000E+02
 -1       603 5.10000E+02 2.55000E+03 7.00000E+02
 -1       604 1.01000E+03 2.55000E+03 7.00000E+02
 -1       605 1.02000E+03 2.55000E+03 7.00000E+02
 -1       606 1.52000E+03 2.55000E+03 7.00000E+02
 -1       607 1.53000E+03 2.55000E+03 7.00000E+02
 -1       608 2.03000E+03 2.55000E+03 7.00000E+02
 -1       609 2.04000E+03 2.55000E+03 7.00000E+02
 -1       610 2.54000E+03 2.55000E+03 7.00000E+02
 -1       611 2.55000E+03 2.55000E+03 7.00000E+02
 -1       612 3.05000E+03 2.55000E+03 7.00000E+02
 -1       613 3.06000E+03 2.55000E+03 7.00000E+02
 -1       614 3.56000E+03 2.55000E+03 7.00000E+02
 -1       615 3.57000E+03 2.55000E+03 7.00000E+02
 -1       616 4.07000E+03 2.55000E+03 7.00000E+02
 -1       617 4.08000E+03 2.55000E+03 7.00000E+02
 -1       618 4.58000E+03 2.55000E+03 7.00000E+02
 -1       619 4.59000E+03 2.55000E+03 7.00000E+02
 -1       620 5.09000E+03 2.55000E+03 7.00000E+02
 -1       621 0.00000E+00 3.05000E+03 7.00000E+02
 -1       622 5.00000E+02 3.05000E+03 7.00000E+02
 -1       623 5.10000E+02 3.05000E+03 7.00000E+02
 -1       624 1.01000E+03 3.05000E+03 7.00000E+02
 -1       625 1.02000E+03 3.05000E+03 7.00000E+02
 -1       626 1.52000E+03 3.05000E+03 7.00000E+02
 -1       627 1.53000E+03 3.05000E+03 7.00000E+02
 -1       628 2.03000E+03 3.05000E+03 7.00000E+02
 -1       629 2.04000E+03 3.05000E+03 7.00000E+02
 -1       630 2.54000E+03 3.05000E+03 7.00000E+02
 -1       631 2.55000E+03 3.05000E+03 7.00000E+02
 -1       632 3.05000E+03 3.05000E+03 7.00000E+02
 -1       633 3.06000E+03 3.05000E+03 7.00000E+02
 -1       634 3.56000E+03 3.05000E+03 7.00000E+02
 -1       635 3.57000E+03 3.05000E+03 7.00000E+02
 -1       636 4.07000E+03 3.05000E+03 7.00000E+02
 -1       637 4.08000E+03 3.05000E+03 7.00000E+02
 -1       638 4.58000E+03 3.05000E+03 7.00000E+02
 -1       639 4.59000E+03 3.05000E+03 7.00000E+02
 -1       640 5.09000E+03 3.05000E+03 7.00000E+02
 -1       641 0.00000E+00 3.06000E+03 7.00000E+02
 -1       642 5.00000E+02 3.06000E+03 7.00000E+02
 -1       643 5.10000E+02 3.06000E+03 7.00000E+02
 -1       644 1.01000E+03 3.06000E+03 7.00000E+02
 -1       645 1.02000E+03 3.06000E+03 7.00000E+02
 -1       646 1.52000E+03 3.06000E+03 7.00000E+02
 -1       647 1.53000E+03 3.06000E+03 7.00000E+02
 -1       648 2.03000E+03 3.06000E+03 7.00000E+02
 -1       649 2.04000E+03 3.06000E+03 7.00000E+02
 -1       650 2.54000E+03 3.06000E+03 7.00000E+02
 -1       651 2.55000E+03 3.06000E+03 7.00000E+02
 -1       652 3.05000E+03 3.06000E+03 7.00000E+02
 -1       653 3.06000E+03 3.06000E+03 7.00000E+02
 -1       654 3.56000E+03 3.06000E+03 7.00000E+02
 -1       655 3.57000E+03 3.06000E+03 7.00000E+02
 -1       656 4.07000E+03 3.06000E+03 7.00000E+02
 -1       657 4.08000E+03 3.06000E+03 7.00000E+02
 -1       658 4.58000E+03 3.06000E+03 7.00000E+02
 -1       659 4.59000E+03 3.06000E+03 7.00000E+02
 -1       660 5.09000E+03 3.06000E+03 7.00000E+02
 -1       661 0.00000E+00 3.56000E+03 7.00000E+02
 -1       662 5.00000E+02 3.56000E+03 7.00000E+02
 -1       663 5.10000E+02 3.56000E+03 7.00000E+02
 -1       664 1.01000E+03 3.56000E+03 7.00000E+02
 -1       665 1.02000E+03 3.56000E+03 7.00000E+02
 -1       666 1.52000E+03 3.56000E+03 7.00000E+02
 -1       667 1.53000E+03 3.56000E+03 7.00000E+02
 -1       668 2.03000E+03 3.56000E+03 7.00000E+02
 -1       669 2.04000E+03 3.56000E+03 7.00000E+02
 -1       670 2.54000E+03 3.56000E+03 7.00000E+02
 -1       671 2.55000E+03 3.56000E+03 7.00000E+02
 -1       672 3.05000E+03 3.56000E+03 7.00000E+02
 -1       673 3.06000E+03 3.56000E+03 7.00000E+02
 -1       674 3.56000E+03 3.56000E+03 7.00000E+02
 -1       675 3.57000E+03 3.56000E+03 7.00000E+02
 -1       676 4.07000E+03 3.56000E+03 7.00000E+02
 -1       677 4.08000E+03 3.56000E+03 7.00000E+02
 -1       678 4.58000E+03 3.56000E+03 7.00000E+02
 -1       679 4.59000E+03 3.56000E+03 7.00000E+02
 -1       680 5.09000E+03 3.56000E+03 7.00000E+02
 -1       681 0.00000E+00 3.57000E+03 7.00000E+02
 -1       682 5.00000E+02 3.57000E+03 7.00000E+02
 -1       683 5.10000E+02 3.57000E+03 7.00000E+02
 -1       684 1.01000E+03 3.57000E+03 7.00000E+02
 -1       685 1.02000E+03 3.57000E+03 7.00000E+02
 -1       686 1.52000E+03 3.57000E+03 7.00000E+02
 -1       687 1.53000E+03 3.57000E+03 7.00000E+02
 -1       688 2.03000E+03 3.57000E+03 7.00000E+02
 -1       689 2.04000E+03 3.57000E+03 7.00000E+02
 -1       690 2.54000E+03 3.57000E+03 7.00000E+02
 -1       691 2.55000E+03 3.57000E+03 7.00000E+02
 -1       692 3.05000E+03 3.57000E+03 7.00000E+02
 -1       693 3.06000E+03 3.57000E+03 7.00000E+02
 -1       694 3.56000E+03 3.57000E+03 7.00000E+02
 -1       695 3.57000E+03 3.57000E+03 7.00000E+02
 -1       696 4.07000E+03 3.57000E+03 7.00000E+02
 -1       697 4.08000E+03 3.57000E+03 7.00000E+02
 -1       698 4.58000E+03 3.57000E+03 7.00000E+02
 -1       699 4.59000E+03 3.57000E+03 7.00000E+02
 -1       700 5.09000E+03 3.57000E+03 7.00000E+02
 -1       701 0.00000E+00 4.07000E+03 7.00000E+02
 -1       702 5.00000E+02 4.07000E+03 7.00000E+02
 -1       703 5.10000E+02 4.07000E+03 7.00000E+02
 -1       704 1.01000E+03 4.07000E+03 7.00000E+02
 -1       705 1.02000E+03 4.07000E+03 7.00000E+02
 -1       706 1.52000E+03 4.07000E+03 7.00000E+02
 -1       707 1.53000E+03 4.07000E+03 7.00000E+02
 -1       708 2.03000E+03 4.07000E+03 7.00000E+02
 -1       709 2.04000E+03 4.07000E+03 7.00000E+02
 -1       710 2.54000E+03 4.07000E+03 7.00000E+02
 -1       711 2.55000E+03 4.07000E+03 7.00000E+02
 -1       712 3.05000E+03 4.07000E+03 7.00000E+02
 -1       713 3.06000E+03 4.07000E+03 7.00000E+02
 -1       714 3.56000E+03 4.07000E+03 7.00000E+02
 -1       715 3.57000E+03 4.07000E+03 7.00000E+02
 -1       716 4.07000E+03 4.07000E+03 7.00000E+02
 -1       717 4.08000E+03 4.07000E+03 7.00000E+02
 -1       718 4.58000E+03 4.07000E+03 7.00000E+02
 -1       719 4.59000E+03 4.07000E+03 7.00000E+02
 -1       720 5.09000E+03 4.07000E+03 7.00000E+02
 -1       721 0.00000E+00 4.08000E+03 7.00000E+02
 -1       722 5.00000E+02 4.08000E+03 7.00000E+02
 -1       723 5.10000E+02 4.08000E+03 7.00000E+02
 -1       724 1.01000E+03 4.08000E+03 7.00000E+02
 -1       725 1.02000E+03 4.08000E+03 7.00000E+02
 -1       726 1.52000E+03 4.08000E+03 7.00000E+02
 -1       727 1.53000E+03 4.08000E+03 7.00000E+02
 -1       728 2.03000E+03 4.08000E+03 7.00000E+02
 -1       729 2.04000E+03 4.08000E+03 7.00000E+02
 -1       730 2.54000E+03 4.08000E+03 7.00000E+02
 -1       731 2.55000E+03 4.08000E+03 7.00000E+02
 -1       732 3.05000E+03 4.08000E+03 7.00000E+02
 -1       733 3.06000E+03 4.08000E+03 7.00000E+02
 -1       734 3.56000E+03 4.08000E+03 7.00000E+02
 -1       735 3.57000E+03 4.08000E+03 7.00000E+02
 -1       736 4.07000E+03 4.08000E+03 7.00000E+02
 -1       737 4.08000E+03 4.08000E+03 7.00000E+02
 -1       738 4.58000E+03 4.08000E+03 7.00000E+02
 -1       739 4.59000E+03 4.08000E+03 7.00000E+02
 -1       740 5.09000E+03 4.08000E+03 7.00000E+02
 -1       741 0.00000E+00 4.58000E+03 7.00000E+02
 -1       742 5.00000E+02 4.58000E+03 7.00000E+02
 -1       743 5.10000E+02 4.58000E+03 7.00000E+02
 -1       744 1.01000E+03 4.58000E+03 7.00000E+02
 -1       745 1.02000E+03 4.58000E+03 7.00000E+02
 -1       746 1.52000E+03 4.58000E+03 7.00000E+02
 -1       747 1.53000E+03 4.58000E+03 7.00000E+02
 -1       748 2.03000E+03 4.58000E+03 7.00000E+02
 -1       749 2.04000E+03 4.58000E+03 7.00000E+02
 -1       750 2.54000E+03 4.58000E+03 7.00000E+02
 -1       751 2.55000E+03 4.58000E+03 7.00000E+02
 -1       752 3.05000E+03 4.58000E+03 7.00000E+02
 -1       753 3.06000E+03 4.58000E+03 7.00000E+02
 -1       754 3.56000E+03 4.58000E+03 7.00000E+02
 -1       755 3.57000E+03 4.58000E+03 7.00000E+02
 -1       756 4.07000E+03 4.58000E+03 7.00000E+02
 -1       757 4.08000E+03 4.58000E+03 7.00000E+02
 -1       758 4.58000E+03 4.58000E+03 7.00000E+02
 -1       759 4.59000E+03 4.58000E+03 7.00000E+02
 -1       760 5.09000E+03 4.58000E+03 7.00000E+02
 -1       761 0.00000E+00 4.59000E+03 7.00000E+02
 -1       762 5.00000E+02 4.59000E+03 7.00000E+02
 -1       763 5.10000E+02 4.59000E+03 7.00000E+02
 -1       764 1.01000E+03 4.59000E+03 7.00000E+02
 -1       765 1.02000E+03 4.59000E+03 7.00000E+02
 -1       766 1.52000E+03 4.59000E+03 7.00000E+02
 -1       767 1.53000E+03 4.59000E+03 7.00000E+02
 -1       768 2.03000E+03 4.59000E+03 7.00000E+02
 -1       769 2.04000E+03 4.59000E+03 7.00000E+02
 -1       770 2.54000E+03 4.59000E+03 7.00000E+02
 -1       771 2.55000E+03 4.59000E+03 7.00000E+02
 -1       772 3.05000E+03 4.59000E+03 7.00000E+02
 -1       773 3.06000E+03 4.59000E+03 7.00000E+02
 -1       774 3.56000E+03 4.59000E+03 7.00000E+02
 -1       775 3.57000E+03 4.59000E+03 7.00000E+02
 -1       776 4.07000E+03 4.59000E+03 7.00000E+02
 -1       777 4.08000E+03 4.59000E+03 7.00000E+02
 -1       778 4.58000E+03 4.59000E+03 7.00000E+02
 -1       779 4.59000E+03 4.59000E+03 7.00000E+02
 -1       780 5.09000E+03 4.59000E+03 7.00000E+02
 -1       781 0.00000E+00 5.09000E+03 7.00000E+02
 -1       782 5.00000E+02 5.09000E+03 7.00000E+02
 -1       783 5.10000E+02 5.09000E+03 7.00000E+02
 -1       784 1.01000E+03 5.09000E+03 7.00000E+02
 -1       785 1.02000E+03 5.09000E+03 7.00000E+02
 -1       786 1.52000E+03 5.09000E+03 7.00000E+02
 -1       787 1.53000E+03 5.09000E+03 7.00000E+02
 -1       788 2.03000E+03 5.09000E+03 7.00000E+02
 -1       789 2.04000E+03 5.09000E+03 7.00000E+02
 -1       790 2.54000E+03 5.09000E+03 7.00000E+02
 -1       791 2.55000E+03 5.09000E+03 7.00000E+02
 -1       792 3.05000E+03 5.09000E+03 7.00000E+02
 -1       793 3.06000E+03 5.09000E+03 7.00000E+02
 -1       794 3.56000E+03 5.09000E+03 7.00000E+02
 -1       795 3.57000E+03 5.09000E+03 7.00000E+02
 -1       796 4.07000E+03 5.09000E+03 7.00000E+02
 -1       797 4.08000E+03 5.09000E+03 7.00000E+02
 -1       798 4.58000E+03 5.09000E+03 7.00000E+02
 -1       799 4.59000E+03 5.09000E+03 7.00000E+02
 -1       800 5.09000E+03 5.09000E+03 7.00000E+02
 -3
    3C                           820                                     1
 -1         1    1    0    2
 -2         1         2        22        21       401       402       422       421
 -1         2    1    0    2
 -2         3         4        24        23       403       404       424       423
 -1         3    1    0    2
 -2         5         6        26        25       405       406       426       425
 -1         4    1    0    2
 -2         7         8        28        27       407       408       428       427
 -1         5    1    0    2
 -2         9        10        30        29       409       410       430       429
 -1         6    1    0    2
 -2        11        12        32        31       411       412       432       431
 -1         7    1    0    2
 -2        13        14        34        33       413       414       434       433
 -1         8    1    0    2
 -2        15        16        36        35       415       416       436       435
 -1         9    1    0    2
 -2        17        18        38        37       417       418       438       437
 -1        10    1    0    2
 -2        19        20        40        39       419       420       440       439
 -1        11    1    0    2
 -2        34        35        55        54       434       435       455       454
 -1        12    1    0    2
 -2        36        37        57        56       436       437       457       456
 -1        13    1    0    2
 -2        38        39        59        58       438       439       459       458
 -1        14    1    0    2
 -2        40        41        61        60       440       441       461       460
 -1        15    1    0    2
 -2        42        43        63        62       442       443       463       462
 -1        16    1    0    2
 -2        44        45        65        64       444       445       465       464
 -1        17    1    0    2
 -2        46        47        67        66       446       447       467       466
 -1        18    1    0    2
 -2        48        49        69        68       448       449       469       468
 -1        19    1    0    2
 -2        50        51        71        70       450       451       471       470
 -1        20    1    0    2
 -2        52        53        73        72       452       453       473       472
 -1        21    1    0    2
 -2        67        68        88        87       467       468       488       487
 -1        22    1    0    2
 -2        69        70        90        89       469       470       490       489
 -1        23    1    0    2
 -2        71        72        92        91       471       472       492       491
 -1        24    1    0    2
 -2        73        74        94        93       473       474       494       493
 -1        25    1    0    2
 -2        75        76        96        95       475       476       496       495
 -1        26    1    0    2
 -2        77        78        98        97       477       478       498       497
 -1        27    1    0    2
 -2        79        80       100        99       479       480       500       499
 -1        28    1    0    2
 -2        81        82       102       101       481       482       502       501
 -1        29    1    0    2
 -2        83        84       104       103       483       484       504       503
 -1        30    1    0    2
 -2        85        86       106       105       485       486       506       505
 -1        31    1    0    2
 -2       100       101       121       120       500       501       521       520
 -1        32    1    0    2
 -2       102       103       123       122       502       503       523       522
 -1        33    1    0    2
 -2       104       105       125       124       504       505       525       524
 -1        34    1    0    2
 -2       106       107       127       126       506       507       527       526
 -1        35    1    0    2
 -2       108       109       129       128       508       509       529       528
 -1        36    1    0    2
 -2       110       111       131       130       510       511       531       530
 -1        37    1    0    2
 -2       112       113       133       132       512       513       533       532
 -1        38    1    0    2
 -2       114       115       135       134       514       515       535       534
 -1        39    1    0    2
 -2       116       117       137       136       516       517       537       536
 -1        40    1    0    2
 -2       118       119       139       138       518       519       539       538
 -1        41    1    0    2
 -2       133       134       154       153       533       534       554       553
 -1        42    1    0    2
 -2       135       136       156       155       535       536       556       555
 -1        43    1    0    2
 -2       137       138       158       157       537       538       558       557
 -1        44    1    0    2
 -2       139       140       160       159       539       540       560       559
 -1        45    1    0    2
 -2       141       142       162       161       541       542       562       561
 -1        46    1    0    2
 -2       143       144       164       163       543       544       564       563
 -1        47    1    0    2
 -2       145       146       166       165       545       546       566       565
 -1        48    1    0    2
 -2       147       148       168       167       547       548       568       567
 -1        49    1    0    2
 -2       149       150       170       169       549       550       570       569
 -1        50    1    0    2
 -2       151       152       172       171       551       552       572       571
 -1        51    1    0    2
 -2       166       167       187       186       566       567       587       586
 -1        52    1    0    2
 -2       168       169       189       188       568       569       589       588
 -1        53    1    0    2
 -2       170       171       191       190       570       571       591       590
 -1        54    1    0    2
 -2       172       173       193       192       572       573       593       592
 -1        55    1    0    2
 -2       174       175       195       194       574       575       595       594
 -1        56    1    0    2
 -2       176       177       197       196       576       577       597       596
 -1        57    1    0    2
 -2       178       179       199       198       578       579       599       598
 -1        58    1    0    2
 -2       180       181       201       200       580       581       601       600
 -1        59    1    0    2
 -2       182       183       203       202       582       583       603       602
 -1        60    1    0    2
 -2       184       185       205       204       584       585       605       604
 -1        61    1    0    2
 -2       199       200       220       219       599       600       620       619
 -1        62    1    0    2
 -2       201       202       222       221       601       602       622       621
 -1        63    1    0    2
 -2       203       204       224       223       603       604       624       623
 -1        64    1    0    2
 -2       205       206       226       225       605       606       626       625
 -1        65    1    0    2
 -2       207       208       228       227       607       608       628       627
 -1        66    1    0    2
 -2       209       210       230       229       609       610       630       629
 -1        67    1    0    2
 -2       211       212       232       231       611       612       632       631
 -1        68    1    0    2
 -2       213       214       234       233       613       614       634       633
 -1        69    1    0    2
 -2       215       216       236       235       615       616       636       635
 -1        70    1    0    2
 -2       217       218       238       237       617       618       638       637
 -1        71    1    0    2
 -2       232       233       253       252       632       633       653       652
 -1        72    1    0    2
 -2       234       235       255       254       634       635       655       654
 -1        73    1    0    2
 -2       236       237       257       256       636       637       657       656
 -1        74    1    0    2
 -2       238       239       259       258       638       639       659       658
 -1        75    1    0    2
 -2       240       241       261       260       640       641       661       660
 -1        76    1    0    2
 -2       242       243       263       262       642       643       663       662
 -1        77    1    0    2
 -2       244       245       265       264       644       645       665       664
 -1        78    1    0    2
 -2       246       247       267       266       646       647       667       666
 -1        79    1    0    2
 -2       248       249       269       268       648       649       669       668
 -1        80    1    0    2
 -2       250       251       271       270       650       651       671       670
 -1        81    1    0    2
 -2       265       266       286       285       665       666       686       685
 -1        82    1    0    2
 -2       267       268       288       287       667       668       688       687
 -1        83    1    0    2
 -2       269       270       290       289       669       670       690       689
 -1        84    1    0    2
 -2       271       272       292       291       671       672       692       691
 -1        85    1    0    2
 -2       273       274       294       293       673       674       694       693
 -1        86    1    0    2
 -2       275       276       296       295       675       676       696       695
 -1        87    1    0    2
 -2       277       278       298       297       677       678       698       697
 -1        88    1    0    2
 -2       279       280       300       299       679       680       700       699
 -1        89    1    0    2
 -2       281       282       302       301       681       682       702       701
 -1        90    1    0    2
 -2       283       284       304       303       683       684       704       703
 -1        91    1    0    2
 -2       298       299       319       318       698       699       719       718
 -1        92    1    0    2
 -2       300       301       321       320       700       701       721       720
 -1        93    1    0    2
 -2       302       303       323       322       702       703       723       722
 -1        94    1    0    2
 -2       304       305       325       324       704       705       725       724
 -1        95    1    0    2
 -2       306       307       327       326       706       707       727       726
 -1        96    1    0    2
 -2       308       309       329       328       708       709       729       728
 -1        97    1    0    2
 -2       310       311       331       330       710       711       731       730
 -1        98    1    0    2
 -2       312       313       333       332       712       713       733       732
 -1        99    1    0    2
 -2       314       315       335       334       714       715       735       734
 -1       100    1    0    2
 -2       316       317       337       336       716       717       737       736
 -1       101   11    0    3
 -2         2         3
 -1       102   11    0    3
 -2        22        23
 -1       103   11    0    3
 -2       402       403
 -1       104   11    0    3
 -2       422       423
 -1       105   11    0    3
 -2         4         5
 -1       106   11    0    3
 -2        24        25
 -1       107   11    0    3
 -2       404       405
 -1       108   11    0    3
 -2       424       425
 -1       109   11    0    3
 -2         6         7
 -1       110   11    0    3
 -2        26        27
 -1       111   11    0    3
 -2       406       407
 -1       112   11    0    3
 -2       426       427
 -1       113   11    0    3
 -2         8         9
 -1       114   11    0    3
 -2        28        29
 -1       115   11    0    3
 -2       408       409
 -1       116   11    0    3
 -2       428       429
 -1       117   11    0    3
 -2        10        11
 -1       118   11    0    3
 -2        30        31
 -1       119   11    0    3
 -2       410       411
 -1       120   11    0    3
 -2       430       431
 -1       121   11    0    3
 -2        12        13
 -1       122   11    0    3
 -2        32        33
 -1       123   11    0    3
 -2       412       413
 -1       124   11    0    3
 -2       432       433
 -1       125   11    0    3
 -2        14        15
 -1       126   11    0    3
 -2        34        35
 -1       127   11    0    3
 -2       414       415
 -1       128   11    0    3
 -2       434       435
 -1       129   11    0    3
 -2        16        17
 -1       130   11    0    3
 -2        36        37
 -1       131   11    0    3
 -2       416       417
 -1       132   11    0    3
 -2       436       437
 -1       133   11    0    3
 -2        18        19
 -1       134   11    0    3
 -2        38        39
 -1       135   11    0    3
 -2       418       419
 -1       136   11    0    3
 -2       438       439
 -1       137   11    0    3
 -2        35        36
 -1       138   11    0    3
 -2        55        56
 -1       139   11    0    3
 -2       435       436
 -1       140   11    0    3
 -2       455       456
 -1       141   11    0    3
 -2        37        38
 -1       142   11    0    3
 -2        57        58
 -1       143   11    0    3
 -2       437       438
 -1       144   11    0    3
 -2       457       458
 -1       145   11    0    3
 -2        39        40
 -1       146   11    0    3
 -2        59        60
 -1       147   11    0    3
 -2       439       440
 -1       148   11    0    3
 -2       459       460
 -1       149   11    0    3
 -2        41        42
 -1       150   11    0    3
 -2        61        62
 -1       151   11    0    3
 -2       441       442
 -1       152   11    0    3
 -2       461       462
 -1       153   11    0    3
 -2        43        44
 -1       154   11    0    3
 -2        63        64
 -1       155   11    0    3
 -2       443       444
 -1       156   11    0    3
 -2       463       464
 -1       157   11    0    3
 -2        45        46
 -1       158   11    0    3
 -2        65        66
 -1       159   11    0    3
 -2       445       446
 -1       160   11    0    3
 -2       465       466
 -1       161   11    0    3
 -2        47        48
 -1       162   11    0    3
 -2        67        68
 -1       163   11    0    3
 -2       447       448
 -1       164   11    0    3
 -2       467       468
 -1       165   11    0    3
 -2        49        50
 -1       166   11    0    3
 -2        69        70
 -1       167   11    0    3
 -2       449       450
 -1       168   11    0    3
 -2       469       470
 -1       169   11    0    3
 -2        51        52
 -1       170   11    0    3
 -2        71        72
 -1       171   11    0    3
 -2       451       452
 -1       172   11    0    3
 -2       471       472
 -1       173   11    0    3
 -2        68        69
 -1       174   11    0    3
 -2        88        89
 -1       175   11    0    3
 -2       468       469
 -1       176   11    0    3
 -2       488       489
 -1       177   11    0    3
 -2        70        71
 -1       178   11    0    3
 -2        90        91
 -1       179   11    0    3
 -2       470       471
 -1       180   11    0    3
 -2       490       491
 -1       181   11    0    3
 -2        72        73
 -1       182   11    0    3
 -2        92        93
 -1       183   11    0    3
 -2       472       473
 -1       184   11    0    3
 -2       492       493
 -1       185   11    0    3
 -2        74        75
 -1       186   11    0    3
 -2        94        95
 -1       187   11    0    3
 -2       474       475
 -1       188   11    0    3
 -2       494       495
 -1       189   11    0    3
 -2        76        77
 -1       190   11    0    3
 -2        96        97
 -1       191   11    0    3
 -2       476       477
 -1       192   11    0    3
 -2       496       497
 -1       193   11    0    3
 -2        78        79
 -1       194   11    0    3
 -2        98        99
 -1       195   11    0    3
 -2       478       479
 -1       196   11    0    3
 -2       498       499
 -1       197   11    0    3
 -2        80        81
 -1       198   11    0    3
 -2       100       101
 -1       199   11    0    3
 -2       480       481
 -1       200   11    0    3
 -2       500       501
 -1       201   11    0    3
 -2        82        83
 -1       202   11    0    3
 -2       102       103
 -1       203   11    0    3
 -2       482       483
 -1       204   11    0    3
 -2       502       503
 -1       205   11    0    3
 -2        84        85
 -1       206   11    0    3
 -2       104       105
 -1       207   11    0    3
 -2       484       485
 -1       208   11    0    3
 -2       504       505
 -1       209   11    0    3
 -2       101       102
 -1       210   11    0    3
 -2       121       122
 -1       211   11    0    3
 -2       501       502
 -1       212   11    0    3
 -2       521       522
 -1       213   11    0    3
 -2       103       104
 -1       214   11    0    3
 -2       123       124
 -1       215   11    0    3
 -2       503       504
 -1       216   11    0    3
 -2       523       524
 -1       217   11    0    3
 -2       105       106
 -1       218   11    0    3
 -2       125       126
 -1       219   11    0    3
 -2       505       506
 -1       220   11    0    3
 -2       525       526
 -1       221   11    0    3
 -2       107       108
 -1       222   11    0    3
 -2       127       128
 -1       223   11    0    3
 -2       507       508
 -1       224   11    0    3
 -2       527       528
 -1       225   11    0    3
 -2       109       110
 -1       226   11    0    3
 -2       129       130
 -1       227   11    0    3
 -2       509       510
 -1       228   11    0    3
 -2       529       530
 -1       229   11    0    3
 -2       111       112
 -1       230   11    0    3
 -2       131       132
 -1       231   11    0    3
 -2       511       512
 -1       232   11    0    3
 -2       531       532
 -1       233   11    0    3
 -2       113       114
 -1       234   11    0    3
 -2       133       134
 -1       235   11    0    3
 -2       513       514
 -1       236   11    0    3
 -2       533       534
 -1       237   11    0    3
 -2       115       116
 -1       238   11    0    3
 -2       135       136
 -1       239   11    0    3
 -2       515       516
 -1       240   11    0    3
 -2       535       536
 -1       241   11    0    3
 -2       117       118
 -1       242   11    0    3
 -2       137       138
 -1       243   11    0    3
 -2       517       518
 -1       244   11    0    3
 -2       537       538
 -1       245   11    0    3
 -2       134       135
 -1       246   11    0    3
 -2       154       155
 -1       247   11    0    3
 -2       534       535
 -1       248   11    0    3
 -2       554       555
 -1       249   11    0    3
 -2       136       137
 -1       250   11    0    3
 -2       156       157
 -1       251   11    0    3
 -2       536       537
 -1       252   11    0    3
 -2       556       557
 -1       253   11    0    3
 -2       138       139
 -1       254   11    0    3
 -2       158       159
 -1       255   11    0    3
 -2       538       539
 -1       256   11    0    3
 -2       558       559
 -1       257   11    0    3
 -2       140       141
 -1       258   11    0    3
 -2       160       161
 -1       259   11    0    3
 -2       540       541
 -1       260   11    0    3
 -2       560       561
 -1       261   11    0    3
 -2       142       143
 -1       262   11    0    3
 -2       162       163
 -1       263   11    0    3
 -2       542       543
 -1       264   11    0    3
 -2       562       563
 -1       265   11    0    3
 -2       144       145
 -1       266   11    0    3
 -2       164       165
 -1       267   11    0    3
 -2       544       545
 -1       268   11    0    3
 -2       564       565
 -1       269   11    0    3
 -2       146       147
 -1       270   11    0    3
 -2       166       167
 -1       271   11    0    3
 -2       546       547
 -1       272   11    0    3
 -2       566       567
 -1       273   11    0    3
 -2       148       149
 -1       274   11    0    3
 -2       168       169
 -1       275   11    0    3
 -2       548       549
 -1       276   11    0    3
 -2       568       569
 -1       277   11    0    3
 -2       150       151
 -1       278   11    0    3
 -2       170       171
 -1       279   11    0    3
 -2       550       551
 -1       280   11    0    3
 -2       570       571
 -1       281   11    0    3
 -2       167       168
 -1       282   11    0    3
 -2       187       188
 -1       283   11    0    3
 -2       567       568
 -1       284   11    0    3
 -2       587       588
 -1       285   11    0    3
 -2       169       170
 -1       286   11    0    3
 -2       189       190
 -1       287   11    0    3
 -2       569       570
 -1       288   11    0    3
 -2       589       590
 -1       289   11    0    3
 -2       171       172
 -1       290   11    0    3
 -2       191       192
 -1       291   11    0    3
 -2       571       572
 -1       292   11    0    3
 -2       591       592
 -1       293   11    0    3
 -2       173       174
 -1       294   11    0    3
 -2       193       194
 -1       295   11    0    3
 -2       573       574
 -1       296   11    0    3
 -2       593       594
 -1       297   11    0    3
 -2       175       176
 -1       298   11    0    3
 -2       195       196
 -1       299   11    0    3
 -2       575       576
 -1       300   11    0    3
 -2       595       596
 -1       301   11    0    3
 -2       177       178
 -1       302   11    0    3
 -2       197       198
 -1       303   11    0    3
 -2       577       578
 -1       304   11    0    3
 -2       597       598
 -1       305   11    0    3
 -2       179       180
 -1       306   11    0    3
 -2       199       200
 -1       307   11    0    3
 -2       579       580
 -1       308   11    0    3
 -2       599       600
 -1       309   11    0    3
 -2       181       182
 -1       310   11    0    3
 -2       201       202
 -1       311   11    0    3
 -2       581       582
 -1       312   11    0    3
 -2       601       602
 -1       313   11    0    3
 -2       183       184
 -1       314   11    0    3
 -2       203       204
 -1       315   11    0    3
 -2       583       584
 -1       316   11    0    3
 -2       603       604
 -1       317   11    0    3
 -2       200       201
 -1       318   11    0    3
 -2       220       221
 -1       319   11    0    3
 -2       600       601
 -1       320   11    0    3
 -2       620       621
 -1       321   11    0    3
 -2       202       203
 -1       322   11    0    3
 -2       222       223
 -1       323   11    0    3
 -2       602       603
 -1       324   11    0    3
 -2       622       623
 -1       325   11    0    3
 -2       204       205
 -1       326   11    0    3
 -2       224       225
 -1       327   11    0    3
 -2       604       605
 -1       328   11    0    3
 -2       624       625
 -1       329   11    0    3
 -2       206       207
 -1       330   11    0    3
 -2       226       227
 -1       331   11    0    3
 -2       606       607
 -1       332   11    0    3
 -2       626       627
 -1       333   11    0    3
 -2       208       209
 -1       334   11    0    3
 -2       228       229
 -1       335   11    0    3
 -2       608       609
 -1       336   11    0    3
 -2       628       629
 -1       337   11    0    3
 -2       210       211
 -1       338   11    0    3
 -2       230       231
 -1       339   11    0    3
 -2       610       611
 -1       340   11    0    3
 -2       630       631
 -1       341   11    0    3
 -2       212       213
 -1       342   11    0    3
 -2       232       233
 -1       343   11    0    3
 -2       612       613
 -1       344   11    0    3
 -2       632       633
 -1       345   11    0    3
 -2       214       215
 -1       346   11    0    3
 -2       234       235
 -1       347   11    0    3
 -2       614       615
 -1       348   11    0    3
 -2       634       635
 -1       349   11    0    3
 -2       216       217
 -1       350   11    0    3
 -2       236       237
 -1       351   11    0    3
 -2       616       617
 -1       352   11    0    3
 -2       636       637
 -1       353   11    0    3
 -2       233       234
 -1       354   11    0    3
 -2       253       254
 -1       355   11    0    3
 -2       633       634
 -1       356   11    0    3
 -2       653       654
 -1       357   11    0    3
 -2       235       236
 -1       358   11    0    3
 -2       255       256
 -1       359   11    0    3
 -2       635       636
 -1       360   11    0    3
 -2       655       656
 -1       361   11    0    3
 -2       237       238
 -1       362   11    0    3
 -2       257       258
 -1       363   11    0    3
 -2       637       638
 -1       364   11    0    3
 -2       657       658
 -1       365   11    0    3
 -2       239       240
 -1       366   11    0    3
 -2       259       260
 -1       367   11    0    3
 -2       639       640
 -1       368   11    0    3
 -2       659       660
 -1       369   11    0    3
 -2       241       242
 -1       370   11    0    3
 -2       261       262
 -1       371   11    0    3
 -2       641       642
 -1       372   11    0    3
 -2       661       662
 -1       373   11    0    3
 -2       243       244
 -1       374   11    0    3
 -2       263       264
 -1       375   11    0    3
 -2       643       644
 -1       376   11    0    3
 -2       663       664
 -1       377   11    0    3
 -2       245       246
 -1       378   11    0    3
 -2       265       266
 -1       379   11    0    3
 -2       645       646
 -1       380   11    0    3
 -2       665       666
 -1       381   11    0    3
 -2       247       248
 -1       382   11    0    3
 -2       267       268
 -1       383   11    0    3
 -2       647       648
 -1       384   11    0    3
 -2       667       668
 -1       385   11    0    3
 -2       249       250
 -1       386   11    0    3
 -2       269       270
 -1       387   11    0    3
 -2       649       650
 -1       388   11    0    3
 -2       669       670
 -1       389   11    0    3
 -2       266       267
 -1       390   11    0    3
 -2       286       287
 -1       391   11    0    3
 -2       666       667
 -1       392   11    0    3
 -2       686       687
 -1       393   11    0    3
 -2       268       269
 -1       394   11    0    3
 -2       288       289
 -1       395   11    0    3
 -2       668       669
 -1       396   11    0    3
 -2       688       689
 -1       397   11    0    3
 -2       270       271
 -1       398   11    0    3
 -2       290       291
 -1       399   11    0    3
 -2       670       671
 -1       400   11    0    3
 -2       690       691
 -1       401   11    0    3
 -2       272       273
 -1       402   11    0    3
 -2       292       293
 -1       403   11    0    3
 -2       672       673
 -1       404   11    0    3
 -2       692       693
 -1       405   11    0    3
 -2       274       275
 -1       406   11    0    3
 -2       294       295
 -1       407   11    0    3
 -2       674       675
 -1       408   11    0    3
 -2       694       695
 -1       409   11    0    3
 -2       276       277
 -1       410   11    0    3
 -2       296       297
 -1       411   11    0    3
 -2       676       677
 -1       412   11    0    3
 -2       696       697
 -1       413   11    0    3
 -2       278       279
 -1       414   11    0    3
 -2       298       299
 -1       415   11    0    3
 -2       678       679
 -1       416   11    0    3
 -2       698       699
 -1       417   11    0    3
 -2       280       281
 -1       418   11    0    3
 -2       300       301
 -1       419   11    0    3
 -2       680       681
 -1       420   11    0    3
 -2       700       701
 -1       421   11    0    3
 -2       282       283
 -1       422   11    0    3
 -2       302       303
 -1       423   11    0    3
 -2       682       683
 -1       424   11    0    3
 -2       702       703
 -1       425   11    0    3
 -2       299       300
 -1       426   11    0    3
 -2       319       320
 -1       427   11    0    3
 -2       699       700
 -1       428   11    0    3
 -2       719       720
 -1       429   11    0    3
 -2       301       302
 -1       430   11    0    3
 -2       321       322
 -1       431   11    0    3
 -2       701       702
 -1       432   11    0    3
 -2       721       722
 -1       433   11    0    3
 -2       303       304
 -1       434   11    0    3
 -2       323       324
 -1       435   11    0    3
 -2       703       704
 -1       436   11    0    3
 -2       723       724
 -1       437   11    0    3
 -2       305       306
 -1       438   11    0    3
 -2       325       326
 -1       439   11    0    3
 -2       705       706
 -1       440   11    0    3
 -2       725       726
 -1       441   11    0    3
 -2       307       308
 -1       442   11    0    3
 -2       327       328
 -1       443   11    0    3
 -2       707       708
 -1       444   11    0    3
 -2       727       728
 -1       445   11    0    3
 -2       309       310
 -1       446   11    0    3
 -2       329       330
 -1       447   11    0    3
 -2       709       710
 -1       448   11    0    3
 -2       729       730
 -1       449   11    0    3
 -2       311       312
 -1       450   11    0    3
 -2       331       332
 -1       451   11    0    3
 -2       711       712
 -1       452   11    0    3
 -2       731       732
 -1       453   11    0    3
 -2       313       314
 -1       454   11    0    3
 -2       333       334
 -1       455   11    0    3
 -2       713       714
 -1       456   11    0    3
 -2       733       734
 -1       457   11    0    3
 -2       315       316
 -1       458   11    0    3
 -2       335       336
 -1       459   11    0    3
 -2       715       716
 -1       460   11    0    3
 -2       735       736
 -1       461   11    0    3
 -2        21        34
 -1       462   11    0    3
 -2        22        35
 -1       463   11    0    3
 -2       422       435
 -1       464   11    0    3
 -2       421       434
 -1       465   11    0    3
 -2        23        36
 -1       466   11    0    3
 -2        24        37
 -1       467   11    0    3
 -2       424       437
 -1       468   11    0    3
 -2       423       436
 -1       469   11    0    3
 -2        25        38
 -1       470   11    0    3
 -2        26        39
 -1       471   11    0    3
 -2       426       439
 -1       472   11    0    3
 -2       425       438
 -1       473   11    0    3
 -2        27        40
 -1       474   11    0    3
 -2        28        41
 -1       475   11    0    3
 -2       428       441
 -1       476   11    0    3
 -2       427       440
 -1       477   11    0    3
 -2        29        42
 -1       478   11    0    3
 -2        30        43
 -1       479   11    0    3
 -2       430       443
 -1       480   11    0    3
 -2       429       442
 -1       481   11    0    3
 -2        31        44
 -1       482   11    0    3
 -2        32        45
 -1       483   11    0    3
 -2       432       445
 -1       484   11    0    3
 -2       431       444
 -1       485   11    0    3
 -2        33        46
 -1       486   11    0    3
 -2        34        47
 -1       487   11    0    3
 -2       434       447
 -1       488   11    0    3
 -2       433       446
 -1       489   11    0    3
 -2        35        48
 -1       490   11    0    3
 -2        36        49
 -1       491   11    0    3
 -2       436       449
 -1       492   11    0    3
 -2       435       448
 -1       493   11    0    3
 -2        37        50
 -1       494   11    0    3
 -2        38        51
 -1       495   11    0    3
 -2       438       451
 -1       496   11    0    3
 -2       437       450
 -1       497   11    0    3
 -2        39        52
 -1       498   11    0    3
 -2        40        53
 -1       499   11    0    3
 -2       440       453
 -1       500   11    0    3
 -2       439       452
 -1       501   11    0    3
 -2        54        67
 -1       502   11    0    3
 -2        55        68
 -1       503   11    0    3
 -2       455       468
 -1       504   11    0    3
 -2       454       467
 -1       505   11    0    3
 -2        56        69
 -1       506   11    0    3
 -2        57        70
 -1       507   11    0    3
 -2       457       470
 -1       508   11    0    3
 -2       456       469
 -1       509   11    0    3
 -2        58        71
 -1       510   11    0    3
 -2        59        72
 -1       511   11    0    3
 -2       459       472
 -1       512   11    0    3
 -2       458       471
 -1       513   11    0    3
 -2        60        73
 -1       514   11    0    3
 -2        61        74
 -1       515   11    0    3
 -2       461       474
 -1       516   11    0    3
 -2       460       473
 -1       517   11    0    3
 -2        62        75
 -1       518   11    0    3
 -2        63        76
 -1       519   11    0    3
 -2       463       476
 -1       520   11    0    3
 -2       462       475
 -1       521   11    0    3
 -2        64        77
 -1       522   11    0    3
 -2        65        78
 -1       523   11    0    3
 -2       465       478
 -1       524   11    0    3
 -2       464       477
 -1       525   11    0    3
 -2        66        79
 -1       526   11    0    3
 -2        67        80
 -1       527   11    0    3
 -2       467       480
 -1       528   11    0    3
 -2       466       479
 -1       529   11    0    3
 -2        68        81
 -1       530   11    0    3
 -2        69        82
 -1       531   11    0    3
 -2       469       482
 -1       532   11    0    3
 -2       468       481
 -1       533   11    0    3
 -2        70        83
 -1       534   11    0    3
 -2        71        84
 -1       535   11    0    3
 -2       471       484
 -1       536   11    0    3
 -2       470       483
 -1       537   11    0    3
 -2        72        85
 -1       538   11    0    3
 -2        73        86
 -1       539   11    0    3
 -2       473       486
 -1       540   11    0    3
 -2       472       485
 -1       541   11    0    3
 -2        87       100
 -1       542   11    0    3
 -2        88       101
 -1       543   11    0    3
 -2       488       501
 -1       544   11    0    3
 -2       487       500
 -1       545   11    0    3
 -2        89       102
 -1       546   11    0    3
 -2        90       103
 -1       547   11    0    3
 -2       490       503
 -1       548   11    0    3
 -2       489       502
 -1       549   11    0    3
 -2        91       104
 -1       550   11    0    3
 -2        92       105
 -1       551   11    0    3
 -2       492       505
 -1       552   11    0    3
 -2       491       504
 -1       553   11    0    3
 -2        93       106
 -1       554   11    0    3
 -2        94       107
 -1       555   11    0    3
 -2       494       507
 -1       556   11    0    3
 -2       493       506
 -1       557   11    0    3
 -2        95       108
 -1       558   11    0    3
 -2        96       109
 -1       559   11    0    3
 -2       496       509
 -1       560   11    0    3
 -2       495       508
 -1       561   11    0    3
 -2        97       110
 -1       562   11    0    3
 -2        98       111
 -1       563   11    0    3
 -2       498       511
 -1       564   11    0    3
 -2       497       510
 -1       565   11    0    3
 -2        99       112
 -1       566   11    0    3
 -2       100       113
 -1       567   11    0    3
 -2       500       513
 -1       568   11    0    3
 -2       499       512
 -1       569   11    0    3
 -2       101       114
 -1       570   11    0    3
 -2       102       115
 -1       571   11    0    3
 -2       502       515
 -1       572   11    0    3
 -2       501       514
 -1       573   11    0    3
 -2       103       116
 -1       574   11    0    3
 -2       104       117
 -1       575   11    0    3
 -2       504       517
 -1       576   11    0    3
 -2       503       516
 -1       577   11    0    3
 -2       105       118
 -1       578   11    0    3
 -2       106       119
 -1       579   11    0    3
 -2       506       519
 -1       580   11    0    3
 -2       505       518
 -1       581   11    0    3
 -2       120       133
 -1       582   11    0    3
 -2       121       134
 -1       583   11    0    3
 -2       521       534
 -1       584   11    0    3
 -2       520       533
 -1       585   11    0    3
 -2       122       135
 -1       586   11    0    3
 -2       123       136
 -1       587   11    0    3
 -2       523       536
 -1       588   11    0    3
 -2       522       535
 -1       589   11    0    3
 -2       124       137
 -1       590   11    0    3
 -2       125       138
 -1       591   11    0    3
 -2       525       538
 -1       592   11    0    3
 -2       524       537
 -1       593   11    0    3
 -2       126       139
 -1       594   11    0    3
 -2       127       140
 -1       595   11    0    3
 -2       527       540
 -1       596   11    0    3
 -2       526       539
 -1       597   11    0    3
 -2       128       141
 -1       598   11    0    3
 -2       129       142
 -1       599   11    0    3
 -2       529       542
 -1       600   11    0    3
 -2       528       541
 -1       601   11    0    3
 -2       130       143
 -1       602   11    0    3
 -2       131       144
 -1       603   11    0    3
 -2       531       544
 -1       604   11    0    3
 -2       530       543
 -1       605   11    0    3
 -2       132       145
 -1       606   11    0    3
 -2       133       146
 -1       607   11    0    3
 -2       533       546
 -1       608   11    0    3
 -2       532       545
 -1       609   11    0    3
 -2       134       147
 -1       610   11    0    3
 -2       135       148
 -1       611   11    0    3
 -2       535       548
 -1       612   11    0    3
 -2       534       547
 -1       613   11    0    3
 -2       136       149
 -1       614   11    0    3
 -2       137       150
 -1       615   11    0    3
 -2       537       550
 -1       616   11    0    3
 -2       536       549
 -1       617   11    0    3
 -2       138       151
 -1       618   11    0    3
 -2       139       152
 -1       619   11    0    3
 -2       539       552
 -1       620   11    0    3
 -2       538       551
 -1       621   11    0    3
 -2       153       166
 -1       622   11    0    3
 -2       154       167
 -1       623   11    0    3
 -2       554       567
 -1       624   11    0    3
 -2       553       566
 -1       625   11    0    3
 -2       155       168
 -1       626   11    0    3
 -2       156       169
 -1       627   11    0    3
 -2       556       569
 -1       628   11    0    3
 -2       555       568
 -1       629   11    0    3
 -2       157       170
 -1       630   11    0    3
 -2       158       171
 -1       631   11    0    3
 -2       558       571
 -1       632   11    0    3
 -2       557       570
 -1       633   11    0    3
 -2       159       172
 -1       634   11    0    3
 -2       160       173
 -1       635   11    0    3
 -2       560       573
 -1       636   11    0    3
 -2       559       572
 -1       637   11    0    3
 -2       161       174
 -1       638   11    0    3
 -2       162       175
 -1       639   11    0    3
 -2       562       575
 -1       640   11    0    3
 -2       561       574
 -1       641   11    0    3
 -2       163       176
 -1       642   11    0    3
 -2       164       177
 -1       643   11    0    3
 -2       564       577
 -1       644   11    0    3
 -2       563       576
 -1       645   11    0    3
 -2       165       178
 -1       646   11    0    3
 -2       166       179
 -1       647   11    0    3
 -2       566       579
 -1       648   11    0    3
 -2       565       578
 -1       649   11    0    3
 -2       167       180
 -1       650   11    0    3
 -2       168       181
 -1       651   11    0    3
 -2       568       581
 -1       652   11    0    3
 -2       567       580
 -1       653   11    0    3
 -2       169       182
 -1       654   11    0    3
 -2       170       183
 -1       655   11    0    3
 -2       570       583
 -1       656   11    0    3
 -2       569       582
 -1       657   11    0    3
 -2       171       184
 -1       658   11    0    3
 -2       172       185
 -1       659   11    0    3
 -2       572       585
 -1       660   11    0    3
 -2       571       584
 -1       661   11    0    3
 -2       186       199
 -1       662   11    0    3
 -2       187       200
 -1       663   11    0    3
 -2       587       600
 -1       664   11    0    3
 -2       586       599
 -1       665   11    0    3
 -2       188       201
 -1       666   11    0    3
 -2       189       202
 -1       667   11    0    3
 -2       589       602
 -1       668   11    0    3
 -2       588       601
 -1       669   11    0    3
 -2       190       203
 -1       670   11    0    3
 -2       191       204
 -1       671   11    0    3
 -2       591       604
 -1       672   11    0    3
 -2       590       603
 -1       673   11    0    3
 -2       192       205
 -1       674   11    0    3
 -2       193       206
 -1       675   11    0    3
 -2       593       606
 -1       676   11    0    3
 -2       592       605
 -1       677   11    0    3
 -2       194       207
 -1       678   11    0    3
 -2       195       208
 -1       679   11    0    3
 -2       595       608
 -1       680   11    0    3
 -2       594       607
 -1       681   11    0    3
 -2       196       209
 -1       682   11    0    3
 -2       197       210
 -1       683   11    0    3
 -2       597       610
 -1       684   11    0    3
 -2       596       609
 -1       685   11    0    3
 -2       198       211
 -1       686   11    0    3
 -2       199       212
 -1       687   11    0    3
 -2       599       612
 -1       688   11    0    3
 -2       598       611
 -1       689   11    0    3
 -2       200       213
 -1       690   11    0    3
 -2       201       214
 -1       691   11    0    3
 -2       601       614
 -1       692   11    0    3
 -2       600       613
 -1       693   11    0    3
 -2       202       215
 -1       694   11    0    3
 -2       203       216
 -1       695   11    0    3
 -2       603       616
 -1       696   11    0    3
 -2       602       615
 -1       697   11    0    3
 -2       204       217
 -1       698   11    0    3
 -2       205       218
 -1       699   11    0    3
 -2       605       618
 -1       700   11    0    3
 -2       604       617
 -1       701   11    0    3
 -2       219       232
 -1       702   11    0    3
 -2       220       233
 -1       703   11    0    3
 -2       620       633
 -1       704   11    0    3
 -2       619       632
 -1       705   11    0    3
 -2       221       234
 -1       706   11    0    3
 -2       222       235
 -1       707   11    0    3
 -2       622       635
 -1       708   11    0    3
 -2       621       634
 -1       709   11    0    3
 -2       223       236
 -1       710   11    0    3
 -2       224       237
 -1       711   11    0    3
 -2       624       637
 -1       712   11    0    3
 -2       623       636
 -1       713   11    0    3
 -2       225       238
 -1       714   11    0    3
 -2       226       239
 -1       715   11    0    3
 -2       626       639
 -1       716   11    0    3
 -2       625       638
 -1       717   11    0    3
 -2       227       240
 -1       718   11    0    3
 -2       228       241
 -1       719   11    0    3
 -2       628       641
 -1       720   11    0    3
 -2       627       640
 -1       721   11    0    3
 -2       229       242
 -1       722   11    0    3
 -2       230       243
 -1       723   11    0    3
 -2       630       643
 -1       724   11    0    3
 -2       629       642
 -1       725   11    0    3
 -2       231       244
 -1       726   11    0    3
 -2       232       245
 -1       727   11    0    3
 -2       632       645
 -1       728   11    0    3
 -2       631       644
 -1       729   11    0    3
 -2       233       246
 -1       730   11    0    3
 -2       234       247
 -1       731   11    0    3
 -2       634       647
 -1       732   11    0    3
 -2       633       646
 -1       733   11    0    3
 -2       235       248
 -1       734   11    0    3
 -2       236       249
 -1       735   11    0    3
 -2       636       649
 -1       736   11    0    3
 -2       635       648
 -1       737   11    0    3
 -2       237       250
 -1       738   11    0    3
 -2       238       251
 -1       739   11    0    3
 -2       638       651
 -1       740   11    0    3
 -2       637       650
 -1       741   11    0    3
 -2       252       265
 -1       742   11    0    3
 -2       253       266
 -1       743   11    0    3
 -2       653       666
 -1       744   11    0    3
 -2       652       665
 -1       745   11    0    3
 -2       254       267
 -1       746   11    0    3
 -2       255       268
 -1       747   11    0    3
 -2       655       668
 -1       748   11    0    3
 -2       654       667
 -1       749   11    0    3
 -2       256       269
 -1       750   11    0    3
 -2       257       270
 -1       751   11    0    3
 -2       657       670
 -1       752   11    0    3
 -2       656       669
 -1       753   11    0    3
 -2       258       271
 -1       754   11    0    3
 -2       259       272
 -1       755   11    0    3
 -2       659       672
 -1       756   11    0    3
 -2       658       671
 -1       757   11    0    3
 -2       260       273
 -1       758   11    0    3
 -2       261       274
 -1       759   11    0    3
 -2       661       674
 -1       760   11    0    3
 -2       660       673
 -1       761   11    0    3
 -2       262       275
 -1       762   11    0    3
 -2       263       276
 -1       763   11    0    3
 -2       663       676
 -1       764   11    0    3
 -2       662       675
 -1       765   11    0    3
 -2       264       277
 -1       766   11    0    3
 -2       265       278
 -1       767   11    0    3
 -2       665       678
 -1       768   11    0    3
 -2       664       677
 -1       769   11    0    3
 -2       266       279
 -1       770   11    0    3
 -2       267       280
 -1       771   11    0    3
 -2       667       680
 -1       772   11    0    3
 -2       666       679
 -1       773   11    0    3
 -2       268       281
 -1       774   11    0    3
 -2       269       282
 -1       775   11    0    3
 -2       669       682
 -1       776   11    0    3
 -2       668       681
 -1       777   11    0    3
 -2       270       283
 -1       778   11    0    3
 -2       271       284
 -1       779   11    0    3
 -2       671       684
 -1       780   11    0    3
 -2       670       683
 -1       781   11    0    3
 -2       285       298
 -1       782   11    0    3
 -2       286       299
 -1       783   11    0    3
 -2       686       699
 -1       784   11    0    3
 -2       685       698
 -1       785   11    0    3
 -2       287       300
 -1       786   11    0    3
 -2       288       301
 -1       787   11    0    3
 -2       688       701
 -1       788   11    0    3
 -2       687       700
 -1       789   11    0    3
 -2       289       302
 -1       790   11    0    3
 -2       290       303
 -1       791   11    0    3
 -2       690       703
 -1       792   11    0    3
 -2       689       702
 -1       793   11    0    3
 -2       291       304
 -1       794   11    0    3
 -2       292       305
 -1       795   11    0    3
 -2       692       705
 -1       796   11    0    3
 -2       691       704
 -1       797   11    0    3
 -2       293       306
 -1       798   11    0    3
 -2       294       307
 -1       799   11    0    3
 -2       694       707
 -1       800   11    0    3
 -2       693       706
 -1       801   11    0    3
 -2       295       308
 -1       802   11    0    3
 -2       296       309
 -1       803   11    0    3
 -2       696       709
 -1       804   11    0    3
 -2       695       708
 -1       805   11    0    3
 -2       297       310
 -1       806   11    0    3
 -2       298       311
 -1       807   11    0    3
 -2       698       711
 -1       808   11    0    3
 -2       697       710
 -1       809   11    0    3
 -2       299       312
 -1       810   11    0    3
 -2       300       313
 -1       811   11    0    3
 -2       700       713
 -1       812   11    0    3
 -2       699       712
 -1       813   11    0    3
 -2       301       314
 -1       814   11    0    3
 -2       302       315
 -1       815   11    0    3
 -2       702       715
 -1       816   11    0    3
 -2       701       714
 -1       817   11    0    3
 -2       303       316
 -1       818   11    0    3
 -2       304       317
 -1       819   11    0    3
 -2       704       717
 -1       820   11    0    3
 -2       703       716
 -3
