SUMMARY OF C0NVERGENCE INFORMATION
  STEP   INC  ATT   ITER     CONT.   RESID.        CORR.      RESID.      CORR.
                              EL.    FORCE         DISP       FLUX        TEMP.
                              (#)     (%)           (%)        (%)         (%)
     1     1     1     1        0  0.1124E+01  0.1000E+03  0.0000E+00  0.0000E+00
     1     1     1     2        0  0.3877E-04  0.5670E+00  0.0000E+00  0.0000E+00
     1     2     1     1        0  0.1007E-03  0.1122E+01  0.0000E+00  0.0000E+00
     1     2     1     2        0  0.5710E-09  0.3511E-02  0.0000E+00  0.0000E+00
     1     3     1     1        0  0.7240E-04  0.1108E+01  0.0000E+00  0.0000E+00
     1     3     1     2        0  0.9151E-09  0.5133E-02  0.0000E+00  0.0000E+00
     1     4     1     1        0  0.5557E-04  0.1094E+01  0.0000E+00  0.0000E+00
     1     4     1     2        0  0.1236E-08  0.6709E-02  0.0000E+00  0.0000E+00
     1     5     1     1        0  0.4446E-04  0.1081E+01  0.0000E+00  0.0000E+00
     1     5     1     2        0  0.1526E-08  0.8217E-02  0.0000E+00  0.0000E+00
     1     6     1     1        0  0.3660E-04  0.1068E+01  0.0000E+00  0.0000E+00
     1     6     1     2        0  0.1789E-08  0.9667E-02  0.0000E+00  0.0000E+00
     1     7     1     1        0  0.3079E-04  0.1055E+01  0.0000E+00  0.0000E+00
     1     7     1     2        0  0.2025E-08  0.1106E-01  0.0000E+00  0.0000E+00
     1     8     1     1        0  0.2632E-04  0.1043E+01  0.0000E+00  0.0000E+00
     1     8     1     2        0  0.2237E-08  0.1241E-01  0.0000E+00  0.0000E+00
     1     9     1     1        0  0.2279E-04  0.1031E+01  0.0000E+00  0.0000E+00
     1     9     1     2        0  0.2424E-08  0.1370E-01  0.0000E+00  0.0000E+00
     1    10     1     1        0  0.1995E-04  0.1020E+01  0.0000E+00  0.0000E+00
     1    10     1     2        0  0.2592E-08  0.1495E-01  0.0000E+00  0.0000E+00
     1    11     1     1        0  0.1762E-04  0.1009E+01  0.0000E+00  0.0000E+00
     1    11     1     2        0  0.2740E-08  0.1615E-01  0.0000E+00  0.0000E+00
     1    12     1     1        0  0.1568E-04  0.9977E+00  0.0000E+00  0.0000E+00
     1    12     1     2        0  0.2871E-08  0.1731E-01  0.0000E+00  0.0000E+00
     1    13     1     1        0  0.1404E-04  0.9871E+00  0.0000E+00  0.0000E+00
     1    13     1     2        0  0.2986E-08  0.1843E-01  0.0000E+00  0.0000E+00
     1    14     1     1        0  0.1264E-04  0.9768E+00  0.0000E+00  0.0000E+00
     1    14     1     2        0  0.3087E-08  0.1951E-01  0.0000E+00  0.0000E+00
     1    15     1     1        0  0.1144E-04  0.9667E+00  0.0000E+00  0.0000E+00
     1    15     1     2        0  0.3175E-08  0.2056E-01  0.0000E+00  0.0000E+00
     1    16     1     1        0  0.1040E-04  0.9569E+00  0.0000E+00  0.0000E+00
     1    16     1     2        0  0.3252E-08  0.2158E-01  0.0000E+00  0.0000E+00
     1    17     1     1        0  0.9491E-05  0.9474E+00  0.0000E+00  0.0000E+00
     1    17     1     2        0  0.3317E-08  0.2256E-01  0.0000E+00  0.0000E+00
     1    18     1     1        0  0.8692E-05  0.9380E+00  0.0000E+00  0.0000E+00
     1    18     1     2        0  0.3373E-08  0.2351E-01  0.0000E+00  0.0000E+00
     1    19     1     1        0  0.7986E-05  0.9289E+00  0.0000E+00  0.0000E+00
     1    19     1     2        0  0.3421E-08  0.2443E-01  0.0000E+00  0.0000E+00
     1    20     1     1        0  0.7359E-05  0.9201E+00  0.0000E+00  0.0000E+00
     1    20     1     2        0  0.3461E-08  0.2532E-01  0.0000E+00  0.0000E+00
