SUMMARY OF C0NVERGENCE INFORMATION
  STEP   INC  ATT   ITER     CONT.   RESID.        CORR.      RESID.      CORR.
                              EL.    FORCE         DISP       FLUX        TEMP.
                              (#)     (%)           (%)        (%)         (%)
     1     1     1     1        0  0.0000E+00  0.1000E+03  0.0000E+00  0.0000E+00
     1     1     1     2        0  0.0000E+00  0.7256E-06  0.0000E+00  0.0000E+00
     1     2     1     1        0  0.0000E+00  0.1895E-09  0.0000E+00  0.0000E+00
     1     2     1     2        0  0.0000E+00  0.1895E-09  0.0000E+00  0.0000E+00
     1     3     1     1        0  0.0000E+00  0.2685E-09  0.0000E+00  0.0000E+00
     1     3     1     2        0  0.0000E+00  0.4472E-13  0.0000E+00  0.0000E+00
     1     4     1     1        0  0.0000E+00  0.2105E-09  0.0000E+00  0.0000E+00
     1     4     1     2        0  0.0000E+00  0.8425E-10  0.0000E+00  0.0000E+00
     1     5     1     1        0  0.0000E+00  0.1404E-09  0.0000E+00  0.0000E+00
     1     5     1     2        0  0.0000E+00  0.2808E-10  0.0000E+00  0.0000E+00
     1     6     1     1        0  0.0000E+00  0.8428E-10  0.0000E+00  0.0000E+00
     1     6     1     2        0  0.0000E+00  0.4215E-10  0.0000E+00  0.0000E+00
     1     7     1     1        0  0.0000E+00  0.2497E-10  0.0000E+00  0.0000E+00
     1     7     1     2        0  0.0000E+00  0.2500E-10  0.0000E+00  0.0000E+00
     1     8     1     1        0  0.0000E+00  0.4742E-10  0.0000E+00  0.0000E+00
     1     8     1     2        0  0.0000E+00  0.6495E-13  0.0000E+00  0.0000E+00
     1     9     1     1        0  0.0000E+00  0.4745E-10  0.0000E+00  0.0000E+00
     1     9     1     2        0  0.0000E+00  0.7494E-13  0.0000E+00  0.0000E+00
     1    10     1     1        0  0.0000E+00  0.2379E-10  0.0000E+00  0.0000E+00
     1    10     1     2        0  0.0000E+00  0.2112E-10  0.0000E+00  0.0000E+00
     1    11     1     1        0  0.0000E+00  0.1068E-10  0.0000E+00  0.0000E+00
     1    11     1     2        0  0.0000E+00  0.1988E-12  0.0000E+00  0.0000E+00
     1    12     1     1        0  0.0000E+00  0.3187E-10  0.0000E+00  0.0000E+00
     1    12     1     2        0  0.0000E+00  0.1069E-10  0.0000E+00  0.0000E+00
     1    13     1     1        0  0.0000E+00  0.2140E-10  0.0000E+00  0.0000E+00
     1    13     1     2        0  0.0000E+00  0.2117E-10  0.0000E+00  0.0000E+00
     1    14     1     1        0  0.0000E+00  0.1057E-10  0.0000E+00  0.0000E+00
     1    14     1     2        0  0.0000E+00  0.1063E-10  0.0000E+00  0.0000E+00
     1    15     1     1        0  0.0000E+00  0.4214E-10  0.0000E+00  0.0000E+00
     1    15     1     2        0  0.0000E+00  0.1676E-12  0.0000E+00  0.0000E+00
     1    16     1     1        0  0.0000E+00  0.3426E-10  0.0000E+00  0.0000E+00
     1    16     1     2        0  0.0000E+00  0.2082E-10  0.0000E+00  0.0000E+00
     1    17     1     1        0  0.0000E+00  0.5277E-10  0.0000E+00  0.0000E+00
     1    17     1     2        0  0.0000E+00  0.2138E-10  0.0000E+00  0.0000E+00
     1    18     1     1        0  0.0000E+00  0.4230E-10  0.0000E+00  0.0000E+00
     1    18     1     2        0  0.0000E+00  0.1070E-10  0.0000E+00  0.0000E+00
     1    19     1     1        0  0.0000E+00  0.3187E-10  0.0000E+00  0.0000E+00
     1    19     1     2        0  0.0000E+00  0.1057E-10  0.0000E+00  0.0000E+00
     1    20     1     1        0  0.0000E+00  0.4759E-10  0.0000E+00  0.0000E+00
     1    20     1     2        0  0.0000E+00  0.1116E-10  0.0000E+00  0.0000E+00
     1    21     1     1        0  0.0000E+00  0.5153E-10  0.0000E+00  0.0000E+00
     1    21     1     2        0  0.0000E+00  0.2198E-10  0.0000E+00  0.0000E+00
     1    22     1     1        0  0.0000E+00  0.3980E-10  0.0000E+00  0.0000E+00
     1    22     1     2        0  0.0000E+00  0.1061E-10  0.0000E+00  0.0000E+00
     1    23     1     1        0  0.0000E+00  0.4063E-10  0.0000E+00  0.0000E+00
     1    23     1     2        0  0.0000E+00  0.1061E-10  0.0000E+00  0.0000E+00
     1    24     1     1        0  0.0000E+00  0.2936E-10  0.0000E+00  0.0000E+00
     1    24     1     2        0  0.0000E+00  0.1604E-10  0.0000E+00  0.0000E+00
     1    25     1     1        0  0.0000E+00  0.3304E-10  0.0000E+00  0.0000E+00
     1    25     1     2        0  0.0000E+00  0.1014E-10  0.0000E+00  0.0000E+00
     1    26     1     1        0  0.0000E+00  0.3159E-10  0.0000E+00  0.0000E+00
     1    26     1     2        0  0.0000E+00  0.1079E-10  0.0000E+00  0.0000E+00
     1    27     1     1        0  0.0000E+00  0.3171E-10  0.0000E+00  0.0000E+00
     1    27     1     2        0  0.0000E+00  0.1122E-10  0.0000E+00  0.0000E+00
     1    28     1     1        0  0.0000E+00  0.3293E-10  0.0000E+00  0.0000E+00
     1    28     1     2        0  0.0000E+00  0.2171E-10  0.0000E+00  0.0000E+00
     1    29     1     1        0  0.0000E+00  0.5330E-10  0.0000E+00  0.0000E+00
     1    29     1     2        0  0.0000E+00  0.7187E-12  0.0000E+00  0.0000E+00
     1    30     1     1        0  0.0000E+00  0.2253E-10  0.0000E+00  0.0000E+00
     1    30     1     2        0  0.0000E+00  0.1498E-10  0.0000E+00  0.0000E+00
     1    31     1     1        0  0.0000E+00  0.4893E-10  0.0000E+00  0.0000E+00
     1    31     1     2        0  0.0000E+00  0.2127E-10  0.0000E+00  0.0000E+00
     1    32     1     1        0  0.0000E+00  0.5093E-10  0.0000E+00  0.0000E+00
     1    32     1     2        0  0.0000E+00  0.1010E-11  0.0000E+00  0.0000E+00
     1    33     1     1        0  0.0000E+00  0.2186E-10  0.0000E+00  0.0000E+00
     1    33     1     2        0  0.0000E+00  0.2186E-10  0.0000E+00  0.0000E+00
     1    34     1     1        0  0.0000E+00  0.8324E-10  0.0000E+00  0.0000E+00
     1    34     1     2        0  0.0000E+00  0.2291E-09  0.0000E+00  0.0000E+00
     1    35     1     1        0  0.0000E+00  0.3995E-09  0.0000E+00  0.0000E+00
     1    35     1     2        0  0.0000E+00  0.1191E-10  0.0000E+00  0.0000E+00
     1    36     1     1        0  0.0000E+00  0.1900E-09  0.0000E+00  0.0000E+00
     1    36     1     2        0  0.0000E+00  0.1130E-10  0.0000E+00  0.0000E+00
     1    37     1     1        0  0.0000E+00  0.2334E-10  0.0000E+00  0.0000E+00
     1    37     1     2        0  0.0000E+00  0.2121E-10  0.0000E+00  0.0000E+00
     1    38     1     1        0  0.0000E+00  0.5166E-10  0.0000E+00  0.0000E+00
     1    38     1     2        0  0.0000E+00  0.1138E-10  0.0000E+00  0.0000E+00
     1    39     1     1        0  0.0000E+00  0.4029E-10  0.0000E+00  0.0000E+00
     1    39     1     2        0  0.0000E+00  0.1329E-10  0.0000E+00  0.0000E+00
     1    40     1     1        0  0.0000E+00  0.4784E-10  0.0000E+00  0.0000E+00
     1    40     1     2        0  0.0000E+00  0.1071E-10  0.0000E+00  0.0000E+00
     1    41     1     1        0  0.0000E+00  0.2708E-10  0.0000E+00  0.0000E+00
     1    41     1     2        0  0.0000E+00  0.2148E-10  0.0000E+00  0.0000E+00
     1    42     1     1        0  0.0000E+00  0.3213E-10  0.0000E+00  0.0000E+00
     1    42     1     2        0  0.0000E+00  0.2706E-10  0.0000E+00  0.0000E+00
     1    43     1     1        0  0.0000E+00  0.5548E-10  0.0000E+00  0.0000E+00
     1    43     1     2        0  0.0000E+00  0.9331E-12  0.0000E+00  0.0000E+00
     1    44     1     1        0  0.0000E+00  0.2852E-10  0.0000E+00  0.0000E+00
     1    44     1     2        0  0.0000E+00  0.2118E-10  0.0000E+00  0.0000E+00
     1    45     1     1        0  0.0000E+00  0.5309E-10  0.0000E+00  0.0000E+00
     1    45     1     2        0  0.0000E+00  0.1850E-10  0.0000E+00  0.0000E+00
     1    46     1     1        0  0.0000E+00  0.3480E-10  0.0000E+00  0.0000E+00
     1    46     1     2        0  0.0000E+00  0.6339E-12  0.0000E+00  0.0000E+00
     1    47     1     1        0  0.0000E+00  0.2226E-10  0.0000E+00  0.0000E+00
     1    47     1     2        0  0.0000E+00  0.1117E-10  0.0000E+00  0.0000E+00
     1    48     1     1        0  0.0000E+00  0.5716E-10  0.0000E+00  0.0000E+00
     1    48     1     2        0  0.0000E+00  0.2088E-10  0.0000E+00  0.0000E+00
     1    49     1     1        0  0.0000E+00  0.4269E-10  0.0000E+00  0.0000E+00
     1    49     1     2        0  0.0000E+00  0.1010E-11  0.0000E+00  0.0000E+00
     1    50     1     1        0  0.0000E+00  0.4109E-10  0.0000E+00  0.0000E+00
     1    50     1     2        0  0.0000E+00  0.8177E-12  0.0000E+00  0.0000E+00
     1    51     1     1        0  0.0000E+00  0.3307E-10  0.0000E+00  0.0000E+00
     1    51     1     2        0  0.0000E+00  0.1505E-10  0.0000E+00  0.0000E+00
     1    52     1     1        0  0.0000E+00  0.3312E-10  0.0000E+00  0.0000E+00
     1    52     1     2        0  0.0000E+00  0.2292E-10  0.0000E+00  0.0000E+00
     1    53     1     1        0  0.0000E+00  0.8103E-10  0.0000E+00  0.0000E+00
     1    53     1     2        0  0.0000E+00  0.4485E-10  0.0000E+00  0.0000E+00
     1    54     1     1        0  0.0000E+00  0.1269E-09  0.0000E+00  0.0000E+00
     1    54     1     2        0  0.0000E+00  0.1720E-10  0.0000E+00  0.0000E+00
     1    55     1     1        0  0.0000E+00  0.9160E-10  0.0000E+00  0.0000E+00
     1    55     1     2        0  0.0000E+00  0.1132E-10  0.0000E+00  0.0000E+00
     1    56     1     1        0  0.0000E+00  0.4413E-10  0.0000E+00  0.0000E+00
     1    56     1     2        0  0.0000E+00  0.1486E-11  0.0000E+00  0.0000E+00
     1    57     1     1        0  0.0000E+00  0.2660E-10  0.0000E+00  0.0000E+00
     1    57     1     2        0  0.0000E+00  0.4143E-10  0.0000E+00  0.0000E+00
     1    58     1     1        0  0.0000E+00  0.6699E-10  0.0000E+00  0.0000E+00
     1    58     1     2        0  0.0000E+00  0.3254E-10  0.0000E+00  0.0000E+00
     1    59     1     1        0  0.0000E+00  0.3922E-10  0.0000E+00  0.0000E+00
     1    59     1     2        0  0.0000E+00  0.3894E-10  0.0000E+00  0.0000E+00
     1    60     1     1        0  0.0000E+00  0.6819E-10  0.0000E+00  0.0000E+00
     1    60     1     2        0  0.0000E+00  0.1124E-10  0.0000E+00  0.0000E+00
     1    61     1     1        0  0.0000E+00  0.4408E-10  0.0000E+00  0.0000E+00
     1    61     1     2        0  0.0000E+00  0.1712E-10  0.0000E+00  0.0000E+00
     1    62     1     1        0  0.0000E+00  0.7190E-10  0.0000E+00  0.0000E+00
     1    62     1     2        0  0.0000E+00  0.2027E-10  0.0000E+00  0.0000E+00
     1    63     1     1        0  0.0000E+00  0.3976E-10  0.0000E+00  0.0000E+00
     1    63     1     2        0  0.0000E+00  0.3007E-10  0.0000E+00  0.0000E+00
     1    64     1     1        0  0.0000E+00  0.4339E-10  0.0000E+00  0.0000E+00
     1    64     1     2        0  0.0000E+00  0.8197E-11  0.0000E+00  0.0000E+00
     1    65     1     1        0  0.0000E+00  0.5391E-10  0.0000E+00  0.0000E+00
     1    65     1     2        0  0.0000E+00  0.1580E-10  0.0000E+00  0.0000E+00
     1    66     1     1        0  0.0000E+00  0.2839E-10  0.0000E+00  0.0000E+00
     1    66     1     2        0  0.0000E+00  0.1757E-11  0.0000E+00  0.0000E+00
     1    67     1     1        0  0.0000E+00  0.5202E-10  0.0000E+00  0.0000E+00
     1    67     1     2        0  0.0000E+00  0.9088E-12  0.0000E+00  0.0000E+00
     1    68     1     1        0  0.0000E+00  0.5055E-10  0.0000E+00  0.0000E+00
     1    68     1     2        0  0.0000E+00  0.2519E-10  0.0000E+00  0.0000E+00
     1    69     1     1        0  0.0000E+00  0.3403E-10  0.0000E+00  0.0000E+00
     1    69     1     2        0  0.0000E+00  0.5321E-11  0.0000E+00  0.0000E+00
     1    70     1     1        0  0.0000E+00  0.4543E-10  0.0000E+00  0.0000E+00
     1    70     1     2        0  0.0000E+00  0.1124E-10  0.0000E+00  0.0000E+00
     1    71     1     1        0  0.0000E+00  0.3320E-10  0.0000E+00  0.0000E+00
     1    71     1     2        0  0.0000E+00  0.1799E-10  0.0000E+00  0.0000E+00
     1    72     1     1        0  0.0000E+00  0.4370E-10  0.0000E+00  0.0000E+00
     1    72     1     2        0  0.0000E+00  0.2541E-10  0.0000E+00  0.0000E+00
     1    73     1     1        0  0.0000E+00  0.3289E-10  0.0000E+00  0.0000E+00
     1    73     1     2        0  0.0000E+00  0.8278E-11  0.0000E+00  0.0000E+00
     1    74     1     1        0  0.0000E+00  0.2538E-10  0.0000E+00  0.0000E+00
     1    74     1     2        0  0.0000E+00  0.1889E-10  0.0000E+00  0.0000E+00
     1    75     1     1        0  0.0000E+00  0.2835E-10  0.0000E+00  0.0000E+00
     1    75     1     2        0  0.0000E+00  0.1125E-10  0.0000E+00  0.0000E+00
     1    76     1     1        0  0.0000E+00  0.4450E-10  0.0000E+00  0.0000E+00
     1    76     1     2        0  0.0000E+00  0.1157E-10  0.0000E+00  0.0000E+00
     1    77     1     1        0  0.0000E+00  0.2863E-10  0.0000E+00  0.0000E+00
     1    77     1     2        0  0.0000E+00  0.1919E-10  0.0000E+00  0.0000E+00
     1    78     1     1        0  0.0000E+00  0.4798E-10  0.0000E+00  0.0000E+00
     1    78     1     2        0  0.0000E+00  0.1911E-10  0.0000E+00  0.0000E+00
     1    79     1     1        0  0.0000E+00  0.1693E-03  0.0000E+00  0.0000E+00
     1    79     1     2      336  0.9377E+01  0.1384E+02  0.0000E+00  0.0000E+00
     1    79     1     3      336  0.1251E-01  0.8006E-03  0.0000E+00  0.0000E+00
     1    80     1     1      336  0.2365E+02  0.2956E+02  0.0000E+00  0.0000E+00
     1    80     1     2      336  0.4109E-02  0.3230E-02  0.0000E+00  0.0000E+00
     1    81     1     1      336  0.1380E-02  0.2235E-01  0.0000E+00  0.0000E+00
     1    81     1     2      336  0.7318E-03  0.1837E-08  0.0000E+00  0.0000E+00
     1    82     1     1      336  0.8440E-03  0.2226E-01  0.0000E+00  0.0000E+00
     1    82     1     2      336  0.6626E-03  0.1825E-08  0.0000E+00  0.0000E+00
     1    83     1     1      336  0.7136E-03  0.2217E-01  0.0000E+00  0.0000E+00
     1    83     1     2      336  0.3064E-03  0.1813E-08  0.0000E+00  0.0000E+00
     1    84     1     1      336  0.3651E-03  0.2208E-01  0.0000E+00  0.0000E+00
     1    84     1     2      336  0.2011E-03  0.1806E-08  0.0000E+00  0.0000E+00
     1    85     1     1      336  0.2555E-03  0.2198E-01  0.0000E+00  0.0000E+00
     1    85     1     2      336  0.2376E-03  0.1764E-08  0.0000E+00  0.0000E+00
     1    86     1     1      336  0.1854E-03  0.2188E-01  0.0000E+00  0.0000E+00
     1    86     1     2      336  0.2018E-03  0.1767E-08  0.0000E+00  0.0000E+00
     1    87     1     1      336  0.1183E-03  0.2177E-01  0.0000E+00  0.0000E+00
     1    87     1     2      336  0.9577E-04  0.1759E-08  0.0000E+00  0.0000E+00
     1    88     1     1      336  0.2002E-03  0.2165E-01  0.0000E+00  0.0000E+00
     1    88     1     2      336  0.1440E-03  0.1763E-08  0.0000E+00  0.0000E+00
     1    89     1     1      336  0.9581E-04  0.2153E-01  0.0000E+00  0.0000E+00
     1    89     1     2      336  0.5677E-04  0.1724E-08  0.0000E+00  0.0000E+00
     1    90     1     1      336  0.9372E-04  0.2140E-01  0.0000E+00  0.0000E+00
     1    90     1     2      336  0.9154E-04  0.1712E-08  0.0000E+00  0.0000E+00
     1    91     1     1      336  0.8564E-04  0.2126E-01  0.0000E+00  0.0000E+00
     1    91     1     2      336  0.9449E-04  0.1706E-08  0.0000E+00  0.0000E+00
     1    92     1     1      336  0.9679E-04  0.2111E-01  0.0000E+00  0.0000E+00
     1    92     1     2      336  0.4291E-04  0.1671E-08  0.0000E+00  0.0000E+00
     1    93     1     1      336  0.6180E-04  0.2094E-01  0.0000E+00  0.0000E+00
     1    93     1     2      336  0.3165E-04  0.1643E-08  0.0000E+00  0.0000E+00
     1    94     1     1      336  0.5046E-04  0.2077E-01  0.0000E+00  0.0000E+00
     1    94     1     2      336  0.3581E-04  0.1637E-08  0.0000E+00  0.0000E+00
     1    95     1     1      336  0.3638E-04  0.2058E-01  0.0000E+00  0.0000E+00
     1    95     1     2      336  0.2798E-04  0.1612E-08  0.0000E+00  0.0000E+00
     1    96     1     1      336  0.4228E-04  0.2037E-01  0.0000E+00  0.0000E+00
     1    96     1     2      336  0.3501E-04  0.1616E-08  0.0000E+00  0.0000E+00
     1    97     1     1      336  0.6174E-04  0.2015E-01  0.0000E+00  0.0000E+00
     1    97     1     2      336  0.3766E-04  0.1583E-08  0.0000E+00  0.0000E+00
     1    98     1     1      336  0.4399E-04  0.1990E-01  0.0000E+00  0.0000E+00
     1    98     1     2      336  0.3570E-04  0.1542E-08  0.0000E+00  0.0000E+00
     1    99     1     1      336  0.3970E-04  0.1962E-01  0.0000E+00  0.0000E+00
     1    99     1     2      336  0.3533E-04  0.1522E-08  0.0000E+00  0.0000E+00
     1   100     1     1      336  0.3404E-04  0.1932E-01  0.0000E+00  0.0000E+00
     1   100     1     2      336  0.2729E-04  0.1487E-08  0.0000E+00  0.0000E+00
     1   101     1     1      336  0.3205E-04  0.1897E-01  0.0000E+00  0.0000E+00
     1   101     1     2      336  0.3147E-04  0.1453E-08  0.0000E+00  0.0000E+00
     1   102     1     1      336  0.1594E-04  0.1858E-01  0.0000E+00  0.0000E+00
     1   102     1     2      336  0.2135E-04  0.1415E-08  0.0000E+00  0.0000E+00
     1   103     1     1      336  0.2297E-04  0.1814E-01  0.0000E+00  0.0000E+00
     1   103     1     2      336  0.2141E-04  0.1386E-08  0.0000E+00  0.0000E+00
     1   104     1     1      336  0.2099E-04  0.1763E-01  0.0000E+00  0.0000E+00
     1   104     1     2      336  0.2154E-04  0.1333E-08  0.0000E+00  0.0000E+00
     1   105     1     1      336  0.1233E-04  0.1703E-01  0.0000E+00  0.0000E+00
     1   105     1     2      336  0.1874E-04  0.1266E-08  0.0000E+00  0.0000E+00
     1   106     1     1      336  0.3177E-04  0.1633E-01  0.0000E+00  0.0000E+00
     1   106     1     2      336  0.1848E-04  0.1227E-08  0.0000E+00  0.0000E+00
     1   107     1     1      336  0.1926E-04  0.1548E-01  0.0000E+00  0.0000E+00
     1   107     1     2      336  0.1015E-04  0.1139E-08  0.0000E+00  0.0000E+00
     1   108     1     1      336  0.1469E-04  0.1444E-01  0.0000E+00  0.0000E+00
     1   108     1     2      336  0.8499E-05  0.1061E-08  0.0000E+00  0.0000E+00
     1   109     1     1      336  0.1629E-04  0.1313E-01  0.0000E+00  0.0000E+00
     1   109     1     2      336  0.1517E-04  0.9903E-09  0.0000E+00  0.0000E+00
     1   110     1     1      336  0.2105E-04  0.1143E-01  0.0000E+00  0.0000E+00
     1   110     1     2      336  0.1391E-04  0.8621E-09  0.0000E+00  0.0000E+00
     1   111     1     1      336  0.9002E-05  0.9141E-02  0.0000E+00  0.0000E+00
     1   111     1     2      336  0.1735E-04  0.7624E-09  0.0000E+00  0.0000E+00
     1   112     1     1      336  0.2176E-04  0.1171E-01  0.0000E+00  0.0000E+00
     1   112     1     2      336  0.1028E-04  0.6817E-09  0.0000E+00  0.0000E+00
     1   113     1     1      336  0.1674E-04  0.1595E-01  0.0000E+00  0.0000E+00
     1   113     1     2      336  0.1141E-04  0.6249E-09  0.0000E+00  0.0000E+00
     1   114     1     1      336  0.1728E-04  0.2333E-01  0.0000E+00  0.0000E+00
     1   114     1     2      336  0.1005E-04  0.8554E-09  0.0000E+00  0.0000E+00
     1   115     1     1      336  0.1597E-04  0.3946E-01  0.0000E+00  0.0000E+00
     1   115     1     2      336  0.1456E-04  0.2953E-08  0.0000E+00  0.0000E+00
     1   116     1     1      336  0.1121E-04  0.7003E-01  0.0000E+00  0.0000E+00
     1   116     1     2      336  0.8057E-05  0.9316E-08  0.0000E+00  0.0000E+00
